ARM GAS  /tmp/ccem5bXQ.s 			page 1


   1              		.cpu cortex-m4
   2              		.eabi_attribute 20, 1
   3              		.eabi_attribute 21, 1
   4              		.eabi_attribute 23, 3
   5              		.eabi_attribute 24, 1
   6              		.eabi_attribute 25, 1
   7              		.eabi_attribute 26, 1
   8              		.eabi_attribute 30, 1
   9              		.eabi_attribute 34, 1
  10              		.eabi_attribute 18, 4
  11              		.file	"main.c"
  12              		.text
  13              	.Ltext0:
  14              		.cfi_sections	.debug_frame
  15              		.section	.text.main,"ax",%progbits
  16              		.align	1
  17              		.global	main
  18              		.syntax unified
  19              		.thumb
  20              		.thumb_func
  21              		.fpu softvfp
  23              	main:
  24              	.LFB113:
  25              		.file 1 "USER/main.c"
   1:USER/main.c   **** #include "24cxx.h"
   2:USER/main.c   **** #include "ad9959.h"
   3:USER/main.c   **** #include "adf4351.h"
   4:USER/main.c   **** #include "delay.h"
   5:USER/main.c   **** #include "exti.h"
   6:USER/main.c   **** #include "key.h"
   7:USER/main.c   **** #include "myiic.h"
   8:USER/main.c   **** #include "stm32f4xx.h"
   9:USER/main.c   **** #include "sys.h"
  10:USER/main.c   **** #include "timer.h"
  11:USER/main.c   **** #include "usart.h"
  12:USER/main.c   **** #include "zlg7290.h"
  13:USER/main.c   **** 
  14:USER/main.c   **** u16 x = 0;
  15:USER/main.c   **** u32 CNT = 0;
  16:USER/main.c   **** float frequency = 40.700;
  17:USER/main.c   **** float n = 0;
  18:USER/main.c   **** int main(void)
  19:USER/main.c   **** {
  26              		.loc 1 19 0
  27              		.cfi_startproc
  28              		@ args = 0, pretend = 0, frame = 0
  29              		@ frame_needed = 0, uses_anonymous_args = 0
  30 0000 08B5     		push	{r3, lr}
  31              	.LCFI0:
  32              		.cfi_def_cfa_offset 8
  33              		.cfi_offset 3, -8
  34              		.cfi_offset 14, -4
  35              	.LVL0:
  20:USER/main.c   ****   u16 t;
  21:USER/main.c   ****   u8 y = 0;
  22:USER/main.c   ****   NVIC_PriorityGroupConfig(NVIC_PriorityGroup_2);
  36              		.loc 1 22 0
ARM GAS  /tmp/ccem5bXQ.s 			page 2


  37 0002 4FF4A060 		mov	r0, #1280
  38 0006 FFF7FEFF 		bl	NVIC_PriorityGroupConfig
  39              	.LVL1:
  23:USER/main.c   ****   uart_init(115200);
  40              		.loc 1 23 0
  41 000a 4FF4E130 		mov	r0, #115200
  42 000e FFF7FEFF 		bl	uart_init
  43              	.LVL2:
  24:USER/main.c   ****   delay_init(168);
  44              		.loc 1 24 0
  45 0012 A820     		movs	r0, #168
  46 0014 FFF7FEFF 		bl	delay_init
  47              	.LVL3:
  25:USER/main.c   ****   //	IIC_Init();
  26:USER/main.c   ****   //	EXTIX_Init();
  27:USER/main.c   ****   //	ZLGKeyBoard_Init();
  28:USER/main.c   ****   KEY_Init();
  48              		.loc 1 28 0
  49 0018 FFF7FEFF 		bl	KEY_Init
  50              	.LVL4:
  29:USER/main.c   ****   TIM3_Int_Init(1000 - 1, 8400 - 1); // 500ms
  51              		.loc 1 29 0
  52 001c 42F2CF01 		movw	r1, #8399
  53 0020 40F2E730 		movw	r0, #999
  54 0024 FFF7FEFF 		bl	TIM3_Int_Init
  55              	.LVL5:
  30:USER/main.c   ****   TIM2_Int_Init();
  56              		.loc 1 30 0
  57 0028 FFF7FEFF 		bl	TIM2_Int_Init
  58              	.LVL6:
  31:USER/main.c   ****   TIM2_Mode_Sec();
  59              		.loc 1 31 0
  60 002c FFF7FEFF 		bl	TIM2_Mode_Sec
  61              	.LVL7:
  62              	.L2:
  63 0030 FEE7     		b	.L2
  64              		.cfi_endproc
  65              	.LFE113:
  67              		.global	n
  68              		.global	frequency
  69              		.global	CNT
  70              		.global	x
  71              		.section	.bss.CNT,"aw",%nobits
  72              		.align	2
  75              	CNT:
  76 0000 00000000 		.space	4
  77              		.section	.bss.n,"aw",%nobits
  78              		.align	2
  81              	n:
  82 0000 00000000 		.space	4
  83              		.section	.bss.x,"aw",%nobits
  84              		.align	1
  87              	x:
  88 0000 0000     		.space	2
  89              		.section	.data.frequency,"aw",%progbits
  90              		.align	2
  93              	frequency:
ARM GAS  /tmp/ccem5bXQ.s 			page 3


  94 0000 CDCC2242 		.word	1109576909
  95              		.text
  96              	.Letext0:
  97              		.file 2 "/usr/include/newlib/machine/_default_types.h"
  98              		.file 3 "/usr/include/newlib/sys/_stdint.h"
  99              		.file 4 "CORE/core_cm4.h"
 100              		.file 5 "USER/system_stm32f4xx.h"
 101              		.file 6 "USER/stm32f4xx.h"
 102              		.file 7 "HARDWARE/EXTI/exti.h"
 103              		.file 8 "/usr/include/newlib/sys/lock.h"
 104              		.file 9 "/usr/include/newlib/sys/_types.h"
 105              		.file 10 "/usr/lib/gcc/arm-none-eabi/6.3.1/include/stddef.h"
 106              		.file 11 "/usr/include/newlib/sys/reent.h"
 107              		.file 12 "SYSTEM/usart/usart.h"
 108              		.file 13 "FWLIB/inc/misc.h"
 109              		.file 14 "SYSTEM/delay/delay.h"
 110              		.file 15 "HARDWARE/key/key.h"
 111              		.file 16 "HARDWARE/TIM/timer.h"
ARM GAS  /tmp/ccem5bXQ.s 			page 4


DEFINED SYMBOLS
                            *ABS*:0000000000000000 main.c
     /tmp/ccem5bXQ.s:16     .text.main:0000000000000000 $t
     /tmp/ccem5bXQ.s:23     .text.main:0000000000000000 main
     /tmp/ccem5bXQ.s:81     .bss.n:0000000000000000 n
     /tmp/ccem5bXQ.s:93     .data.frequency:0000000000000000 frequency
     /tmp/ccem5bXQ.s:75     .bss.CNT:0000000000000000 CNT
     /tmp/ccem5bXQ.s:87     .bss.x:0000000000000000 x
     /tmp/ccem5bXQ.s:72     .bss.CNT:0000000000000000 $d
     /tmp/ccem5bXQ.s:78     .bss.n:0000000000000000 $d
     /tmp/ccem5bXQ.s:84     .bss.x:0000000000000000 $d
     /tmp/ccem5bXQ.s:90     .data.frequency:0000000000000000 $d
                     .debug_frame:0000000000000010 $d

UNDEFINED SYMBOLS
NVIC_PriorityGroupConfig
uart_init
delay_init
KEY_Init
TIM3_Int_Init
TIM2_Int_Init
TIM2_Mode_Sec
