ARM GAS  /tmp/ccvca7TU.s 			page 1


   1              		.cpu cortex-m4
   2              		.eabi_attribute 20, 1
   3              		.eabi_attribute 21, 1
   4              		.eabi_attribute 23, 3
   5              		.eabi_attribute 24, 1
   6              		.eabi_attribute 25, 1
   7              		.eabi_attribute 26, 1
   8              		.eabi_attribute 30, 1
   9              		.eabi_attribute 34, 1
  10              		.eabi_attribute 18, 4
  11              		.file	"myiic.c"
  12              		.text
  13              	.Ltext0:
  14              		.cfi_sections	.debug_frame
  15              		.section	.text.IIC_Init,"ax",%progbits
  16              		.align	1
  17              		.global	IIC_Init
  18              		.syntax unified
  19              		.thumb
  20              		.thumb_func
  21              		.fpu softvfp
  23              	IIC_Init:
  24              	.LFB112:
  25              		.file 1 "HARDWARE/IIC/myiic.c"
   1:HARDWARE/IIC/myiic.c **** #include "myiic.h"
   2:HARDWARE/IIC/myiic.c **** #include "delay.h"
   3:HARDWARE/IIC/myiic.c **** //////////////////////////////////////////////////////////////////////////////////	 
   4:HARDWARE/IIC/myiic.c **** //本程序只供学习使用，未经作者许可，不得用于其它任何用途
   5:HARDWARE/IIC/myiic.c **** //ALIENTEK STM32F407开发板
   6:HARDWARE/IIC/myiic.c **** //IIC 驱动代码	   
   7:HARDWARE/IIC/myiic.c **** //正点原子@ALIENTEK
   8:HARDWARE/IIC/myiic.c **** //技术论坛:www.openedv.com
   9:HARDWARE/IIC/myiic.c **** //创建日期:2014/5/6
  10:HARDWARE/IIC/myiic.c **** //版本：V1.0
  11:HARDWARE/IIC/myiic.c **** //版权所有，盗版必究。
  12:HARDWARE/IIC/myiic.c **** //Copyright(C) 广州市星翼电子科技有限公司 2014-2024
  13:HARDWARE/IIC/myiic.c **** //All rights reserved									  
  14:HARDWARE/IIC/myiic.c **** ////////////////////////////////////////////////////////////////////////////////// 	
  15:HARDWARE/IIC/myiic.c **** 
  16:HARDWARE/IIC/myiic.c **** //初始化IIC
  17:HARDWARE/IIC/myiic.c **** void IIC_Init(void)
  18:HARDWARE/IIC/myiic.c **** {			
  26              		.loc 1 18 0
  27              		.cfi_startproc
  28              		@ args = 0, pretend = 0, frame = 8
  29              		@ frame_needed = 0, uses_anonymous_args = 0
  30 0000 10B5     		push	{r4, lr}
  31              	.LCFI0:
  32              		.cfi_def_cfa_offset 8
  33              		.cfi_offset 4, -8
  34              		.cfi_offset 14, -4
  35 0002 82B0     		sub	sp, sp, #8
  36              	.LCFI1:
  37              		.cfi_def_cfa_offset 16
  19:HARDWARE/IIC/myiic.c ****   GPIO_InitTypeDef  GPIO_InitStructure;
  20:HARDWARE/IIC/myiic.c **** 
  21:HARDWARE/IIC/myiic.c ****   RCC_AHB1PeriphClockCmd(RCC_AHB1Periph_GPIOB, ENABLE);//使能GPIOB时钟
ARM GAS  /tmp/ccvca7TU.s 			page 2


  38              		.loc 1 21 0
  39 0004 0121     		movs	r1, #1
  40 0006 0220     		movs	r0, #2
  41 0008 FFF7FEFF 		bl	RCC_AHB1PeriphClockCmd
  42              	.LVL0:
  22:HARDWARE/IIC/myiic.c **** 
  23:HARDWARE/IIC/myiic.c ****   //GPIOB8,B9初始化设置
  24:HARDWARE/IIC/myiic.c ****   GPIO_InitStructure.GPIO_Pin = GPIO_Pin_8 | GPIO_Pin_9;
  43              		.loc 1 24 0
  44 000c 4FF44073 		mov	r3, #768
  45 0010 0093     		str	r3, [sp]
  25:HARDWARE/IIC/myiic.c ****   GPIO_InitStructure.GPIO_Mode = GPIO_Mode_OUT;//普通输出模式
  46              		.loc 1 25 0
  47 0012 0124     		movs	r4, #1
  48 0014 8DF80440 		strb	r4, [sp, #4]
  26:HARDWARE/IIC/myiic.c ****   GPIO_InitStructure.GPIO_OType = GPIO_OType_PP;//推挽输出
  49              		.loc 1 26 0
  50 0018 0023     		movs	r3, #0
  51 001a 8DF80630 		strb	r3, [sp, #6]
  27:HARDWARE/IIC/myiic.c ****   GPIO_InitStructure.GPIO_Speed = GPIO_Speed_100MHz;//100MHz
  52              		.loc 1 27 0
  53 001e 0323     		movs	r3, #3
  54 0020 8DF80530 		strb	r3, [sp, #5]
  28:HARDWARE/IIC/myiic.c ****   GPIO_InitStructure.GPIO_PuPd = GPIO_PuPd_UP;//上拉
  55              		.loc 1 28 0
  56 0024 8DF80740 		strb	r4, [sp, #7]
  29:HARDWARE/IIC/myiic.c ****   GPIO_Init(GPIOB, &GPIO_InitStructure);//初始化
  57              		.loc 1 29 0
  58 0028 6946     		mov	r1, sp
  59 002a 0448     		ldr	r0, .L3
  60 002c FFF7FEFF 		bl	GPIO_Init
  61              	.LVL1:
  30:HARDWARE/IIC/myiic.c **** 	IIC_SCL=1;
  62              		.loc 1 30 0
  63 0030 034B     		ldr	r3, .L3+4
  64 0032 1C60     		str	r4, [r3]
  31:HARDWARE/IIC/myiic.c **** 	IIC_SDA=1;
  65              		.loc 1 31 0
  66 0034 0433     		adds	r3, r3, #4
  67 0036 1C60     		str	r4, [r3]
  32:HARDWARE/IIC/myiic.c **** }
  68              		.loc 1 32 0
  69 0038 02B0     		add	sp, sp, #8
  70              	.LCFI2:
  71              		.cfi_def_cfa_offset 8
  72              		@ sp needed
  73 003a 10BD     		pop	{r4, pc}
  74              	.L4:
  75              		.align	2
  76              	.L3:
  77 003c 00040240 		.word	1073873920
  78 0040 A0824042 		.word	1111524000
  79              		.cfi_endproc
  80              	.LFE112:
  82              		.section	.text.IIC_Start,"ax",%progbits
  83              		.align	1
  84              		.global	IIC_Start
ARM GAS  /tmp/ccvca7TU.s 			page 3


  85              		.syntax unified
  86              		.thumb
  87              		.thumb_func
  88              		.fpu softvfp
  90              	IIC_Start:
  91              	.LFB113:
  33:HARDWARE/IIC/myiic.c **** //产生IIC起始信号
  34:HARDWARE/IIC/myiic.c **** void IIC_Start(void)
  35:HARDWARE/IIC/myiic.c **** {
  92              		.loc 1 35 0
  93              		.cfi_startproc
  94              		@ args = 0, pretend = 0, frame = 0
  95              		@ frame_needed = 0, uses_anonymous_args = 0
  96 0000 70B5     		push	{r4, r5, r6, lr}
  97              	.LCFI3:
  98              		.cfi_def_cfa_offset 16
  99              		.cfi_offset 4, -16
 100              		.cfi_offset 5, -12
 101              		.cfi_offset 6, -8
 102              		.cfi_offset 14, -4
  36:HARDWARE/IIC/myiic.c **** 	SDA_OUT();     //sda线输出
 103              		.loc 1 36 0
 104 0002 0F4B     		ldr	r3, .L7
 105 0004 1A68     		ldr	r2, [r3]
 106 0006 22F44022 		bic	r2, r2, #786432
 107 000a 1A60     		str	r2, [r3]
 108 000c 1A68     		ldr	r2, [r3]
 109 000e 42F48022 		orr	r2, r2, #262144
 110 0012 1A60     		str	r2, [r3]
  37:HARDWARE/IIC/myiic.c **** 	IIC_SDA=1;
 111              		.loc 1 37 0
 112 0014 0B4E     		ldr	r6, .L7+4
 113 0016 0125     		movs	r5, #1
 114 0018 3560     		str	r5, [r6]
  38:HARDWARE/IIC/myiic.c **** 	delay_us(20);		
 115              		.loc 1 38 0
 116 001a 1420     		movs	r0, #20
 117 001c FFF7FEFF 		bl	delay_us
 118              	.LVL2:
  39:HARDWARE/IIC/myiic.c **** 	IIC_SCL=1;
 119              		.loc 1 39 0
 120 0020 094C     		ldr	r4, .L7+8
 121 0022 2560     		str	r5, [r4]
  40:HARDWARE/IIC/myiic.c **** 	//delay_us(4);
  41:HARDWARE/IIC/myiic.c **** 	delay_us(20);	
 122              		.loc 1 41 0
 123 0024 1420     		movs	r0, #20
 124 0026 FFF7FEFF 		bl	delay_us
 125              	.LVL3:
  42:HARDWARE/IIC/myiic.c ****  	IIC_SDA=0;//START:when CLK is high,DATA change form high to low 
 126              		.loc 1 42 0
 127 002a 0025     		movs	r5, #0
 128 002c 3560     		str	r5, [r6]
  43:HARDWARE/IIC/myiic.c **** 	delay_us(20);	
 129              		.loc 1 43 0
 130 002e 1420     		movs	r0, #20
 131 0030 FFF7FEFF 		bl	delay_us
ARM GAS  /tmp/ccvca7TU.s 			page 4


 132              	.LVL4:
  44:HARDWARE/IIC/myiic.c **** 	//delay_us(4);
  45:HARDWARE/IIC/myiic.c **** 	IIC_SCL=0;//钳住I2C总线，准备发送或接收数据 
 133              		.loc 1 45 0
 134 0034 2560     		str	r5, [r4]
  46:HARDWARE/IIC/myiic.c **** 	delay_us(20);	
 135              		.loc 1 46 0
 136 0036 1420     		movs	r0, #20
 137 0038 FFF7FEFF 		bl	delay_us
 138              	.LVL5:
 139 003c 70BD     		pop	{r4, r5, r6, pc}
 140              	.L8:
 141 003e 00BF     		.align	2
 142              	.L7:
 143 0040 00040240 		.word	1073873920
 144 0044 A4824042 		.word	1111524004
 145 0048 A0824042 		.word	1111524000
 146              		.cfi_endproc
 147              	.LFE113:
 149              		.section	.text.IIC_Stop,"ax",%progbits
 150              		.align	1
 151              		.global	IIC_Stop
 152              		.syntax unified
 153              		.thumb
 154              		.thumb_func
 155              		.fpu softvfp
 157              	IIC_Stop:
 158              	.LFB114:
  47:HARDWARE/IIC/myiic.c **** }	  
  48:HARDWARE/IIC/myiic.c **** //产生IIC停止信号
  49:HARDWARE/IIC/myiic.c **** void IIC_Stop(void)
  50:HARDWARE/IIC/myiic.c **** {
 159              		.loc 1 50 0
 160              		.cfi_startproc
 161              		@ args = 0, pretend = 0, frame = 0
 162              		@ frame_needed = 0, uses_anonymous_args = 0
 163 0000 70B5     		push	{r4, r5, r6, lr}
 164              	.LCFI4:
 165              		.cfi_def_cfa_offset 16
 166              		.cfi_offset 4, -16
 167              		.cfi_offset 5, -12
 168              		.cfi_offset 6, -8
 169              		.cfi_offset 14, -4
  51:HARDWARE/IIC/myiic.c **** 	SDA_OUT();//sda线输出
 170              		.loc 1 51 0
 171 0002 0D4B     		ldr	r3, .L11
 172 0004 1A68     		ldr	r2, [r3]
 173 0006 22F44022 		bic	r2, r2, #786432
 174 000a 1A60     		str	r2, [r3]
 175 000c 1A68     		ldr	r2, [r3]
 176 000e 42F48022 		orr	r2, r2, #262144
 177 0012 1A60     		str	r2, [r3]
  52:HARDWARE/IIC/myiic.c **** 	IIC_SCL=0;delay_us(20);	
 178              		.loc 1 52 0
 179 0014 094E     		ldr	r6, .L11+4
 180 0016 0025     		movs	r5, #0
 181 0018 3560     		str	r5, [r6]
ARM GAS  /tmp/ccvca7TU.s 			page 5


 182 001a 1420     		movs	r0, #20
 183 001c FFF7FEFF 		bl	delay_us
 184              	.LVL6:
  53:HARDWARE/IIC/myiic.c **** 	IIC_SDA=0;//STOP:when CLK is high DATA change form low to high
 185              		.loc 1 53 0
 186 0020 074C     		ldr	r4, .L11+8
 187 0022 2560     		str	r5, [r4]
  54:HARDWARE/IIC/myiic.c ****  	//delay_us(4);
  55:HARDWARE/IIC/myiic.c **** 	delay_us(20);	
 188              		.loc 1 55 0
 189 0024 1420     		movs	r0, #20
 190 0026 FFF7FEFF 		bl	delay_us
 191              	.LVL7:
  56:HARDWARE/IIC/myiic.c **** 	IIC_SCL=1; delay_us(20);	
 192              		.loc 1 56 0
 193 002a 0125     		movs	r5, #1
 194 002c 3560     		str	r5, [r6]
 195 002e 1420     		movs	r0, #20
 196 0030 FFF7FEFF 		bl	delay_us
 197              	.LVL8:
  57:HARDWARE/IIC/myiic.c **** 	IIC_SDA=1;//发送I2C总线结束信号
 198              		.loc 1 57 0
 199 0034 2560     		str	r5, [r4]
 200 0036 70BD     		pop	{r4, r5, r6, pc}
 201              	.L12:
 202              		.align	2
 203              	.L11:
 204 0038 00040240 		.word	1073873920
 205 003c A0824042 		.word	1111524000
 206 0040 A4824042 		.word	1111524004
 207              		.cfi_endproc
 208              	.LFE114:
 210              		.section	.text.IIC_Wait_Ack,"ax",%progbits
 211              		.align	1
 212              		.global	IIC_Wait_Ack
 213              		.syntax unified
 214              		.thumb
 215              		.thumb_func
 216              		.fpu softvfp
 218              	IIC_Wait_Ack:
 219              	.LFB115:
  58:HARDWARE/IIC/myiic.c **** 	//delay_us(4);							   	
  59:HARDWARE/IIC/myiic.c **** }
  60:HARDWARE/IIC/myiic.c **** //等待应答信号到来
  61:HARDWARE/IIC/myiic.c **** //返回值：1，接收应答失败
  62:HARDWARE/IIC/myiic.c **** //        0，接收应答成功
  63:HARDWARE/IIC/myiic.c **** u8 IIC_Wait_Ack(void)
  64:HARDWARE/IIC/myiic.c **** {
 220              		.loc 1 64 0
 221              		.cfi_startproc
 222              		@ args = 0, pretend = 0, frame = 0
 223              		@ frame_needed = 0, uses_anonymous_args = 0
 224 0000 10B5     		push	{r4, lr}
 225              	.LCFI5:
 226              		.cfi_def_cfa_offset 8
 227              		.cfi_offset 4, -8
 228              		.cfi_offset 14, -4
ARM GAS  /tmp/ccvca7TU.s 			page 6


 229              	.LVL9:
  65:HARDWARE/IIC/myiic.c **** 	u16 ucErrTime=0;
  66:HARDWARE/IIC/myiic.c **** 	SDA_IN();      //SDA设置为输入  
 230              		.loc 1 66 0
 231 0002 134B     		ldr	r3, .L19
 232 0004 1A68     		ldr	r2, [r3]
 233 0006 22F44022 		bic	r2, r2, #786432
 234 000a 1A60     		str	r2, [r3]
 235 000c 1A68     		ldr	r2, [r3]
 236 000e 1A60     		str	r2, [r3]
  67:HARDWARE/IIC/myiic.c **** 	IIC_SDA=1;delay_us(20);	//delay_us(1);	   
 237              		.loc 1 67 0
 238 0010 0124     		movs	r4, #1
 239 0012 104B     		ldr	r3, .L19+4
 240 0014 1C60     		str	r4, [r3]
 241 0016 1420     		movs	r0, #20
 242 0018 FFF7FEFF 		bl	delay_us
 243              	.LVL10:
  68:HARDWARE/IIC/myiic.c **** 	IIC_SCL=1;delay_us(20);	//delay_us(1);	 
 244              		.loc 1 68 0
 245 001c 0E4B     		ldr	r3, .L19+8
 246 001e 1C60     		str	r4, [r3]
 247 0020 1420     		movs	r0, #20
 248 0022 FFF7FEFF 		bl	delay_us
 249              	.LVL11:
  65:HARDWARE/IIC/myiic.c **** 	u16 ucErrTime=0;
 250              		.loc 1 65 0
 251 0026 0023     		movs	r3, #0
 252              	.LVL12:
 253              	.L14:
  69:HARDWARE/IIC/myiic.c **** 	while(READ_SDA)
 254              		.loc 1 69 0
 255 0028 0C4A     		ldr	r2, .L19+12
 256 002a 1268     		ldr	r2, [r2]
 257 002c 42B1     		cbz	r2, .L18
  70:HARDWARE/IIC/myiic.c **** 	{
  71:HARDWARE/IIC/myiic.c **** 		ucErrTime++;
 258              		.loc 1 71 0
 259 002e 0133     		adds	r3, r3, #1
 260              	.LVL13:
 261 0030 9BB2     		uxth	r3, r3
 262              	.LVL14:
  72:HARDWARE/IIC/myiic.c **** 		if(ucErrTime>1000)//原始为250
 263              		.loc 1 72 0
 264 0032 B3F57A7F 		cmp	r3, #1000
 265 0036 F7D9     		bls	.L14
  73:HARDWARE/IIC/myiic.c **** 		{
  74:HARDWARE/IIC/myiic.c **** 			IIC_Stop();
 266              		.loc 1 74 0
 267 0038 FFF7FEFF 		bl	IIC_Stop
 268              	.LVL15:
  75:HARDWARE/IIC/myiic.c **** 			return 1;
 269              		.loc 1 75 0
 270 003c 0120     		movs	r0, #1
 271 003e 10BD     		pop	{r4, pc}
 272              	.LVL16:
 273              	.L18:
ARM GAS  /tmp/ccvca7TU.s 			page 7


  76:HARDWARE/IIC/myiic.c **** 		}
  77:HARDWARE/IIC/myiic.c **** 	}
  78:HARDWARE/IIC/myiic.c **** 	IIC_SCL=0;delay_us(20);	//时钟输出0 	   
 274              		.loc 1 78 0
 275 0040 0024     		movs	r4, #0
 276 0042 054B     		ldr	r3, .L19+8
 277              	.LVL17:
 278 0044 1C60     		str	r4, [r3]
 279 0046 1420     		movs	r0, #20
 280 0048 FFF7FEFF 		bl	delay_us
 281              	.LVL18:
  79:HARDWARE/IIC/myiic.c **** 	return 0;  
 282              		.loc 1 79 0
 283 004c 2046     		mov	r0, r4
  80:HARDWARE/IIC/myiic.c **** } 
 284              		.loc 1 80 0
 285 004e 10BD     		pop	{r4, pc}
 286              	.L20:
 287              		.align	2
 288              	.L19:
 289 0050 00040240 		.word	1073873920
 290 0054 A4824042 		.word	1111524004
 291 0058 A0824042 		.word	1111524000
 292 005c 24824042 		.word	1111523876
 293              		.cfi_endproc
 294              	.LFE115:
 296              		.section	.text.IIC_Ack,"ax",%progbits
 297              		.align	1
 298              		.global	IIC_Ack
 299              		.syntax unified
 300              		.thumb
 301              		.thumb_func
 302              		.fpu softvfp
 304              	IIC_Ack:
 305              	.LFB116:
  81:HARDWARE/IIC/myiic.c **** //产生ACK应答
  82:HARDWARE/IIC/myiic.c **** void IIC_Ack(void)
  83:HARDWARE/IIC/myiic.c **** {
 306              		.loc 1 83 0
 307              		.cfi_startproc
 308              		@ args = 0, pretend = 0, frame = 0
 309              		@ frame_needed = 0, uses_anonymous_args = 0
 310 0000 38B5     		push	{r3, r4, r5, lr}
 311              	.LCFI6:
 312              		.cfi_def_cfa_offset 16
 313              		.cfi_offset 3, -16
 314              		.cfi_offset 4, -12
 315              		.cfi_offset 5, -8
 316              		.cfi_offset 14, -4
  84:HARDWARE/IIC/myiic.c **** 	IIC_SCL=0;
 317              		.loc 1 84 0
 318 0002 0F4C     		ldr	r4, .L23
 319 0004 0025     		movs	r5, #0
 320 0006 2560     		str	r5, [r4]
  85:HARDWARE/IIC/myiic.c **** 	delay_us(20);	
 321              		.loc 1 85 0
 322 0008 1420     		movs	r0, #20
ARM GAS  /tmp/ccvca7TU.s 			page 8


 323 000a FFF7FEFF 		bl	delay_us
 324              	.LVL19:
  86:HARDWARE/IIC/myiic.c **** 	SDA_OUT();
 325              		.loc 1 86 0
 326 000e 0D4B     		ldr	r3, .L23+4
 327 0010 1A68     		ldr	r2, [r3]
 328 0012 22F44022 		bic	r2, r2, #786432
 329 0016 1A60     		str	r2, [r3]
 330 0018 1A68     		ldr	r2, [r3]
 331 001a 42F48022 		orr	r2, r2, #262144
 332 001e 1A60     		str	r2, [r3]
  87:HARDWARE/IIC/myiic.c **** 	IIC_SDA=0;
 333              		.loc 1 87 0
 334 0020 094B     		ldr	r3, .L23+8
 335 0022 1D60     		str	r5, [r3]
  88:HARDWARE/IIC/myiic.c **** 	delay_us(20);	
 336              		.loc 1 88 0
 337 0024 1420     		movs	r0, #20
 338 0026 FFF7FEFF 		bl	delay_us
 339              	.LVL20:
  89:HARDWARE/IIC/myiic.c **** 	//delay_us(2);
  90:HARDWARE/IIC/myiic.c **** 	IIC_SCL=1;
 340              		.loc 1 90 0
 341 002a 0123     		movs	r3, #1
 342 002c 2360     		str	r3, [r4]
  91:HARDWARE/IIC/myiic.c **** 	delay_us(20);	
 343              		.loc 1 91 0
 344 002e 1420     		movs	r0, #20
 345 0030 FFF7FEFF 		bl	delay_us
 346              	.LVL21:
  92:HARDWARE/IIC/myiic.c **** 	//delay_us(2);
  93:HARDWARE/IIC/myiic.c **** 	IIC_SCL=0;
 347              		.loc 1 93 0
 348 0034 2560     		str	r5, [r4]
  94:HARDWARE/IIC/myiic.c **** 	delay_us(20);	
 349              		.loc 1 94 0
 350 0036 1420     		movs	r0, #20
 351 0038 FFF7FEFF 		bl	delay_us
 352              	.LVL22:
 353 003c 38BD     		pop	{r3, r4, r5, pc}
 354              	.L24:
 355 003e 00BF     		.align	2
 356              	.L23:
 357 0040 A0824042 		.word	1111524000
 358 0044 00040240 		.word	1073873920
 359 0048 A4824042 		.word	1111524004
 360              		.cfi_endproc
 361              	.LFE116:
 363              		.section	.text.IIC_NAck,"ax",%progbits
 364              		.align	1
 365              		.global	IIC_NAck
 366              		.syntax unified
 367              		.thumb
 368              		.thumb_func
 369              		.fpu softvfp
 371              	IIC_NAck:
 372              	.LFB117:
ARM GAS  /tmp/ccvca7TU.s 			page 9


  95:HARDWARE/IIC/myiic.c **** }
  96:HARDWARE/IIC/myiic.c **** //不产生ACK应答		    
  97:HARDWARE/IIC/myiic.c **** void IIC_NAck(void)
  98:HARDWARE/IIC/myiic.c **** {
 373              		.loc 1 98 0
 374              		.cfi_startproc
 375              		@ args = 0, pretend = 0, frame = 0
 376              		@ frame_needed = 0, uses_anonymous_args = 0
 377 0000 70B5     		push	{r4, r5, r6, lr}
 378              	.LCFI7:
 379              		.cfi_def_cfa_offset 16
 380              		.cfi_offset 4, -16
 381              		.cfi_offset 5, -12
 382              		.cfi_offset 6, -8
 383              		.cfi_offset 14, -4
  99:HARDWARE/IIC/myiic.c **** 	IIC_SCL=0;
 384              		.loc 1 99 0
 385 0002 0D4C     		ldr	r4, .L27
 386 0004 0025     		movs	r5, #0
 387 0006 2560     		str	r5, [r4]
 100:HARDWARE/IIC/myiic.c **** 	delay_us(20);	
 388              		.loc 1 100 0
 389 0008 1420     		movs	r0, #20
 390 000a FFF7FEFF 		bl	delay_us
 391              	.LVL23:
 101:HARDWARE/IIC/myiic.c **** 	SDA_OUT();
 392              		.loc 1 101 0
 393 000e 0B4B     		ldr	r3, .L27+4
 394 0010 1A68     		ldr	r2, [r3]
 395 0012 22F44022 		bic	r2, r2, #786432
 396 0016 1A60     		str	r2, [r3]
 397 0018 1A68     		ldr	r2, [r3]
 398 001a 42F48022 		orr	r2, r2, #262144
 399 001e 1A60     		str	r2, [r3]
 102:HARDWARE/IIC/myiic.c **** 	IIC_SDA=1;
 400              		.loc 1 102 0
 401 0020 0126     		movs	r6, #1
 402 0022 074B     		ldr	r3, .L27+8
 403 0024 1E60     		str	r6, [r3]
 103:HARDWARE/IIC/myiic.c **** 	delay_us(20);	
 404              		.loc 1 103 0
 405 0026 1420     		movs	r0, #20
 406 0028 FFF7FEFF 		bl	delay_us
 407              	.LVL24:
 104:HARDWARE/IIC/myiic.c **** 	//delay_us(2);
 105:HARDWARE/IIC/myiic.c **** 	IIC_SCL=1;
 408              		.loc 1 105 0
 409 002c 2660     		str	r6, [r4]
 106:HARDWARE/IIC/myiic.c **** 	delay_us(20);	
 410              		.loc 1 106 0
 411 002e 1420     		movs	r0, #20
 412 0030 FFF7FEFF 		bl	delay_us
 413              	.LVL25:
 107:HARDWARE/IIC/myiic.c **** 	//delay_us(2);
 108:HARDWARE/IIC/myiic.c **** 	IIC_SCL=0;
 414              		.loc 1 108 0
 415 0034 2560     		str	r5, [r4]
ARM GAS  /tmp/ccvca7TU.s 			page 10


 416 0036 70BD     		pop	{r4, r5, r6, pc}
 417              	.L28:
 418              		.align	2
 419              	.L27:
 420 0038 A0824042 		.word	1111524000
 421 003c 00040240 		.word	1073873920
 422 0040 A4824042 		.word	1111524004
 423              		.cfi_endproc
 424              	.LFE117:
 426              		.section	.text.IIC_Send_Byte,"ax",%progbits
 427              		.align	1
 428              		.global	IIC_Send_Byte
 429              		.syntax unified
 430              		.thumb
 431              		.thumb_func
 432              		.fpu softvfp
 434              	IIC_Send_Byte:
 435              	.LFB118:
 109:HARDWARE/IIC/myiic.c **** }					 				     
 110:HARDWARE/IIC/myiic.c **** //IIC发送一个字节
 111:HARDWARE/IIC/myiic.c **** //返回从机有无应答
 112:HARDWARE/IIC/myiic.c **** //1，有应答
 113:HARDWARE/IIC/myiic.c **** //0，无应答			  
 114:HARDWARE/IIC/myiic.c **** void IIC_Send_Byte(u8 txd)
 115:HARDWARE/IIC/myiic.c **** {                        
 436              		.loc 1 115 0
 437              		.cfi_startproc
 438              		@ args = 0, pretend = 0, frame = 0
 439              		@ frame_needed = 0, uses_anonymous_args = 0
 440              	.LVL26:
 441 0000 70B5     		push	{r4, r5, r6, lr}
 442              	.LCFI8:
 443              		.cfi_def_cfa_offset 16
 444              		.cfi_offset 4, -16
 445              		.cfi_offset 5, -12
 446              		.cfi_offset 6, -8
 447              		.cfi_offset 14, -4
 448 0002 0546     		mov	r5, r0
 116:HARDWARE/IIC/myiic.c ****     u8 t;   
 117:HARDWARE/IIC/myiic.c **** 	SDA_OUT(); 	    
 449              		.loc 1 117 0
 450 0004 154B     		ldr	r3, .L33
 451 0006 1A68     		ldr	r2, [r3]
 452 0008 22F44022 		bic	r2, r2, #786432
 453 000c 1A60     		str	r2, [r3]
 454 000e 1A68     		ldr	r2, [r3]
 455 0010 42F48022 		orr	r2, r2, #262144
 456 0014 1A60     		str	r2, [r3]
 118:HARDWARE/IIC/myiic.c ****     IIC_SCL=0;delay_us(20);	//拉低时钟开始数据传输
 457              		.loc 1 118 0
 458 0016 0024     		movs	r4, #0
 459 0018 114B     		ldr	r3, .L33+4
 460 001a 1C60     		str	r4, [r3]
 461 001c 1420     		movs	r0, #20
 462              	.LVL27:
 463 001e FFF7FEFF 		bl	delay_us
 464              	.LVL28:
ARM GAS  /tmp/ccvca7TU.s 			page 11


 119:HARDWARE/IIC/myiic.c ****     for(t=0;t<8;t++)
 465              		.loc 1 119 0
 466 0022 17E0     		b	.L30
 467              	.LVL29:
 468              	.L31:
 120:HARDWARE/IIC/myiic.c ****     {              
 121:HARDWARE/IIC/myiic.c ****         IIC_SDA=(txd&0x80)>>7;delay_us(20);	
 469              		.loc 1 121 0 discriminator 3
 470 0024 EA09     		lsrs	r2, r5, #7
 471 0026 0F4B     		ldr	r3, .L33+8
 472 0028 1A60     		str	r2, [r3]
 473 002a 1420     		movs	r0, #20
 474 002c FFF7FEFF 		bl	delay_us
 475              	.LVL30:
 122:HARDWARE/IIC/myiic.c ****         txd<<=1; 	  
 476              		.loc 1 122 0 discriminator 3
 477 0030 6D00     		lsls	r5, r5, #1
 478              	.LVL31:
 479 0032 EDB2     		uxtb	r5, r5
 480              	.LVL32:
 123:HARDWARE/IIC/myiic.c **** 		//delay_us(2);
 124:HARDWARE/IIC/myiic.c **** 		delay_us(30);				//对TEA5767这三个延时都是必须的
 481              		.loc 1 124 0 discriminator 3
 482 0034 1E20     		movs	r0, #30
 483 0036 FFF7FEFF 		bl	delay_us
 484              	.LVL33:
 125:HARDWARE/IIC/myiic.c **** 		IIC_SCL=1;
 485              		.loc 1 125 0 discriminator 3
 486 003a 094E     		ldr	r6, .L33+4
 487 003c 0123     		movs	r3, #1
 488 003e 3360     		str	r3, [r6]
 126:HARDWARE/IIC/myiic.c **** 		delay_us(30);	
 489              		.loc 1 126 0 discriminator 3
 490 0040 1E20     		movs	r0, #30
 491 0042 FFF7FEFF 		bl	delay_us
 492              	.LVL34:
 127:HARDWARE/IIC/myiic.c **** 		//delay_us(2); 
 128:HARDWARE/IIC/myiic.c **** 		IIC_SCL=0;	
 493              		.loc 1 128 0 discriminator 3
 494 0046 0023     		movs	r3, #0
 495 0048 3360     		str	r3, [r6]
 129:HARDWARE/IIC/myiic.c **** 		delay_us(30);	
 496              		.loc 1 129 0 discriminator 3
 497 004a 1E20     		movs	r0, #30
 498 004c FFF7FEFF 		bl	delay_us
 499              	.LVL35:
 119:HARDWARE/IIC/myiic.c ****     {              
 500              		.loc 1 119 0 discriminator 3
 501 0050 0134     		adds	r4, r4, #1
 502              	.LVL36:
 503 0052 E4B2     		uxtb	r4, r4
 504              	.LVL37:
 505              	.L30:
 119:HARDWARE/IIC/myiic.c ****     {              
 506              		.loc 1 119 0 is_stmt 0 discriminator 1
 507 0054 072C     		cmp	r4, #7
 508 0056 E5D9     		bls	.L31
ARM GAS  /tmp/ccvca7TU.s 			page 12


 130:HARDWARE/IIC/myiic.c **** 		//delay_us(2);
 131:HARDWARE/IIC/myiic.c ****     }	 
 132:HARDWARE/IIC/myiic.c **** } 	    
 509              		.loc 1 132 0 is_stmt 1
 510 0058 70BD     		pop	{r4, r5, r6, pc}
 511              	.LVL38:
 512              	.L34:
 513 005a 00BF     		.align	2
 514              	.L33:
 515 005c 00040240 		.word	1073873920
 516 0060 A0824042 		.word	1111524000
 517 0064 A4824042 		.word	1111524004
 518              		.cfi_endproc
 519              	.LFE118:
 521              		.section	.text.IIC_Read_Byte,"ax",%progbits
 522              		.align	1
 523              		.global	IIC_Read_Byte
 524              		.syntax unified
 525              		.thumb
 526              		.thumb_func
 527              		.fpu softvfp
 529              	IIC_Read_Byte:
 530              	.LFB119:
 133:HARDWARE/IIC/myiic.c **** //读1个字节，ack=1时，发送ACK，ack=0，发送nACK   
 134:HARDWARE/IIC/myiic.c **** u8 IIC_Read_Byte(unsigned char ack)
 135:HARDWARE/IIC/myiic.c **** {
 531              		.loc 1 135 0
 532              		.cfi_startproc
 533              		@ args = 0, pretend = 0, frame = 0
 534              		@ frame_needed = 0, uses_anonymous_args = 0
 535              	.LVL39:
 536 0000 F8B5     		push	{r3, r4, r5, r6, r7, lr}
 537              	.LCFI9:
 538              		.cfi_def_cfa_offset 24
 539              		.cfi_offset 3, -24
 540              		.cfi_offset 4, -20
 541              		.cfi_offset 5, -16
 542              		.cfi_offset 6, -12
 543              		.cfi_offset 7, -8
 544              		.cfi_offset 14, -4
 545 0002 0746     		mov	r7, r0
 546              	.LVL40:
 136:HARDWARE/IIC/myiic.c **** 	unsigned char i,receive=0;
 137:HARDWARE/IIC/myiic.c **** 	SDA_IN();//SDA设置为输入
 547              		.loc 1 137 0
 548 0004 144B     		ldr	r3, .L44
 549 0006 1A68     		ldr	r2, [r3]
 550 0008 22F44022 		bic	r2, r2, #786432
 551 000c 1A60     		str	r2, [r3]
 552 000e 1A68     		ldr	r2, [r3]
 553 0010 1A60     		str	r2, [r3]
 554              	.LVL41:
 136:HARDWARE/IIC/myiic.c **** 	unsigned char i,receive=0;
 555              		.loc 1 136 0
 556 0012 0024     		movs	r4, #0
 138:HARDWARE/IIC/myiic.c ****     for(i=0;i<8;i++ )
 557              		.loc 1 138 0
ARM GAS  /tmp/ccvca7TU.s 			page 13


 558 0014 2646     		mov	r6, r4
 559 0016 01E0     		b	.L36
 560              	.LVL42:
 561              	.L37:
 562              		.loc 1 138 0 is_stmt 0 discriminator 2
 563 0018 731C     		adds	r3, r6, #1
 564 001a DEB2     		uxtb	r6, r3
 565              	.LVL43:
 566              	.L36:
 567              		.loc 1 138 0 discriminator 1
 568 001c 072E     		cmp	r6, #7
 569 001e 13D8     		bhi	.L42
 139:HARDWARE/IIC/myiic.c **** 	{
 140:HARDWARE/IIC/myiic.c ****         IIC_SCL=0; 
 570              		.loc 1 140 0 is_stmt 1
 571 0020 0E4D     		ldr	r5, .L44+4
 572 0022 0023     		movs	r3, #0
 573 0024 2B60     		str	r3, [r5]
 141:HARDWARE/IIC/myiic.c ****         //delay_us(2);
 142:HARDWARE/IIC/myiic.c **** 				delay_us(4);
 574              		.loc 1 142 0
 575 0026 0420     		movs	r0, #4
 576 0028 FFF7FEFF 		bl	delay_us
 577              	.LVL44:
 143:HARDWARE/IIC/myiic.c **** 		IIC_SCL=1;
 578              		.loc 1 143 0
 579 002c 0123     		movs	r3, #1
 580 002e 2B60     		str	r3, [r5]
 144:HARDWARE/IIC/myiic.c **** 		delay_us(20);
 581              		.loc 1 144 0
 582 0030 1420     		movs	r0, #20
 583 0032 FFF7FEFF 		bl	delay_us
 584              	.LVL45:
 145:HARDWARE/IIC/myiic.c ****         receive<<=1;
 585              		.loc 1 145 0
 586 0036 6400     		lsls	r4, r4, #1
 587              	.LVL46:
 588 0038 E4B2     		uxtb	r4, r4
 589              	.LVL47:
 146:HARDWARE/IIC/myiic.c ****         if(READ_SDA)receive++;   
 590              		.loc 1 146 0
 591 003a 094B     		ldr	r3, .L44+8
 592 003c 1B68     		ldr	r3, [r3]
 593 003e 002B     		cmp	r3, #0
 594 0040 EAD0     		beq	.L37
 595              		.loc 1 146 0 is_stmt 0 discriminator 1
 596 0042 0134     		adds	r4, r4, #1
 597              	.LVL48:
 598 0044 E4B2     		uxtb	r4, r4
 599              	.LVL49:
 600 0046 E7E7     		b	.L37
 601              	.L42:
 147:HARDWARE/IIC/myiic.c **** 		//delay_us(1); 
 148:HARDWARE/IIC/myiic.c ****     }					 
 149:HARDWARE/IIC/myiic.c ****     if (!ack)
 602              		.loc 1 149 0 is_stmt 1
 603 0048 1FB1     		cbz	r7, .L43
ARM GAS  /tmp/ccvca7TU.s 			page 14


 150:HARDWARE/IIC/myiic.c ****         IIC_NAck();//发送nACK
 151:HARDWARE/IIC/myiic.c ****     else
 152:HARDWARE/IIC/myiic.c ****         IIC_Ack(); //发送ACK   
 604              		.loc 1 152 0
 605 004a FFF7FEFF 		bl	IIC_Ack
 606              	.LVL50:
 607              	.L40:
 153:HARDWARE/IIC/myiic.c ****     return receive;
 154:HARDWARE/IIC/myiic.c **** }
 608              		.loc 1 154 0
 609 004e 2046     		mov	r0, r4
 610 0050 F8BD     		pop	{r3, r4, r5, r6, r7, pc}
 611              	.LVL51:
 612              	.L43:
 150:HARDWARE/IIC/myiic.c ****         IIC_NAck();//发送nACK
 613              		.loc 1 150 0
 614 0052 FFF7FEFF 		bl	IIC_NAck
 615              	.LVL52:
 616 0056 FAE7     		b	.L40
 617              	.L45:
 618              		.align	2
 619              	.L44:
 620 0058 00040240 		.word	1073873920
 621 005c A0824042 		.word	1111524000
 622 0060 24824042 		.word	1111523876
 623              		.cfi_endproc
 624              	.LFE119:
 626              		.text
 627              	.Letext0:
 628              		.file 2 "/usr/include/newlib/machine/_default_types.h"
 629              		.file 3 "/usr/include/newlib/sys/_stdint.h"
 630              		.file 4 "CORE/core_cm4.h"
 631              		.file 5 "USER/system_stm32f4xx.h"
 632              		.file 6 "USER/stm32f4xx.h"
 633              		.file 7 "FWLIB/inc/stm32f4xx_gpio.h"
 634              		.file 8 "SYSTEM/delay/delay.h"
 635              		.file 9 "FWLIB/inc/stm32f4xx_rcc.h"
ARM GAS  /tmp/ccvca7TU.s 			page 15


DEFINED SYMBOLS
                            *ABS*:0000000000000000 myiic.c
     /tmp/ccvca7TU.s:16     .text.IIC_Init:0000000000000000 $t
     /tmp/ccvca7TU.s:23     .text.IIC_Init:0000000000000000 IIC_Init
     /tmp/ccvca7TU.s:77     .text.IIC_Init:000000000000003c $d
     /tmp/ccvca7TU.s:83     .text.IIC_Start:0000000000000000 $t
     /tmp/ccvca7TU.s:90     .text.IIC_Start:0000000000000000 IIC_Start
     /tmp/ccvca7TU.s:143    .text.IIC_Start:0000000000000040 $d
     /tmp/ccvca7TU.s:150    .text.IIC_Stop:0000000000000000 $t
     /tmp/ccvca7TU.s:157    .text.IIC_Stop:0000000000000000 IIC_Stop
     /tmp/ccvca7TU.s:204    .text.IIC_Stop:0000000000000038 $d
     /tmp/ccvca7TU.s:211    .text.IIC_Wait_Ack:0000000000000000 $t
     /tmp/ccvca7TU.s:218    .text.IIC_Wait_Ack:0000000000000000 IIC_Wait_Ack
     /tmp/ccvca7TU.s:289    .text.IIC_Wait_Ack:0000000000000050 $d
     /tmp/ccvca7TU.s:297    .text.IIC_Ack:0000000000000000 $t
     /tmp/ccvca7TU.s:304    .text.IIC_Ack:0000000000000000 IIC_Ack
     /tmp/ccvca7TU.s:357    .text.IIC_Ack:0000000000000040 $d
     /tmp/ccvca7TU.s:364    .text.IIC_NAck:0000000000000000 $t
     /tmp/ccvca7TU.s:371    .text.IIC_NAck:0000000000000000 IIC_NAck
     /tmp/ccvca7TU.s:420    .text.IIC_NAck:0000000000000038 $d
     /tmp/ccvca7TU.s:427    .text.IIC_Send_Byte:0000000000000000 $t
     /tmp/ccvca7TU.s:434    .text.IIC_Send_Byte:0000000000000000 IIC_Send_Byte
     /tmp/ccvca7TU.s:515    .text.IIC_Send_Byte:000000000000005c $d
     /tmp/ccvca7TU.s:522    .text.IIC_Read_Byte:0000000000000000 $t
     /tmp/ccvca7TU.s:529    .text.IIC_Read_Byte:0000000000000000 IIC_Read_Byte
     /tmp/ccvca7TU.s:620    .text.IIC_Read_Byte:0000000000000058 $d
                     .debug_frame:0000000000000010 $d

UNDEFINED SYMBOLS
RCC_AHB1PeriphClockCmd
GPIO_Init
delay_us
