ARM GAS  /tmp/ccABJyUQ.s 			page 1


   1              		.cpu cortex-m4
   2              		.eabi_attribute 20, 1
   3              		.eabi_attribute 21, 1
   4              		.eabi_attribute 23, 3
   5              		.eabi_attribute 24, 1
   6              		.eabi_attribute 25, 1
   7              		.eabi_attribute 26, 1
   8              		.eabi_attribute 30, 1
   9              		.eabi_attribute 34, 1
  10              		.eabi_attribute 18, 4
  11              		.file	"stm32f4xx_it.c"
  12              		.text
  13              	.Ltext0:
  14              		.cfi_sections	.debug_frame
  15              		.section	.text.NMI_Handler,"ax",%progbits
  16              		.align	1
  17              		.global	NMI_Handler
  18              		.syntax unified
  19              		.thumb
  20              		.thumb_func
  21              		.fpu softvfp
  23              	NMI_Handler:
  24              	.LFB112:
  25              		.file 1 "USER/stm32f4xx_it.c"
   1:USER/stm32f4xx_it.c **** /**
   2:USER/stm32f4xx_it.c ****   ******************************************************************************
   3:USER/stm32f4xx_it.c ****   * @file    Project/STM32F4xx_StdPeriph_Templates/stm32f4xx_it.c 
   4:USER/stm32f4xx_it.c ****   * @author  MCD Application Team
   5:USER/stm32f4xx_it.c ****   * @version V1.4.0
   6:USER/stm32f4xx_it.c ****   * @date    04-August-2014
   7:USER/stm32f4xx_it.c ****   * @brief   Main Interrupt Service Routines.
   8:USER/stm32f4xx_it.c ****   *          This file provides template for all exceptions handler and 
   9:USER/stm32f4xx_it.c ****   *          peripherals interrupt service routine.
  10:USER/stm32f4xx_it.c ****   ******************************************************************************
  11:USER/stm32f4xx_it.c ****   * @attention
  12:USER/stm32f4xx_it.c ****   *
  13:USER/stm32f4xx_it.c ****   * <h2><center>&copy; COPYRIGHT 2014 STMicroelectronics</center></h2>
  14:USER/stm32f4xx_it.c ****   *
  15:USER/stm32f4xx_it.c ****   * Licensed under MCD-ST Liberty SW License Agreement V2, (the "License");
  16:USER/stm32f4xx_it.c ****   * You may not use this file except in compliance with the License.
  17:USER/stm32f4xx_it.c ****   * You may obtain a copy of the License at:
  18:USER/stm32f4xx_it.c ****   *
  19:USER/stm32f4xx_it.c ****   *        http://www.st.com/software_license_agreement_liberty_v2
  20:USER/stm32f4xx_it.c ****   *
  21:USER/stm32f4xx_it.c ****   * Unless required by applicable law or agreed to in writing, software 
  22:USER/stm32f4xx_it.c ****   * distributed under the License is distributed on an "AS IS" BASIS, 
  23:USER/stm32f4xx_it.c ****   * WITHOUT WARRANTIES OR CONDITIONS OF ANY KIND, either express or implied.
  24:USER/stm32f4xx_it.c ****   * See the License for the specific language governing permissions and
  25:USER/stm32f4xx_it.c ****   * limitations under the License.
  26:USER/stm32f4xx_it.c ****   *
  27:USER/stm32f4xx_it.c ****   ******************************************************************************
  28:USER/stm32f4xx_it.c ****   */
  29:USER/stm32f4xx_it.c **** 
  30:USER/stm32f4xx_it.c **** /* Includes ------------------------------------------------------------------*/
  31:USER/stm32f4xx_it.c **** #include "stm32f4xx_it.h"
  32:USER/stm32f4xx_it.c ****  
  33:USER/stm32f4xx_it.c **** 
ARM GAS  /tmp/ccABJyUQ.s 			page 2


  34:USER/stm32f4xx_it.c **** /** @addtogroup Template_Project
  35:USER/stm32f4xx_it.c ****   * @{
  36:USER/stm32f4xx_it.c ****   */
  37:USER/stm32f4xx_it.c **** 
  38:USER/stm32f4xx_it.c **** /* Private typedef -----------------------------------------------------------*/
  39:USER/stm32f4xx_it.c **** /* Private define ------------------------------------------------------------*/
  40:USER/stm32f4xx_it.c **** /* Private macro -------------------------------------------------------------*/
  41:USER/stm32f4xx_it.c **** /* Private variables ---------------------------------------------------------*/
  42:USER/stm32f4xx_it.c **** /* Private function prototypes -----------------------------------------------*/
  43:USER/stm32f4xx_it.c **** /* Private functions ---------------------------------------------------------*/
  44:USER/stm32f4xx_it.c **** 
  45:USER/stm32f4xx_it.c **** /******************************************************************************/
  46:USER/stm32f4xx_it.c **** /*            Cortex-M4 Processor Exceptions Handlers                         */
  47:USER/stm32f4xx_it.c **** /******************************************************************************/
  48:USER/stm32f4xx_it.c **** 
  49:USER/stm32f4xx_it.c **** /**
  50:USER/stm32f4xx_it.c ****   * @brief  This function handles NMI exception.
  51:USER/stm32f4xx_it.c ****   * @param  None
  52:USER/stm32f4xx_it.c ****   * @retval None
  53:USER/stm32f4xx_it.c ****   */
  54:USER/stm32f4xx_it.c **** void NMI_Handler(void)
  55:USER/stm32f4xx_it.c **** {
  26              		.loc 1 55 0
  27              		.cfi_startproc
  28              		@ args = 0, pretend = 0, frame = 0
  29              		@ frame_needed = 0, uses_anonymous_args = 0
  30              		@ link register save eliminated.
  31 0000 7047     		bx	lr
  32              		.cfi_endproc
  33              	.LFE112:
  35              		.section	.text.HardFault_Handler,"ax",%progbits
  36              		.align	1
  37              		.global	HardFault_Handler
  38              		.syntax unified
  39              		.thumb
  40              		.thumb_func
  41              		.fpu softvfp
  43              	HardFault_Handler:
  44              	.LFB113:
  56:USER/stm32f4xx_it.c **** }
  57:USER/stm32f4xx_it.c **** 
  58:USER/stm32f4xx_it.c **** /**
  59:USER/stm32f4xx_it.c ****   * @brief  This function handles Hard Fault exception.
  60:USER/stm32f4xx_it.c ****   * @param  None
  61:USER/stm32f4xx_it.c ****   * @retval None
  62:USER/stm32f4xx_it.c ****   */
  63:USER/stm32f4xx_it.c **** void HardFault_Handler(void)
  64:USER/stm32f4xx_it.c **** {
  45              		.loc 1 64 0
  46              		.cfi_startproc
  47              		@ Volatile: function does not return.
  48              		@ args = 0, pretend = 0, frame = 0
  49              		@ frame_needed = 0, uses_anonymous_args = 0
  50              		@ link register save eliminated.
  51              	.L3:
  52 0000 FEE7     		b	.L3
  53              		.cfi_endproc
ARM GAS  /tmp/ccABJyUQ.s 			page 3


  54              	.LFE113:
  56              		.section	.text.MemManage_Handler,"ax",%progbits
  57              		.align	1
  58              		.global	MemManage_Handler
  59              		.syntax unified
  60              		.thumb
  61              		.thumb_func
  62              		.fpu softvfp
  64              	MemManage_Handler:
  65              	.LFB114:
  65:USER/stm32f4xx_it.c ****   /* Go to infinite loop when Hard Fault exception occurs */
  66:USER/stm32f4xx_it.c ****   while (1)
  67:USER/stm32f4xx_it.c ****   {
  68:USER/stm32f4xx_it.c ****   }
  69:USER/stm32f4xx_it.c **** }
  70:USER/stm32f4xx_it.c **** 
  71:USER/stm32f4xx_it.c **** /**
  72:USER/stm32f4xx_it.c ****   * @brief  This function handles Memory Manage exception.
  73:USER/stm32f4xx_it.c ****   * @param  None
  74:USER/stm32f4xx_it.c ****   * @retval None
  75:USER/stm32f4xx_it.c ****   */
  76:USER/stm32f4xx_it.c **** void MemManage_Handler(void)
  77:USER/stm32f4xx_it.c **** {
  66              		.loc 1 77 0
  67              		.cfi_startproc
  68              		@ Volatile: function does not return.
  69              		@ args = 0, pretend = 0, frame = 0
  70              		@ frame_needed = 0, uses_anonymous_args = 0
  71              		@ link register save eliminated.
  72              	.L5:
  73 0000 FEE7     		b	.L5
  74              		.cfi_endproc
  75              	.LFE114:
  77              		.section	.text.BusFault_Handler,"ax",%progbits
  78              		.align	1
  79              		.global	BusFault_Handler
  80              		.syntax unified
  81              		.thumb
  82              		.thumb_func
  83              		.fpu softvfp
  85              	BusFault_Handler:
  86              	.LFB115:
  78:USER/stm32f4xx_it.c ****   /* Go to infinite loop when Memory Manage exception occurs */
  79:USER/stm32f4xx_it.c ****   while (1)
  80:USER/stm32f4xx_it.c ****   {
  81:USER/stm32f4xx_it.c ****   }
  82:USER/stm32f4xx_it.c **** }
  83:USER/stm32f4xx_it.c **** 
  84:USER/stm32f4xx_it.c **** /**
  85:USER/stm32f4xx_it.c ****   * @brief  This function handles Bus Fault exception.
  86:USER/stm32f4xx_it.c ****   * @param  None
  87:USER/stm32f4xx_it.c ****   * @retval None
  88:USER/stm32f4xx_it.c ****   */
  89:USER/stm32f4xx_it.c **** void BusFault_Handler(void)
  90:USER/stm32f4xx_it.c **** {
  87              		.loc 1 90 0
  88              		.cfi_startproc
ARM GAS  /tmp/ccABJyUQ.s 			page 4


  89              		@ Volatile: function does not return.
  90              		@ args = 0, pretend = 0, frame = 0
  91              		@ frame_needed = 0, uses_anonymous_args = 0
  92              		@ link register save eliminated.
  93              	.L7:
  94 0000 FEE7     		b	.L7
  95              		.cfi_endproc
  96              	.LFE115:
  98              		.section	.text.UsageFault_Handler,"ax",%progbits
  99              		.align	1
 100              		.global	UsageFault_Handler
 101              		.syntax unified
 102              		.thumb
 103              		.thumb_func
 104              		.fpu softvfp
 106              	UsageFault_Handler:
 107              	.LFB116:
  91:USER/stm32f4xx_it.c ****   /* Go to infinite loop when Bus Fault exception occurs */
  92:USER/stm32f4xx_it.c ****   while (1)
  93:USER/stm32f4xx_it.c ****   {
  94:USER/stm32f4xx_it.c ****   }
  95:USER/stm32f4xx_it.c **** }
  96:USER/stm32f4xx_it.c **** 
  97:USER/stm32f4xx_it.c **** /**
  98:USER/stm32f4xx_it.c ****   * @brief  This function handles Usage Fault exception.
  99:USER/stm32f4xx_it.c ****   * @param  None
 100:USER/stm32f4xx_it.c ****   * @retval None
 101:USER/stm32f4xx_it.c ****   */
 102:USER/stm32f4xx_it.c **** void UsageFault_Handler(void)
 103:USER/stm32f4xx_it.c **** {
 108              		.loc 1 103 0
 109              		.cfi_startproc
 110              		@ Volatile: function does not return.
 111              		@ args = 0, pretend = 0, frame = 0
 112              		@ frame_needed = 0, uses_anonymous_args = 0
 113              		@ link register save eliminated.
 114              	.L9:
 115 0000 FEE7     		b	.L9
 116              		.cfi_endproc
 117              	.LFE116:
 119              		.section	.text.SVC_Handler,"ax",%progbits
 120              		.align	1
 121              		.global	SVC_Handler
 122              		.syntax unified
 123              		.thumb
 124              		.thumb_func
 125              		.fpu softvfp
 127              	SVC_Handler:
 128              	.LFB117:
 104:USER/stm32f4xx_it.c ****   /* Go to infinite loop when Usage Fault exception occurs */
 105:USER/stm32f4xx_it.c ****   while (1)
 106:USER/stm32f4xx_it.c ****   {
 107:USER/stm32f4xx_it.c ****   }
 108:USER/stm32f4xx_it.c **** }
 109:USER/stm32f4xx_it.c **** 
 110:USER/stm32f4xx_it.c **** /**
 111:USER/stm32f4xx_it.c ****   * @brief  This function handles SVCall exception.
ARM GAS  /tmp/ccABJyUQ.s 			page 5


 112:USER/stm32f4xx_it.c ****   * @param  None
 113:USER/stm32f4xx_it.c ****   * @retval None
 114:USER/stm32f4xx_it.c ****   */
 115:USER/stm32f4xx_it.c **** void SVC_Handler(void)
 116:USER/stm32f4xx_it.c **** {
 129              		.loc 1 116 0
 130              		.cfi_startproc
 131              		@ args = 0, pretend = 0, frame = 0
 132              		@ frame_needed = 0, uses_anonymous_args = 0
 133              		@ link register save eliminated.
 134 0000 7047     		bx	lr
 135              		.cfi_endproc
 136              	.LFE117:
 138              		.section	.text.DebugMon_Handler,"ax",%progbits
 139              		.align	1
 140              		.global	DebugMon_Handler
 141              		.syntax unified
 142              		.thumb
 143              		.thumb_func
 144              		.fpu softvfp
 146              	DebugMon_Handler:
 147              	.LFB118:
 117:USER/stm32f4xx_it.c **** }
 118:USER/stm32f4xx_it.c **** 
 119:USER/stm32f4xx_it.c **** /**
 120:USER/stm32f4xx_it.c ****   * @brief  This function handles Debug Monitor exception.
 121:USER/stm32f4xx_it.c ****   * @param  None
 122:USER/stm32f4xx_it.c ****   * @retval None
 123:USER/stm32f4xx_it.c ****   */
 124:USER/stm32f4xx_it.c **** void DebugMon_Handler(void)
 125:USER/stm32f4xx_it.c **** {
 148              		.loc 1 125 0
 149              		.cfi_startproc
 150              		@ args = 0, pretend = 0, frame = 0
 151              		@ frame_needed = 0, uses_anonymous_args = 0
 152              		@ link register save eliminated.
 153 0000 7047     		bx	lr
 154              		.cfi_endproc
 155              	.LFE118:
 157              		.section	.text.PendSV_Handler,"ax",%progbits
 158              		.align	1
 159              		.global	PendSV_Handler
 160              		.syntax unified
 161              		.thumb
 162              		.thumb_func
 163              		.fpu softvfp
 165              	PendSV_Handler:
 166              	.LFB119:
 126:USER/stm32f4xx_it.c **** }
 127:USER/stm32f4xx_it.c **** 
 128:USER/stm32f4xx_it.c **** /**
 129:USER/stm32f4xx_it.c ****   * @brief  This function handles PendSVC exception.
 130:USER/stm32f4xx_it.c ****   * @param  None
 131:USER/stm32f4xx_it.c ****   * @retval None
 132:USER/stm32f4xx_it.c ****   */
 133:USER/stm32f4xx_it.c **** void PendSV_Handler(void)
 134:USER/stm32f4xx_it.c **** {
ARM GAS  /tmp/ccABJyUQ.s 			page 6


 167              		.loc 1 134 0
 168              		.cfi_startproc
 169              		@ args = 0, pretend = 0, frame = 0
 170              		@ frame_needed = 0, uses_anonymous_args = 0
 171              		@ link register save eliminated.
 172 0000 7047     		bx	lr
 173              		.cfi_endproc
 174              	.LFE119:
 176              		.section	.text.SysTick_Handler,"ax",%progbits
 177              		.align	1
 178              		.global	SysTick_Handler
 179              		.syntax unified
 180              		.thumb
 181              		.thumb_func
 182              		.fpu softvfp
 184              	SysTick_Handler:
 185              	.LFB120:
 135:USER/stm32f4xx_it.c **** }
 136:USER/stm32f4xx_it.c **** 
 137:USER/stm32f4xx_it.c **** /**
 138:USER/stm32f4xx_it.c ****   * @brief  This function handles SysTick Handler.
 139:USER/stm32f4xx_it.c ****   * @param  None
 140:USER/stm32f4xx_it.c ****   * @retval None
 141:USER/stm32f4xx_it.c ****   */
 142:USER/stm32f4xx_it.c **** void SysTick_Handler(void)
 143:USER/stm32f4xx_it.c **** {
 186              		.loc 1 143 0
 187              		.cfi_startproc
 188              		@ args = 0, pretend = 0, frame = 0
 189              		@ frame_needed = 0, uses_anonymous_args = 0
 190              		@ link register save eliminated.
 191 0000 7047     		bx	lr
 192              		.cfi_endproc
 193              	.LFE120:
 195              		.text
 196              	.Letext0:
 197              		.file 2 "/usr/include/newlib/machine/_default_types.h"
 198              		.file 3 "/usr/include/newlib/sys/_stdint.h"
 199              		.file 4 "CORE/core_cm4.h"
 200              		.file 5 "USER/system_stm32f4xx.h"
ARM GAS  /tmp/ccABJyUQ.s 			page 7


DEFINED SYMBOLS
                            *ABS*:0000000000000000 stm32f4xx_it.c
     /tmp/ccABJyUQ.s:16     .text.NMI_Handler:0000000000000000 $t
     /tmp/ccABJyUQ.s:23     .text.NMI_Handler:0000000000000000 NMI_Handler
     /tmp/ccABJyUQ.s:36     .text.HardFault_Handler:0000000000000000 $t
     /tmp/ccABJyUQ.s:43     .text.HardFault_Handler:0000000000000000 HardFault_Handler
     /tmp/ccABJyUQ.s:57     .text.MemManage_Handler:0000000000000000 $t
     /tmp/ccABJyUQ.s:64     .text.MemManage_Handler:0000000000000000 MemManage_Handler
     /tmp/ccABJyUQ.s:78     .text.BusFault_Handler:0000000000000000 $t
     /tmp/ccABJyUQ.s:85     .text.BusFault_Handler:0000000000000000 BusFault_Handler
     /tmp/ccABJyUQ.s:99     .text.UsageFault_Handler:0000000000000000 $t
     /tmp/ccABJyUQ.s:106    .text.UsageFault_Handler:0000000000000000 UsageFault_Handler
     /tmp/ccABJyUQ.s:120    .text.SVC_Handler:0000000000000000 $t
     /tmp/ccABJyUQ.s:127    .text.SVC_Handler:0000000000000000 SVC_Handler
     /tmp/ccABJyUQ.s:139    .text.DebugMon_Handler:0000000000000000 $t
     /tmp/ccABJyUQ.s:146    .text.DebugMon_Handler:0000000000000000 DebugMon_Handler
     /tmp/ccABJyUQ.s:158    .text.PendSV_Handler:0000000000000000 $t
     /tmp/ccABJyUQ.s:165    .text.PendSV_Handler:0000000000000000 PendSV_Handler
     /tmp/ccABJyUQ.s:177    .text.SysTick_Handler:0000000000000000 $t
     /tmp/ccABJyUQ.s:184    .text.SysTick_Handler:0000000000000000 SysTick_Handler
                     .debug_frame:0000000000000010 $d

NO UNDEFINED SYMBOLS
