ARM GAS  /tmp/cc6amaUY.s 			page 1


   1              		.cpu cortex-m4
   2              		.eabi_attribute 20, 1
   3              		.eabi_attribute 21, 1
   4              		.eabi_attribute 23, 3
   5              		.eabi_attribute 24, 1
   6              		.eabi_attribute 25, 1
   7              		.eabi_attribute 26, 1
   8              		.eabi_attribute 30, 1
   9              		.eabi_attribute 34, 1
  10              		.eabi_attribute 18, 4
  11              		.file	"zlg7290.c"
  12              		.text
  13              	.Ltext0:
  14              		.cfi_sections	.debug_frame
  15              		.section	.text.ZLGKeyBoard_Init,"ax",%progbits
  16              		.align	1
  17              		.global	ZLGKeyBoard_Init
  18              		.syntax unified
  19              		.thumb
  20              		.thumb_func
  21              		.fpu softvfp
  23              	ZLGKeyBoard_Init:
  24              	.LFB113:
  25              		.file 1 "HARDWARE/ZLG7290/zlg7290.c"
   1:HARDWARE/ZLG7290/zlg7290.c **** #include "zlg7290.h"
   2:HARDWARE/ZLG7290/zlg7290.c **** #include "ad9959.h"
   3:HARDWARE/ZLG7290/zlg7290.c **** #include "delay.h"
   4:HARDWARE/ZLG7290/zlg7290.c **** #include "exti.h"
   5:HARDWARE/ZLG7290/zlg7290.c **** #include "myiic.h"
   6:HARDWARE/ZLG7290/zlg7290.c **** #include "sys.h"
   7:HARDWARE/ZLG7290/zlg7290.c **** #include "usart.h"
   8:HARDWARE/ZLG7290/zlg7290.c **** 
   9:HARDWARE/ZLG7290/zlg7290.c **** int a = 1, b = 1, c = 1, d = 1, e = 1, f = 1;
  10:HARDWARE/ZLG7290/zlg7290.c **** int i;
  11:HARDWARE/ZLG7290/zlg7290.c **** void ZLGKeyBoard_Init()
  12:HARDWARE/ZLG7290/zlg7290.c **** {
  26              		.loc 1 12 0
  27              		.cfi_startproc
  28              		@ args = 0, pretend = 0, frame = 8
  29              		@ frame_needed = 0, uses_anonymous_args = 0
  30 0000 30B5     		push	{r4, r5, lr}
  31              	.LCFI0:
  32              		.cfi_def_cfa_offset 12
  33              		.cfi_offset 4, -12
  34              		.cfi_offset 5, -8
  35              		.cfi_offset 14, -4
  36 0002 83B0     		sub	sp, sp, #12
  37              	.LCFI1:
  38              		.cfi_def_cfa_offset 24
  13:HARDWARE/ZLG7290/zlg7290.c ****   GPIO_InitTypeDef GPIO_InitStructure;
  14:HARDWARE/ZLG7290/zlg7290.c **** 
  15:HARDWARE/ZLG7290/zlg7290.c ****   RCC_AHB1PeriphClockCmd(RCC_AHB1Periph_GPIOB, ENABLE);
  39              		.loc 1 15 0
  40 0004 0121     		movs	r1, #1
  41 0006 0220     		movs	r0, #2
  42 0008 FFF7FEFF 		bl	RCC_AHB1PeriphClockCmd
  43              	.LVL0:
ARM GAS  /tmp/cc6amaUY.s 			page 2


  16:HARDWARE/ZLG7290/zlg7290.c **** 
  17:HARDWARE/ZLG7290/zlg7290.c ****   GPIO_InitStructure.GPIO_Pin = GPIO_Pin_0;
  44              		.loc 1 17 0
  45 000c 0125     		movs	r5, #1
  46 000e 0095     		str	r5, [sp]
  18:HARDWARE/ZLG7290/zlg7290.c ****   GPIO_InitStructure.GPIO_Mode = GPIO_Mode_IN;
  47              		.loc 1 18 0
  48 0010 0024     		movs	r4, #0
  49 0012 8DF80440 		strb	r4, [sp, #4]
  19:HARDWARE/ZLG7290/zlg7290.c ****   GPIO_InitStructure.GPIO_Speed = GPIO_Speed_100MHz;
  50              		.loc 1 19 0
  51 0016 0323     		movs	r3, #3
  52 0018 8DF80530 		strb	r3, [sp, #5]
  20:HARDWARE/ZLG7290/zlg7290.c ****   GPIO_InitStructure.GPIO_PuPd = GPIO_PuPd_UP;
  53              		.loc 1 20 0
  54 001c 8DF80750 		strb	r5, [sp, #7]
  21:HARDWARE/ZLG7290/zlg7290.c ****   GPIO_Init(GPIOB, &GPIO_InitStructure);
  55              		.loc 1 21 0
  56 0020 6946     		mov	r1, sp
  57 0022 1D48     		ldr	r0, .L3
  58 0024 FFF7FEFF 		bl	GPIO_Init
  59              	.LVL1:
  22:HARDWARE/ZLG7290/zlg7290.c **** 
  23:HARDWARE/ZLG7290/zlg7290.c ****   IIC_Start();
  60              		.loc 1 23 0
  61 0028 FFF7FEFF 		bl	IIC_Start
  62              	.LVL2:
  24:HARDWARE/ZLG7290/zlg7290.c ****   // delay_us(30);
  25:HARDWARE/ZLG7290/zlg7290.c ****   IIC_Send_Byte(0x70);
  63              		.loc 1 25 0
  64 002c 7020     		movs	r0, #112
  65 002e FFF7FEFF 		bl	IIC_Send_Byte
  66              	.LVL3:
  26:HARDWARE/ZLG7290/zlg7290.c ****   // delay_us(30);
  27:HARDWARE/ZLG7290/zlg7290.c ****   a = IIC_Wait_Ack();
  67              		.loc 1 27 0
  68 0032 FFF7FEFF 		bl	IIC_Wait_Ack
  69              	.LVL4:
  70 0036 194B     		ldr	r3, .L3+4
  71 0038 1860     		str	r0, [r3]
  28:HARDWARE/ZLG7290/zlg7290.c ****   // delay_us(30);
  29:HARDWARE/ZLG7290/zlg7290.c ****   IIC_Send_Byte(0x00);
  72              		.loc 1 29 0
  73 003a 2046     		mov	r0, r4
  74 003c FFF7FEFF 		bl	IIC_Send_Byte
  75              	.LVL5:
  30:HARDWARE/ZLG7290/zlg7290.c ****   b = IIC_Wait_Ack();
  76              		.loc 1 30 0
  77 0040 FFF7FEFF 		bl	IIC_Wait_Ack
  78              	.LVL6:
  79 0044 164B     		ldr	r3, .L3+8
  80 0046 1860     		str	r0, [r3]
  31:HARDWARE/ZLG7290/zlg7290.c ****   IIC_Send_Byte(0xf0);
  81              		.loc 1 31 0
  82 0048 F020     		movs	r0, #240
  83 004a FFF7FEFF 		bl	IIC_Send_Byte
  84              	.LVL7:
ARM GAS  /tmp/cc6amaUY.s 			page 3


  32:HARDWARE/ZLG7290/zlg7290.c ****   c = IIC_Wait_Ack();
  85              		.loc 1 32 0
  86 004e FFF7FEFF 		bl	IIC_Wait_Ack
  87              	.LVL8:
  88 0052 144B     		ldr	r3, .L3+12
  89 0054 1860     		str	r0, [r3]
  33:HARDWARE/ZLG7290/zlg7290.c ****   IIC_Stop();
  90              		.loc 1 33 0
  91 0056 FFF7FEFF 		bl	IIC_Stop
  92              	.LVL9:
  34:HARDWARE/ZLG7290/zlg7290.c **** 
  35:HARDWARE/ZLG7290/zlg7290.c ****   IIC_Start();
  93              		.loc 1 35 0
  94 005a FFF7FEFF 		bl	IIC_Start
  95              	.LVL10:
  36:HARDWARE/ZLG7290/zlg7290.c ****   // delay_us(30);
  37:HARDWARE/ZLG7290/zlg7290.c ****   IIC_Send_Byte(0x70);
  96              		.loc 1 37 0
  97 005e 7020     		movs	r0, #112
  98 0060 FFF7FEFF 		bl	IIC_Send_Byte
  99              	.LVL11:
  38:HARDWARE/ZLG7290/zlg7290.c ****   // delay_us(30);
  39:HARDWARE/ZLG7290/zlg7290.c ****   d = IIC_Wait_Ack();
 100              		.loc 1 39 0
 101 0064 FFF7FEFF 		bl	IIC_Wait_Ack
 102              	.LVL12:
 103 0068 0F4B     		ldr	r3, .L3+16
 104 006a 1860     		str	r0, [r3]
  40:HARDWARE/ZLG7290/zlg7290.c ****   // delay_us(30);
  41:HARDWARE/ZLG7290/zlg7290.c ****   IIC_Send_Byte(0x01);
 105              		.loc 1 41 0
 106 006c 2846     		mov	r0, r5
 107 006e FFF7FEFF 		bl	IIC_Send_Byte
 108              	.LVL13:
  42:HARDWARE/ZLG7290/zlg7290.c ****   e = IIC_Wait_Ack();
 109              		.loc 1 42 0
 110 0072 FFF7FEFF 		bl	IIC_Wait_Ack
 111              	.LVL14:
 112 0076 0D4B     		ldr	r3, .L3+20
 113 0078 1860     		str	r0, [r3]
  43:HARDWARE/ZLG7290/zlg7290.c ****   IIC_Send_Byte(0x00);
 114              		.loc 1 43 0
 115 007a 2046     		mov	r0, r4
 116 007c FFF7FEFF 		bl	IIC_Send_Byte
 117              	.LVL15:
  44:HARDWARE/ZLG7290/zlg7290.c ****   f = IIC_Wait_Ack();
 118              		.loc 1 44 0
 119 0080 FFF7FEFF 		bl	IIC_Wait_Ack
 120              	.LVL16:
 121 0084 0A4B     		ldr	r3, .L3+24
 122 0086 1860     		str	r0, [r3]
  45:HARDWARE/ZLG7290/zlg7290.c ****   IIC_Stop();
 123              		.loc 1 45 0
 124 0088 FFF7FEFF 		bl	IIC_Stop
 125              	.LVL17:
  46:HARDWARE/ZLG7290/zlg7290.c **** 
  47:HARDWARE/ZLG7290/zlg7290.c ****   delay_us(30);
ARM GAS  /tmp/cc6amaUY.s 			page 4


 126              		.loc 1 47 0
 127 008c 1E20     		movs	r0, #30
 128 008e FFF7FEFF 		bl	delay_us
 129              	.LVL18:
  48:HARDWARE/ZLG7290/zlg7290.c **** }
 130              		.loc 1 48 0
 131 0092 03B0     		add	sp, sp, #12
 132              	.LCFI2:
 133              		.cfi_def_cfa_offset 12
 134              		@ sp needed
 135 0094 30BD     		pop	{r4, r5, pc}
 136              	.L4:
 137 0096 00BF     		.align	2
 138              	.L3:
 139 0098 00040240 		.word	1073873920
 140 009c 00000000 		.word	.LANCHOR0
 141 00a0 00000000 		.word	.LANCHOR1
 142 00a4 00000000 		.word	.LANCHOR2
 143 00a8 00000000 		.word	.LANCHOR3
 144 00ac 00000000 		.word	.LANCHOR4
 145 00b0 00000000 		.word	.LANCHOR5
 146              		.cfi_endproc
 147              	.LFE113:
 149              		.section	.text.key_read,"ax",%progbits
 150              		.align	1
 151              		.global	key_read
 152              		.syntax unified
 153              		.thumb
 154              		.thumb_func
 155              		.fpu softvfp
 157              	key_read:
 158              	.LFB114:
  49:HARDWARE/ZLG7290/zlg7290.c **** 
  50:HARDWARE/ZLG7290/zlg7290.c **** u8 key_read(void)
  51:HARDWARE/ZLG7290/zlg7290.c **** {
 159              		.loc 1 51 0
 160              		.cfi_startproc
 161              		@ args = 0, pretend = 0, frame = 0
 162              		@ frame_needed = 0, uses_anonymous_args = 0
 163 0000 10B5     		push	{r4, lr}
 164              	.LCFI3:
 165              		.cfi_def_cfa_offset 8
 166              		.cfi_offset 4, -8
 167              		.cfi_offset 14, -4
 168              	.LVL19:
  52:HARDWARE/ZLG7290/zlg7290.c ****   u8 num = 10;
  53:HARDWARE/ZLG7290/zlg7290.c ****   IIC_Start();
 169              		.loc 1 53 0
 170 0002 FFF7FEFF 		bl	IIC_Start
 171              	.LVL20:
  54:HARDWARE/ZLG7290/zlg7290.c ****   // delay_us(30);
  55:HARDWARE/ZLG7290/zlg7290.c ****   IIC_Send_Byte(0x70);
 172              		.loc 1 55 0
 173 0006 7020     		movs	r0, #112
 174 0008 FFF7FEFF 		bl	IIC_Send_Byte
 175              	.LVL21:
  56:HARDWARE/ZLG7290/zlg7290.c ****   // delay_us(30);
ARM GAS  /tmp/cc6amaUY.s 			page 5


  57:HARDWARE/ZLG7290/zlg7290.c ****   d = IIC_Wait_Ack();
 176              		.loc 1 57 0
 177 000c FFF7FEFF 		bl	IIC_Wait_Ack
 178              	.LVL22:
 179 0010 0C4B     		ldr	r3, .L7
 180 0012 1860     		str	r0, [r3]
  58:HARDWARE/ZLG7290/zlg7290.c ****   IIC_Send_Byte(0x01);
 181              		.loc 1 58 0
 182 0014 0120     		movs	r0, #1
 183 0016 FFF7FEFF 		bl	IIC_Send_Byte
 184              	.LVL23:
  59:HARDWARE/ZLG7290/zlg7290.c ****   e = IIC_Wait_Ack();
 185              		.loc 1 59 0
 186 001a FFF7FEFF 		bl	IIC_Wait_Ack
 187              	.LVL24:
 188 001e 0A4B     		ldr	r3, .L7+4
 189 0020 1860     		str	r0, [r3]
  60:HARDWARE/ZLG7290/zlg7290.c ****   IIC_Start();
 190              		.loc 1 60 0
 191 0022 FFF7FEFF 		bl	IIC_Start
 192              	.LVL25:
  61:HARDWARE/ZLG7290/zlg7290.c ****   IIC_Send_Byte(0x71);
 193              		.loc 1 61 0
 194 0026 7120     		movs	r0, #113
 195 0028 FFF7FEFF 		bl	IIC_Send_Byte
 196              	.LVL26:
  62:HARDWARE/ZLG7290/zlg7290.c ****   f = IIC_Wait_Ack();
 197              		.loc 1 62 0
 198 002c FFF7FEFF 		bl	IIC_Wait_Ack
 199              	.LVL27:
 200 0030 064B     		ldr	r3, .L7+8
 201 0032 1860     		str	r0, [r3]
  63:HARDWARE/ZLG7290/zlg7290.c **** 
  64:HARDWARE/ZLG7290/zlg7290.c ****   // delay_us(30);
  65:HARDWARE/ZLG7290/zlg7290.c ****   num = IIC_Read_Byte(0);
 202              		.loc 1 65 0
 203 0034 0020     		movs	r0, #0
 204 0036 FFF7FEFF 		bl	IIC_Read_Byte
 205              	.LVL28:
 206 003a 0446     		mov	r4, r0
 207              	.LVL29:
  66:HARDWARE/ZLG7290/zlg7290.c ****   // delay_us(30);
  67:HARDWARE/ZLG7290/zlg7290.c ****   IIC_Stop();
 208              		.loc 1 67 0
 209 003c FFF7FEFF 		bl	IIC_Stop
 210              	.LVL30:
  68:HARDWARE/ZLG7290/zlg7290.c **** 
  69:HARDWARE/ZLG7290/zlg7290.c ****   return num;
  70:HARDWARE/ZLG7290/zlg7290.c **** }
 211              		.loc 1 70 0
 212 0040 2046     		mov	r0, r4
 213 0042 10BD     		pop	{r4, pc}
 214              	.LVL31:
 215              	.L8:
 216              		.align	2
 217              	.L7:
 218 0044 00000000 		.word	.LANCHOR3
ARM GAS  /tmp/cc6amaUY.s 			page 6


 219 0048 00000000 		.word	.LANCHOR4
 220 004c 00000000 		.word	.LANCHOR5
 221              		.cfi_endproc
 222              	.LFE114:
 224              		.section	.text.key_return,"ax",%progbits
 225              		.align	1
 226              		.global	key_return
 227              		.syntax unified
 228              		.thumb
 229              		.thumb_func
 230              		.fpu softvfp
 232              	key_return:
 233              	.LFB115:
  71:HARDWARE/ZLG7290/zlg7290.c **** extern int down_flag;
  72:HARDWARE/ZLG7290/zlg7290.c **** extern u16 x;
  73:HARDWARE/ZLG7290/zlg7290.c **** u32 frequence = 0;
  74:HARDWARE/ZLG7290/zlg7290.c **** u32 key_point[5];
  75:HARDWARE/ZLG7290/zlg7290.c **** u32 times = 0, key_value;
  76:HARDWARE/ZLG7290/zlg7290.c **** u8 key_return()
  77:HARDWARE/ZLG7290/zlg7290.c **** {
 234              		.loc 1 77 0
 235              		.cfi_startproc
 236              		@ args = 0, pretend = 0, frame = 0
 237              		@ frame_needed = 0, uses_anonymous_args = 0
  78:HARDWARE/ZLG7290/zlg7290.c ****   i = 0;
 238              		.loc 1 78 0
 239 0000 0022     		movs	r2, #0
 240 0002 5F4B     		ldr	r3, .L44
 241 0004 1A60     		str	r2, [r3]
  79:HARDWARE/ZLG7290/zlg7290.c ****   if (down_flag == 1)
 242              		.loc 1 79 0
 243 0006 5F4B     		ldr	r3, .L44+4
 244 0008 1B68     		ldr	r3, [r3]
 245 000a 012B     		cmp	r3, #1
 246 000c 00D0     		beq	.L43
  80:HARDWARE/ZLG7290/zlg7290.c ****   {
  81:HARDWARE/ZLG7290/zlg7290.c ****     // LED0=!LED0;
  82:HARDWARE/ZLG7290/zlg7290.c ****     i = key_read();
  83:HARDWARE/ZLG7290/zlg7290.c ****     down_flag = 0;
  84:HARDWARE/ZLG7290/zlg7290.c ****     //	printf("%c\n",i);
  85:HARDWARE/ZLG7290/zlg7290.c ****     switch (i)
  86:HARDWARE/ZLG7290/zlg7290.c ****     {
  87:HARDWARE/ZLG7290/zlg7290.c ****     case 0x01:
  88:HARDWARE/ZLG7290/zlg7290.c ****       key_point[times] = 0;
  89:HARDWARE/ZLG7290/zlg7290.c ****       times++;
  90:HARDWARE/ZLG7290/zlg7290.c ****       break;
  91:HARDWARE/ZLG7290/zlg7290.c ****     case 0x02:
  92:HARDWARE/ZLG7290/zlg7290.c ****       key_point[times] = 1;
  93:HARDWARE/ZLG7290/zlg7290.c ****       times++;
  94:HARDWARE/ZLG7290/zlg7290.c ****       break;
  95:HARDWARE/ZLG7290/zlg7290.c ****     case 0x03:
  96:HARDWARE/ZLG7290/zlg7290.c ****       key_point[times] = 2;
  97:HARDWARE/ZLG7290/zlg7290.c ****       times++;
  98:HARDWARE/ZLG7290/zlg7290.c ****       break;
  99:HARDWARE/ZLG7290/zlg7290.c ****     case 0x04:
 100:HARDWARE/ZLG7290/zlg7290.c ****       key_point[times] = 3;
 101:HARDWARE/ZLG7290/zlg7290.c ****       times++;
ARM GAS  /tmp/cc6amaUY.s 			page 7


 102:HARDWARE/ZLG7290/zlg7290.c ****       break;
 103:HARDWARE/ZLG7290/zlg7290.c ****     case 0x05:
 104:HARDWARE/ZLG7290/zlg7290.c ****       key_point[times] = 4;
 105:HARDWARE/ZLG7290/zlg7290.c ****       times++;
 106:HARDWARE/ZLG7290/zlg7290.c ****       break;
 107:HARDWARE/ZLG7290/zlg7290.c **** 
 108:HARDWARE/ZLG7290/zlg7290.c ****     case 0x09:
 109:HARDWARE/ZLG7290/zlg7290.c ****       key_point[times] = 5;
 110:HARDWARE/ZLG7290/zlg7290.c ****       times++;
 111:HARDWARE/ZLG7290/zlg7290.c ****       break;
 112:HARDWARE/ZLG7290/zlg7290.c ****     case 0x0a:
 113:HARDWARE/ZLG7290/zlg7290.c ****       key_point[times] = 6;
 114:HARDWARE/ZLG7290/zlg7290.c ****       times++;
 115:HARDWARE/ZLG7290/zlg7290.c ****       break;
 116:HARDWARE/ZLG7290/zlg7290.c ****     case 0x0b:
 117:HARDWARE/ZLG7290/zlg7290.c ****       key_point[times] = 7;
 118:HARDWARE/ZLG7290/zlg7290.c ****       times++;
 119:HARDWARE/ZLG7290/zlg7290.c ****       break;
 120:HARDWARE/ZLG7290/zlg7290.c ****     case 0x0c:
 121:HARDWARE/ZLG7290/zlg7290.c ****       key_point[times] = 8;
 122:HARDWARE/ZLG7290/zlg7290.c ****       times++;
 123:HARDWARE/ZLG7290/zlg7290.c ****       break;
 124:HARDWARE/ZLG7290/zlg7290.c ****     case 0x0d:
 125:HARDWARE/ZLG7290/zlg7290.c ****       key_point[times] = 9;
 126:HARDWARE/ZLG7290/zlg7290.c ****       times++;
 127:HARDWARE/ZLG7290/zlg7290.c ****       break;
 128:HARDWARE/ZLG7290/zlg7290.c **** 
 129:HARDWARE/ZLG7290/zlg7290.c ****     case 0x11:
 130:HARDWARE/ZLG7290/zlg7290.c ****       key_value = key_point[0] * 10000000 + key_point[1] * 1000000 + key_point[2] * 100000 + key_po
 131:HARDWARE/ZLG7290/zlg7290.c ****                   key_point[4] * 1000;
 132:HARDWARE/ZLG7290/zlg7290.c ****       times = 0;
 133:HARDWARE/ZLG7290/zlg7290.c **** 
 134:HARDWARE/ZLG7290/zlg7290.c ****     case 0x12:
 135:HARDWARE/ZLG7290/zlg7290.c ****       return 'b';
 136:HARDWARE/ZLG7290/zlg7290.c ****     case 0x13:
 137:HARDWARE/ZLG7290/zlg7290.c ****       return 'c';
 138:HARDWARE/ZLG7290/zlg7290.c ****     case 0x14:
 139:HARDWARE/ZLG7290/zlg7290.c ****       return 'd';
 140:HARDWARE/ZLG7290/zlg7290.c ****     case 0x15:
 141:HARDWARE/ZLG7290/zlg7290.c ****       return 'e';
 142:HARDWARE/ZLG7290/zlg7290.c **** 
 143:HARDWARE/ZLG7290/zlg7290.c ****     case 0x19:
 144:HARDWARE/ZLG7290/zlg7290.c ****       return 'f';
 145:HARDWARE/ZLG7290/zlg7290.c ****     case 0x1a:
 146:HARDWARE/ZLG7290/zlg7290.c ****       return 'g';
 147:HARDWARE/ZLG7290/zlg7290.c ****     case 0x1b:
 148:HARDWARE/ZLG7290/zlg7290.c ****       return 'h';
 149:HARDWARE/ZLG7290/zlg7290.c ****     case 0x1c:
 150:HARDWARE/ZLG7290/zlg7290.c ****       return 'i';
 151:HARDWARE/ZLG7290/zlg7290.c ****     case 0x1d:
 152:HARDWARE/ZLG7290/zlg7290.c ****       return 'j';
 153:HARDWARE/ZLG7290/zlg7290.c **** 
 154:HARDWARE/ZLG7290/zlg7290.c ****     case 0x21:
 155:HARDWARE/ZLG7290/zlg7290.c ****       return 'k';
 156:HARDWARE/ZLG7290/zlg7290.c ****     case 0x22:
 157:HARDWARE/ZLG7290/zlg7290.c ****       return 'l';
 158:HARDWARE/ZLG7290/zlg7290.c ****     case 0x23:
ARM GAS  /tmp/cc6amaUY.s 			page 8


 159:HARDWARE/ZLG7290/zlg7290.c ****       return 'm';
 160:HARDWARE/ZLG7290/zlg7290.c ****     case 0x24:
 161:HARDWARE/ZLG7290/zlg7290.c ****       return 'n';
 162:HARDWARE/ZLG7290/zlg7290.c ****     case 0x25:
 163:HARDWARE/ZLG7290/zlg7290.c ****       return 'o';
 164:HARDWARE/ZLG7290/zlg7290.c ****     default:
 165:HARDWARE/ZLG7290/zlg7290.c ****       return 0;
 166:HARDWARE/ZLG7290/zlg7290.c ****     }
 167:HARDWARE/ZLG7290/zlg7290.c ****     // delay_us(20);
 168:HARDWARE/ZLG7290/zlg7290.c ****   }
 169:HARDWARE/ZLG7290/zlg7290.c **** }
 247              		.loc 1 169 0
 248 000e 7047     		bx	lr
 249              	.L43:
  77:HARDWARE/ZLG7290/zlg7290.c ****   i = 0;
 250              		.loc 1 77 0
 251 0010 10B5     		push	{r4, lr}
 252              	.LCFI4:
 253              		.cfi_def_cfa_offset 8
 254              		.cfi_offset 4, -8
 255              		.cfi_offset 14, -4
  82:HARDWARE/ZLG7290/zlg7290.c ****     down_flag = 0;
 256              		.loc 1 82 0
 257 0012 FFF7FEFF 		bl	key_read
 258              	.LVL32:
 259 0016 5A4B     		ldr	r3, .L44
 260 0018 1860     		str	r0, [r3]
  83:HARDWARE/ZLG7290/zlg7290.c ****     //	printf("%c\n",i);
 261              		.loc 1 83 0
 262 001a 0022     		movs	r2, #0
 263 001c 594B     		ldr	r3, .L44+4
 264 001e 1A60     		str	r2, [r3]
  85:HARDWARE/ZLG7290/zlg7290.c ****     {
 265              		.loc 1 85 0
 266 0020 0138     		subs	r0, r0, #1
 267 0022 2428     		cmp	r0, #36
 268 0024 00F2A680 		bhi	.L11
 269 0028 DFE800F0 		tbb	[pc, r0]
 270              	.L13:
 271 002c 13       		.byte	(.L12-.L13)/2
 272 002d 1C       		.byte	(.L14-.L13)/2
 273 002e 25       		.byte	(.L15-.L13)/2
 274 002f 2E       		.byte	(.L16-.L13)/2
 275 0030 37       		.byte	(.L17-.L13)/2
 276 0031 A4       		.byte	(.L11-.L13)/2
 277 0032 A4       		.byte	(.L11-.L13)/2
 278 0033 A4       		.byte	(.L11-.L13)/2
 279 0034 40       		.byte	(.L18-.L13)/2
 280 0035 49       		.byte	(.L19-.L13)/2
 281 0036 52       		.byte	(.L20-.L13)/2
 282 0037 5B       		.byte	(.L21-.L13)/2
 283 0038 64       		.byte	(.L22-.L13)/2
 284 0039 A4       		.byte	(.L11-.L13)/2
 285 003a A4       		.byte	(.L11-.L13)/2
 286 003b A4       		.byte	(.L11-.L13)/2
 287 003c 6D       		.byte	(.L23-.L13)/2
 288 003d A8       		.byte	(.L38-.L13)/2
ARM GAS  /tmp/cc6amaUY.s 			page 9


 289 003e A6       		.byte	(.L25-.L13)/2
 290 003f 8C       		.byte	(.L26-.L13)/2
 291 0040 8E       		.byte	(.L27-.L13)/2
 292 0041 A4       		.byte	(.L11-.L13)/2
 293 0042 A4       		.byte	(.L11-.L13)/2
 294 0043 A4       		.byte	(.L11-.L13)/2
 295 0044 90       		.byte	(.L28-.L13)/2
 296 0045 92       		.byte	(.L29-.L13)/2
 297 0046 94       		.byte	(.L30-.L13)/2
 298 0047 96       		.byte	(.L31-.L13)/2
 299 0048 98       		.byte	(.L32-.L13)/2
 300 0049 A4       		.byte	(.L11-.L13)/2
 301 004a A4       		.byte	(.L11-.L13)/2
 302 004b A4       		.byte	(.L11-.L13)/2
 303 004c 9A       		.byte	(.L33-.L13)/2
 304 004d 9C       		.byte	(.L34-.L13)/2
 305 004e 9E       		.byte	(.L35-.L13)/2
 306 004f A0       		.byte	(.L36-.L13)/2
 307 0050 A2       		.byte	(.L37-.L13)/2
 308 0051 00       		.p2align 1
 309              	.L12:
  88:HARDWARE/ZLG7290/zlg7290.c ****       times++;
 310              		.loc 1 88 0
 311 0052 4D4A     		ldr	r2, .L44+8
 312 0054 1368     		ldr	r3, [r2]
 313 0056 0020     		movs	r0, #0
 314 0058 4C49     		ldr	r1, .L44+12
 315 005a 41F82300 		str	r0, [r1, r3, lsl #2]
  89:HARDWARE/ZLG7290/zlg7290.c ****       break;
 316              		.loc 1 89 0
 317 005e 0133     		adds	r3, r3, #1
 318 0060 1360     		str	r3, [r2]
 319              	.L10:
 320              		.loc 1 169 0
 321 0062 10BD     		pop	{r4, pc}
 322              	.L14:
  92:HARDWARE/ZLG7290/zlg7290.c ****       times++;
 323              		.loc 1 92 0
 324 0064 484A     		ldr	r2, .L44+8
 325 0066 1368     		ldr	r3, [r2]
 326 0068 0120     		movs	r0, #1
 327 006a 4849     		ldr	r1, .L44+12
 328 006c 41F82300 		str	r0, [r1, r3, lsl #2]
  93:HARDWARE/ZLG7290/zlg7290.c ****       break;
 329              		.loc 1 93 0
 330 0070 0344     		add	r3, r3, r0
 331 0072 1360     		str	r3, [r2]
  94:HARDWARE/ZLG7290/zlg7290.c ****     case 0x03:
 332              		.loc 1 94 0
 333 0074 F5E7     		b	.L10
 334              	.L15:
  96:HARDWARE/ZLG7290/zlg7290.c ****       times++;
 335              		.loc 1 96 0
 336 0076 444A     		ldr	r2, .L44+8
 337 0078 1368     		ldr	r3, [r2]
 338 007a 0220     		movs	r0, #2
 339 007c 4349     		ldr	r1, .L44+12
ARM GAS  /tmp/cc6amaUY.s 			page 10


 340 007e 41F82300 		str	r0, [r1, r3, lsl #2]
  97:HARDWARE/ZLG7290/zlg7290.c ****       break;
 341              		.loc 1 97 0
 342 0082 0133     		adds	r3, r3, #1
 343 0084 1360     		str	r3, [r2]
  98:HARDWARE/ZLG7290/zlg7290.c ****     case 0x04:
 344              		.loc 1 98 0
 345 0086 ECE7     		b	.L10
 346              	.L16:
 100:HARDWARE/ZLG7290/zlg7290.c ****       times++;
 347              		.loc 1 100 0
 348 0088 3F4A     		ldr	r2, .L44+8
 349 008a 1368     		ldr	r3, [r2]
 350 008c 0320     		movs	r0, #3
 351 008e 3F49     		ldr	r1, .L44+12
 352 0090 41F82300 		str	r0, [r1, r3, lsl #2]
 101:HARDWARE/ZLG7290/zlg7290.c ****       break;
 353              		.loc 1 101 0
 354 0094 0133     		adds	r3, r3, #1
 355 0096 1360     		str	r3, [r2]
 102:HARDWARE/ZLG7290/zlg7290.c ****     case 0x05:
 356              		.loc 1 102 0
 357 0098 E3E7     		b	.L10
 358              	.L17:
 104:HARDWARE/ZLG7290/zlg7290.c ****       times++;
 359              		.loc 1 104 0
 360 009a 3B4A     		ldr	r2, .L44+8
 361 009c 1368     		ldr	r3, [r2]
 362 009e 0420     		movs	r0, #4
 363 00a0 3A49     		ldr	r1, .L44+12
 364 00a2 41F82300 		str	r0, [r1, r3, lsl #2]
 105:HARDWARE/ZLG7290/zlg7290.c ****       break;
 365              		.loc 1 105 0
 366 00a6 0133     		adds	r3, r3, #1
 367 00a8 1360     		str	r3, [r2]
 106:HARDWARE/ZLG7290/zlg7290.c **** 
 368              		.loc 1 106 0
 369 00aa DAE7     		b	.L10
 370              	.L18:
 109:HARDWARE/ZLG7290/zlg7290.c ****       times++;
 371              		.loc 1 109 0
 372 00ac 364A     		ldr	r2, .L44+8
 373 00ae 1368     		ldr	r3, [r2]
 374 00b0 0520     		movs	r0, #5
 375 00b2 3649     		ldr	r1, .L44+12
 376 00b4 41F82300 		str	r0, [r1, r3, lsl #2]
 110:HARDWARE/ZLG7290/zlg7290.c ****       break;
 377              		.loc 1 110 0
 378 00b8 0133     		adds	r3, r3, #1
 379 00ba 1360     		str	r3, [r2]
 111:HARDWARE/ZLG7290/zlg7290.c ****     case 0x0a:
 380              		.loc 1 111 0
 381 00bc D1E7     		b	.L10
 382              	.L19:
 113:HARDWARE/ZLG7290/zlg7290.c ****       times++;
 383              		.loc 1 113 0
 384 00be 324A     		ldr	r2, .L44+8
ARM GAS  /tmp/cc6amaUY.s 			page 11


 385 00c0 1368     		ldr	r3, [r2]
 386 00c2 0620     		movs	r0, #6
 387 00c4 3149     		ldr	r1, .L44+12
 388 00c6 41F82300 		str	r0, [r1, r3, lsl #2]
 114:HARDWARE/ZLG7290/zlg7290.c ****       break;
 389              		.loc 1 114 0
 390 00ca 0133     		adds	r3, r3, #1
 391 00cc 1360     		str	r3, [r2]
 115:HARDWARE/ZLG7290/zlg7290.c ****     case 0x0b:
 392              		.loc 1 115 0
 393 00ce C8E7     		b	.L10
 394              	.L20:
 117:HARDWARE/ZLG7290/zlg7290.c ****       times++;
 395              		.loc 1 117 0
 396 00d0 2D4A     		ldr	r2, .L44+8
 397 00d2 1368     		ldr	r3, [r2]
 398 00d4 0720     		movs	r0, #7
 399 00d6 2D49     		ldr	r1, .L44+12
 400 00d8 41F82300 		str	r0, [r1, r3, lsl #2]
 118:HARDWARE/ZLG7290/zlg7290.c ****       break;
 401              		.loc 1 118 0
 402 00dc 0133     		adds	r3, r3, #1
 403 00de 1360     		str	r3, [r2]
 119:HARDWARE/ZLG7290/zlg7290.c ****     case 0x0c:
 404              		.loc 1 119 0
 405 00e0 BFE7     		b	.L10
 406              	.L21:
 121:HARDWARE/ZLG7290/zlg7290.c ****       times++;
 407              		.loc 1 121 0
 408 00e2 294A     		ldr	r2, .L44+8
 409 00e4 1368     		ldr	r3, [r2]
 410 00e6 0820     		movs	r0, #8
 411 00e8 2849     		ldr	r1, .L44+12
 412 00ea 41F82300 		str	r0, [r1, r3, lsl #2]
 122:HARDWARE/ZLG7290/zlg7290.c ****       break;
 413              		.loc 1 122 0
 414 00ee 0133     		adds	r3, r3, #1
 415 00f0 1360     		str	r3, [r2]
 123:HARDWARE/ZLG7290/zlg7290.c ****     case 0x0d:
 416              		.loc 1 123 0
 417 00f2 B6E7     		b	.L10
 418              	.L22:
 125:HARDWARE/ZLG7290/zlg7290.c ****       times++;
 419              		.loc 1 125 0
 420 00f4 244A     		ldr	r2, .L44+8
 421 00f6 1368     		ldr	r3, [r2]
 422 00f8 0920     		movs	r0, #9
 423 00fa 2449     		ldr	r1, .L44+12
 424 00fc 41F82300 		str	r0, [r1, r3, lsl #2]
 126:HARDWARE/ZLG7290/zlg7290.c ****       break;
 425              		.loc 1 126 0
 426 0100 0133     		adds	r3, r3, #1
 427 0102 1360     		str	r3, [r2]
 127:HARDWARE/ZLG7290/zlg7290.c **** 
 428              		.loc 1 127 0
 429 0104 ADE7     		b	.L10
 430              	.L23:
ARM GAS  /tmp/cc6amaUY.s 			page 12


 130:HARDWARE/ZLG7290/zlg7290.c ****                   key_point[4] * 1000;
 431              		.loc 1 130 0
 432 0106 214A     		ldr	r2, .L44+12
 433 0108 1368     		ldr	r3, [r2]
 434 010a 5068     		ldr	r0, [r2, #4]
 435 010c 2049     		ldr	r1, .L44+16
 436 010e 01FB00F1 		mul	r1, r1, r0
 437 0112 2048     		ldr	r0, .L44+20
 438 0114 00FB0311 		mla	r1, r0, r3, r1
 439 0118 D368     		ldr	r3, [r2, #12]
 440 011a 9468     		ldr	r4, [r2, #8]
 441 011c 1E48     		ldr	r0, .L44+24
 442 011e 00FB04F0 		mul	r0, r0, r4
 443 0122 42F21074 		movw	r4, #10000
 444 0126 04FB0303 		mla	r3, r4, r3, r0
 445 012a 0B44     		add	r3, r3, r1
 131:HARDWARE/ZLG7290/zlg7290.c ****       times = 0;
 446              		.loc 1 131 0
 447 012c 1269     		ldr	r2, [r2, #16]
 130:HARDWARE/ZLG7290/zlg7290.c ****                   key_point[4] * 1000;
 448              		.loc 1 130 0
 449 012e 4FF47A71 		mov	r1, #1000
 450 0132 01FB0233 		mla	r3, r1, r2, r3
 451 0136 194A     		ldr	r2, .L44+28
 452 0138 1360     		str	r3, [r2]
 132:HARDWARE/ZLG7290/zlg7290.c **** 
 453              		.loc 1 132 0
 454 013a 0022     		movs	r2, #0
 455 013c 124B     		ldr	r3, .L44+8
 456 013e 1A60     		str	r2, [r3]
 135:HARDWARE/ZLG7290/zlg7290.c ****     case 0x13:
 457              		.loc 1 135 0
 458 0140 6220     		movs	r0, #98
 459 0142 10BD     		pop	{r4, pc}
 460              	.L26:
 139:HARDWARE/ZLG7290/zlg7290.c ****     case 0x15:
 461              		.loc 1 139 0
 462 0144 6420     		movs	r0, #100
 463 0146 10BD     		pop	{r4, pc}
 464              	.L27:
 141:HARDWARE/ZLG7290/zlg7290.c **** 
 465              		.loc 1 141 0
 466 0148 6520     		movs	r0, #101
 467 014a 10BD     		pop	{r4, pc}
 468              	.L28:
 144:HARDWARE/ZLG7290/zlg7290.c ****     case 0x1a:
 469              		.loc 1 144 0
 470 014c 6620     		movs	r0, #102
 471 014e 10BD     		pop	{r4, pc}
 472              	.L29:
 146:HARDWARE/ZLG7290/zlg7290.c ****     case 0x1b:
 473              		.loc 1 146 0
 474 0150 6720     		movs	r0, #103
 475 0152 10BD     		pop	{r4, pc}
 476              	.L30:
 148:HARDWARE/ZLG7290/zlg7290.c ****     case 0x1c:
 477              		.loc 1 148 0
ARM GAS  /tmp/cc6amaUY.s 			page 13


 478 0154 6820     		movs	r0, #104
 479 0156 10BD     		pop	{r4, pc}
 480              	.L31:
 150:HARDWARE/ZLG7290/zlg7290.c ****     case 0x1d:
 481              		.loc 1 150 0
 482 0158 6920     		movs	r0, #105
 483 015a 10BD     		pop	{r4, pc}
 484              	.L32:
 152:HARDWARE/ZLG7290/zlg7290.c **** 
 485              		.loc 1 152 0
 486 015c 6A20     		movs	r0, #106
 487 015e 10BD     		pop	{r4, pc}
 488              	.L33:
 155:HARDWARE/ZLG7290/zlg7290.c ****     case 0x22:
 489              		.loc 1 155 0
 490 0160 6B20     		movs	r0, #107
 491 0162 10BD     		pop	{r4, pc}
 492              	.L34:
 157:HARDWARE/ZLG7290/zlg7290.c ****     case 0x23:
 493              		.loc 1 157 0
 494 0164 6C20     		movs	r0, #108
 495 0166 10BD     		pop	{r4, pc}
 496              	.L35:
 159:HARDWARE/ZLG7290/zlg7290.c ****     case 0x24:
 497              		.loc 1 159 0
 498 0168 6D20     		movs	r0, #109
 499 016a 10BD     		pop	{r4, pc}
 500              	.L36:
 161:HARDWARE/ZLG7290/zlg7290.c ****     case 0x25:
 501              		.loc 1 161 0
 502 016c 6E20     		movs	r0, #110
 503 016e 10BD     		pop	{r4, pc}
 504              	.L37:
 163:HARDWARE/ZLG7290/zlg7290.c ****     default:
 505              		.loc 1 163 0
 506 0170 6F20     		movs	r0, #111
 507 0172 10BD     		pop	{r4, pc}
 508              	.L11:
 165:HARDWARE/ZLG7290/zlg7290.c ****     }
 509              		.loc 1 165 0
 510 0174 0020     		movs	r0, #0
 511 0176 10BD     		pop	{r4, pc}
 512              	.L25:
 137:HARDWARE/ZLG7290/zlg7290.c ****     case 0x14:
 513              		.loc 1 137 0
 514 0178 6320     		movs	r0, #99
 515 017a 10BD     		pop	{r4, pc}
 516              	.L38:
 135:HARDWARE/ZLG7290/zlg7290.c ****     case 0x13:
 517              		.loc 1 135 0
 518 017c 6220     		movs	r0, #98
 519              		.loc 1 169 0
 520 017e 10BD     		pop	{r4, pc}
 521              	.L45:
 522              		.align	2
 523              	.L44:
 524 0180 00000000 		.word	i
ARM GAS  /tmp/cc6amaUY.s 			page 14


 525 0184 00000000 		.word	down_flag
 526 0188 00000000 		.word	.LANCHOR6
 527 018c 00000000 		.word	key_point
 528 0190 40420F00 		.word	1000000
 529 0194 80969800 		.word	10000000
 530 0198 A0860100 		.word	100000
 531 019c 00000000 		.word	key_value
 532              		.cfi_endproc
 533              	.LFE115:
 535              		.comm	key_value,4,4
 536              		.global	times
 537              		.comm	key_point,20,4
 538              		.global	frequence
 539              		.comm	i,4,4
 540              		.global	f
 541              		.global	e
 542              		.global	d
 543              		.global	c
 544              		.global	b
 545              		.global	a
 546              		.section	.bss.frequence,"aw",%nobits
 547              		.align	2
 550              	frequence:
 551 0000 00000000 		.space	4
 552              		.section	.bss.times,"aw",%nobits
 553              		.align	2
 554              		.set	.LANCHOR6,. + 0
 557              	times:
 558 0000 00000000 		.space	4
 559              		.section	.data.a,"aw",%progbits
 560              		.align	2
 561              		.set	.LANCHOR0,. + 0
 564              	a:
 565 0000 01000000 		.word	1
 566              		.section	.data.b,"aw",%progbits
 567              		.align	2
 568              		.set	.LANCHOR1,. + 0
 571              	b:
 572 0000 01000000 		.word	1
 573              		.section	.data.c,"aw",%progbits
 574              		.align	2
 575              		.set	.LANCHOR2,. + 0
 578              	c:
 579 0000 01000000 		.word	1
 580              		.section	.data.d,"aw",%progbits
 581              		.align	2
 582              		.set	.LANCHOR3,. + 0
 585              	d:
 586 0000 01000000 		.word	1
 587              		.section	.data.e,"aw",%progbits
 588              		.align	2
 589              		.set	.LANCHOR4,. + 0
 592              	e:
 593 0000 01000000 		.word	1
 594              		.section	.data.f,"aw",%progbits
 595              		.align	2
 596              		.set	.LANCHOR5,. + 0
ARM GAS  /tmp/cc6amaUY.s 			page 15


 599              	f:
 600 0000 01000000 		.word	1
 601              		.text
 602              	.Letext0:
 603              		.file 2 "/usr/include/newlib/machine/_default_types.h"
 604              		.file 3 "/usr/include/newlib/sys/_stdint.h"
 605              		.file 4 "CORE/core_cm4.h"
 606              		.file 5 "USER/system_stm32f4xx.h"
 607              		.file 6 "USER/stm32f4xx.h"
 608              		.file 7 "FWLIB/inc/stm32f4xx_gpio.h"
 609              		.file 8 "HARDWARE/EXTI/exti.h"
 610              		.file 9 "/usr/include/newlib/sys/lock.h"
 611              		.file 10 "/usr/include/newlib/sys/_types.h"
 612              		.file 11 "/usr/lib/gcc/arm-none-eabi/6.3.1/include/stddef.h"
 613              		.file 12 "/usr/include/newlib/sys/reent.h"
 614              		.file 13 "SYSTEM/usart/usart.h"
 615              		.file 14 "HARDWARE/IIC/myiic.h"
 616              		.file 15 "FWLIB/inc/stm32f4xx_rcc.h"
 617              		.file 16 "SYSTEM/delay/delay.h"
ARM GAS  /tmp/cc6amaUY.s 			page 16


DEFINED SYMBOLS
                            *ABS*:0000000000000000 zlg7290.c
     /tmp/cc6amaUY.s:16     .text.ZLGKeyBoard_Init:0000000000000000 $t
     /tmp/cc6amaUY.s:23     .text.ZLGKeyBoard_Init:0000000000000000 ZLGKeyBoard_Init
     /tmp/cc6amaUY.s:139    .text.ZLGKeyBoard_Init:0000000000000098 $d
     /tmp/cc6amaUY.s:150    .text.key_read:0000000000000000 $t
     /tmp/cc6amaUY.s:157    .text.key_read:0000000000000000 key_read
     /tmp/cc6amaUY.s:218    .text.key_read:0000000000000044 $d
     /tmp/cc6amaUY.s:225    .text.key_return:0000000000000000 $t
     /tmp/cc6amaUY.s:232    .text.key_return:0000000000000000 key_return
     /tmp/cc6amaUY.s:271    .text.key_return:000000000000002c $d
     /tmp/cc6amaUY.s:524    .text.key_return:0000000000000180 $d
                            *COM*:0000000000000004 i
                            *COM*:0000000000000014 key_point
                            *COM*:0000000000000004 key_value
     /tmp/cc6amaUY.s:557    .bss.times:0000000000000000 times
     /tmp/cc6amaUY.s:550    .bss.frequence:0000000000000000 frequence
     /tmp/cc6amaUY.s:599    .data.f:0000000000000000 f
     /tmp/cc6amaUY.s:592    .data.e:0000000000000000 e
     /tmp/cc6amaUY.s:585    .data.d:0000000000000000 d
     /tmp/cc6amaUY.s:578    .data.c:0000000000000000 c
     /tmp/cc6amaUY.s:571    .data.b:0000000000000000 b
     /tmp/cc6amaUY.s:564    .data.a:0000000000000000 a
     /tmp/cc6amaUY.s:547    .bss.frequence:0000000000000000 $d
     /tmp/cc6amaUY.s:553    .bss.times:0000000000000000 $d
     /tmp/cc6amaUY.s:560    .data.a:0000000000000000 $d
     /tmp/cc6amaUY.s:567    .data.b:0000000000000000 $d
     /tmp/cc6amaUY.s:574    .data.c:0000000000000000 $d
     /tmp/cc6amaUY.s:581    .data.d:0000000000000000 $d
     /tmp/cc6amaUY.s:588    .data.e:0000000000000000 $d
     /tmp/cc6amaUY.s:595    .data.f:0000000000000000 $d
                     .debug_frame:0000000000000010 $d
     /tmp/cc6amaUY.s:308    .text.key_return:0000000000000051 $d
     /tmp/cc6amaUY.s:308    .text.key_return:0000000000000052 $t

UNDEFINED SYMBOLS
RCC_AHB1PeriphClockCmd
GPIO_Init
IIC_Start
IIC_Send_Byte
IIC_Wait_Ack
IIC_Stop
delay_us
IIC_Read_Byte
down_flag
