ARM GAS  /tmp/ccxpmokW.s 			page 1


   1              		.cpu cortex-m7
   2              		.eabi_attribute 28, 1
   3              		.eabi_attribute 20, 1
   4              		.eabi_attribute 21, 1
   5              		.eabi_attribute 23, 3
   6              		.eabi_attribute 24, 1
   7              		.eabi_attribute 25, 1
   8              		.eabi_attribute 26, 1
   9              		.eabi_attribute 30, 1
  10              		.eabi_attribute 34, 1
  11              		.eabi_attribute 18, 4
  12              		.file	"font12.c"
  13              		.text
  14              	.Ltext0:
  15              		.cfi_sections	.debug_frame
  16              		.global	Font12
  17              		.global	Font12_Table
  18              		.section	.data.Font12,"aw",%progbits
  19              		.align	2
  22              	Font12:
  23 0000 00000000 		.word	Font12_Table
  24 0004 0700     		.short	7
  25 0006 0C00     		.short	12
  26              		.section	.rodata.Font12_Table,"a",%progbits
  27              		.align	2
  30              	Font12_Table:
  31 0000 00       		.byte	0
  32 0001 00       		.byte	0
  33 0002 00       		.byte	0
  34 0003 00       		.byte	0
  35 0004 00       		.byte	0
  36 0005 00       		.byte	0
  37 0006 00       		.byte	0
  38 0007 00       		.byte	0
  39 0008 00       		.byte	0
  40 0009 00       		.byte	0
  41 000a 00       		.byte	0
  42 000b 00       		.byte	0
  43 000c 00       		.byte	0
  44 000d 10       		.byte	16
  45 000e 10       		.byte	16
  46 000f 10       		.byte	16
  47 0010 10       		.byte	16
  48 0011 10       		.byte	16
  49 0012 00       		.byte	0
  50 0013 00       		.byte	0
  51 0014 10       		.byte	16
  52 0015 00       		.byte	0
  53 0016 00       		.byte	0
  54 0017 00       		.byte	0
  55 0018 00       		.byte	0
  56 0019 6C       		.byte	108
  57 001a 48       		.byte	72
  58 001b 48       		.byte	72
  59 001c 00       		.byte	0
  60 001d 00       		.byte	0
  61 001e 00       		.byte	0
ARM GAS  /tmp/ccxpmokW.s 			page 2


  62 001f 00       		.byte	0
  63 0020 00       		.byte	0
  64 0021 00       		.byte	0
  65 0022 00       		.byte	0
  66 0023 00       		.byte	0
  67 0024 00       		.byte	0
  68 0025 14       		.byte	20
  69 0026 14       		.byte	20
  70 0027 28       		.byte	40
  71 0028 7C       		.byte	124
  72 0029 28       		.byte	40
  73 002a 7C       		.byte	124
  74 002b 28       		.byte	40
  75 002c 50       		.byte	80
  76 002d 50       		.byte	80
  77 002e 00       		.byte	0
  78 002f 00       		.byte	0
  79 0030 00       		.byte	0
  80 0031 10       		.byte	16
  81 0032 38       		.byte	56
  82 0033 40       		.byte	64
  83 0034 40       		.byte	64
  84 0035 38       		.byte	56
  85 0036 48       		.byte	72
  86 0037 70       		.byte	112
  87 0038 10       		.byte	16
  88 0039 10       		.byte	16
  89 003a 00       		.byte	0
  90 003b 00       		.byte	0
  91 003c 00       		.byte	0
  92 003d 20       		.byte	32
  93 003e 50       		.byte	80
  94 003f 20       		.byte	32
  95 0040 0C       		.byte	12
  96 0041 70       		.byte	112
  97 0042 08       		.byte	8
  98 0043 14       		.byte	20
  99 0044 08       		.byte	8
 100 0045 00       		.byte	0
 101 0046 00       		.byte	0
 102 0047 00       		.byte	0
 103 0048 00       		.byte	0
 104 0049 00       		.byte	0
 105 004a 00       		.byte	0
 106 004b 18       		.byte	24
 107 004c 20       		.byte	32
 108 004d 20       		.byte	32
 109 004e 54       		.byte	84
 110 004f 48       		.byte	72
 111 0050 34       		.byte	52
 112 0051 00       		.byte	0
 113 0052 00       		.byte	0
 114 0053 00       		.byte	0
 115 0054 00       		.byte	0
 116 0055 10       		.byte	16
 117 0056 10       		.byte	16
 118 0057 10       		.byte	16
ARM GAS  /tmp/ccxpmokW.s 			page 3


 119 0058 10       		.byte	16
 120 0059 00       		.byte	0
 121 005a 00       		.byte	0
 122 005b 00       		.byte	0
 123 005c 00       		.byte	0
 124 005d 00       		.byte	0
 125 005e 00       		.byte	0
 126 005f 00       		.byte	0
 127 0060 00       		.byte	0
 128 0061 08       		.byte	8
 129 0062 08       		.byte	8
 130 0063 10       		.byte	16
 131 0064 10       		.byte	16
 132 0065 10       		.byte	16
 133 0066 10       		.byte	16
 134 0067 10       		.byte	16
 135 0068 10       		.byte	16
 136 0069 08       		.byte	8
 137 006a 08       		.byte	8
 138 006b 00       		.byte	0
 139 006c 00       		.byte	0
 140 006d 20       		.byte	32
 141 006e 20       		.byte	32
 142 006f 10       		.byte	16
 143 0070 10       		.byte	16
 144 0071 10       		.byte	16
 145 0072 10       		.byte	16
 146 0073 10       		.byte	16
 147 0074 10       		.byte	16
 148 0075 20       		.byte	32
 149 0076 20       		.byte	32
 150 0077 00       		.byte	0
 151 0078 00       		.byte	0
 152 0079 10       		.byte	16
 153 007a 7C       		.byte	124
 154 007b 10       		.byte	16
 155 007c 28       		.byte	40
 156 007d 28       		.byte	40
 157 007e 00       		.byte	0
 158 007f 00       		.byte	0
 159 0080 00       		.byte	0
 160 0081 00       		.byte	0
 161 0082 00       		.byte	0
 162 0083 00       		.byte	0
 163 0084 00       		.byte	0
 164 0085 00       		.byte	0
 165 0086 10       		.byte	16
 166 0087 10       		.byte	16
 167 0088 10       		.byte	16
 168 0089 FE       		.byte	-2
 169 008a 10       		.byte	16
 170 008b 10       		.byte	16
 171 008c 10       		.byte	16
 172 008d 00       		.byte	0
 173 008e 00       		.byte	0
 174 008f 00       		.byte	0
 175 0090 00       		.byte	0
ARM GAS  /tmp/ccxpmokW.s 			page 4


 176 0091 00       		.byte	0
 177 0092 00       		.byte	0
 178 0093 00       		.byte	0
 179 0094 00       		.byte	0
 180 0095 00       		.byte	0
 181 0096 00       		.byte	0
 182 0097 18       		.byte	24
 183 0098 10       		.byte	16
 184 0099 30       		.byte	48
 185 009a 20       		.byte	32
 186 009b 00       		.byte	0
 187 009c 00       		.byte	0
 188 009d 00       		.byte	0
 189 009e 00       		.byte	0
 190 009f 00       		.byte	0
 191 00a0 00       		.byte	0
 192 00a1 7C       		.byte	124
 193 00a2 00       		.byte	0
 194 00a3 00       		.byte	0
 195 00a4 00       		.byte	0
 196 00a5 00       		.byte	0
 197 00a6 00       		.byte	0
 198 00a7 00       		.byte	0
 199 00a8 00       		.byte	0
 200 00a9 00       		.byte	0
 201 00aa 00       		.byte	0
 202 00ab 00       		.byte	0
 203 00ac 00       		.byte	0
 204 00ad 00       		.byte	0
 205 00ae 00       		.byte	0
 206 00af 30       		.byte	48
 207 00b0 30       		.byte	48
 208 00b1 00       		.byte	0
 209 00b2 00       		.byte	0
 210 00b3 00       		.byte	0
 211 00b4 00       		.byte	0
 212 00b5 04       		.byte	4
 213 00b6 04       		.byte	4
 214 00b7 08       		.byte	8
 215 00b8 08       		.byte	8
 216 00b9 10       		.byte	16
 217 00ba 10       		.byte	16
 218 00bb 20       		.byte	32
 219 00bc 20       		.byte	32
 220 00bd 40       		.byte	64
 221 00be 00       		.byte	0
 222 00bf 00       		.byte	0
 223 00c0 00       		.byte	0
 224 00c1 38       		.byte	56
 225 00c2 44       		.byte	68
 226 00c3 44       		.byte	68
 227 00c4 44       		.byte	68
 228 00c5 44       		.byte	68
 229 00c6 44       		.byte	68
 230 00c7 44       		.byte	68
 231 00c8 38       		.byte	56
 232 00c9 00       		.byte	0
ARM GAS  /tmp/ccxpmokW.s 			page 5


 233 00ca 00       		.byte	0
 234 00cb 00       		.byte	0
 235 00cc 00       		.byte	0
 236 00cd 30       		.byte	48
 237 00ce 10       		.byte	16
 238 00cf 10       		.byte	16
 239 00d0 10       		.byte	16
 240 00d1 10       		.byte	16
 241 00d2 10       		.byte	16
 242 00d3 10       		.byte	16
 243 00d4 7C       		.byte	124
 244 00d5 00       		.byte	0
 245 00d6 00       		.byte	0
 246 00d7 00       		.byte	0
 247 00d8 00       		.byte	0
 248 00d9 38       		.byte	56
 249 00da 44       		.byte	68
 250 00db 04       		.byte	4
 251 00dc 08       		.byte	8
 252 00dd 10       		.byte	16
 253 00de 20       		.byte	32
 254 00df 44       		.byte	68
 255 00e0 7C       		.byte	124
 256 00e1 00       		.byte	0
 257 00e2 00       		.byte	0
 258 00e3 00       		.byte	0
 259 00e4 00       		.byte	0
 260 00e5 38       		.byte	56
 261 00e6 44       		.byte	68
 262 00e7 04       		.byte	4
 263 00e8 18       		.byte	24
 264 00e9 04       		.byte	4
 265 00ea 04       		.byte	4
 266 00eb 44       		.byte	68
 267 00ec 38       		.byte	56
 268 00ed 00       		.byte	0
 269 00ee 00       		.byte	0
 270 00ef 00       		.byte	0
 271 00f0 00       		.byte	0
 272 00f1 0C       		.byte	12
 273 00f2 14       		.byte	20
 274 00f3 14       		.byte	20
 275 00f4 24       		.byte	36
 276 00f5 44       		.byte	68
 277 00f6 7E       		.byte	126
 278 00f7 04       		.byte	4
 279 00f8 0E       		.byte	14
 280 00f9 00       		.byte	0
 281 00fa 00       		.byte	0
 282 00fb 00       		.byte	0
 283 00fc 00       		.byte	0
 284 00fd 3C       		.byte	60
 285 00fe 20       		.byte	32
 286 00ff 20       		.byte	32
 287 0100 38       		.byte	56
 288 0101 04       		.byte	4
 289 0102 04       		.byte	4
ARM GAS  /tmp/ccxpmokW.s 			page 6


 290 0103 44       		.byte	68
 291 0104 38       		.byte	56
 292 0105 00       		.byte	0
 293 0106 00       		.byte	0
 294 0107 00       		.byte	0
 295 0108 00       		.byte	0
 296 0109 1C       		.byte	28
 297 010a 20       		.byte	32
 298 010b 40       		.byte	64
 299 010c 78       		.byte	120
 300 010d 44       		.byte	68
 301 010e 44       		.byte	68
 302 010f 44       		.byte	68
 303 0110 38       		.byte	56
 304 0111 00       		.byte	0
 305 0112 00       		.byte	0
 306 0113 00       		.byte	0
 307 0114 00       		.byte	0
 308 0115 7C       		.byte	124
 309 0116 44       		.byte	68
 310 0117 04       		.byte	4
 311 0118 08       		.byte	8
 312 0119 08       		.byte	8
 313 011a 08       		.byte	8
 314 011b 10       		.byte	16
 315 011c 10       		.byte	16
 316 011d 00       		.byte	0
 317 011e 00       		.byte	0
 318 011f 00       		.byte	0
 319 0120 00       		.byte	0
 320 0121 38       		.byte	56
 321 0122 44       		.byte	68
 322 0123 44       		.byte	68
 323 0124 38       		.byte	56
 324 0125 44       		.byte	68
 325 0126 44       		.byte	68
 326 0127 44       		.byte	68
 327 0128 38       		.byte	56
 328 0129 00       		.byte	0
 329 012a 00       		.byte	0
 330 012b 00       		.byte	0
 331 012c 00       		.byte	0
 332 012d 38       		.byte	56
 333 012e 44       		.byte	68
 334 012f 44       		.byte	68
 335 0130 44       		.byte	68
 336 0131 3C       		.byte	60
 337 0132 04       		.byte	4
 338 0133 08       		.byte	8
 339 0134 70       		.byte	112
 340 0135 00       		.byte	0
 341 0136 00       		.byte	0
 342 0137 00       		.byte	0
 343 0138 00       		.byte	0
 344 0139 00       		.byte	0
 345 013a 00       		.byte	0
 346 013b 30       		.byte	48
ARM GAS  /tmp/ccxpmokW.s 			page 7


 347 013c 30       		.byte	48
 348 013d 00       		.byte	0
 349 013e 00       		.byte	0
 350 013f 30       		.byte	48
 351 0140 30       		.byte	48
 352 0141 00       		.byte	0
 353 0142 00       		.byte	0
 354 0143 00       		.byte	0
 355 0144 00       		.byte	0
 356 0145 00       		.byte	0
 357 0146 00       		.byte	0
 358 0147 18       		.byte	24
 359 0148 18       		.byte	24
 360 0149 00       		.byte	0
 361 014a 00       		.byte	0
 362 014b 18       		.byte	24
 363 014c 30       		.byte	48
 364 014d 20       		.byte	32
 365 014e 00       		.byte	0
 366 014f 00       		.byte	0
 367 0150 00       		.byte	0
 368 0151 00       		.byte	0
 369 0152 0C       		.byte	12
 370 0153 10       		.byte	16
 371 0154 60       		.byte	96
 372 0155 80       		.byte	-128
 373 0156 60       		.byte	96
 374 0157 10       		.byte	16
 375 0158 0C       		.byte	12
 376 0159 00       		.byte	0
 377 015a 00       		.byte	0
 378 015b 00       		.byte	0
 379 015c 00       		.byte	0
 380 015d 00       		.byte	0
 381 015e 00       		.byte	0
 382 015f 00       		.byte	0
 383 0160 7C       		.byte	124
 384 0161 00       		.byte	0
 385 0162 7C       		.byte	124
 386 0163 00       		.byte	0
 387 0164 00       		.byte	0
 388 0165 00       		.byte	0
 389 0166 00       		.byte	0
 390 0167 00       		.byte	0
 391 0168 00       		.byte	0
 392 0169 00       		.byte	0
 393 016a C0       		.byte	-64
 394 016b 20       		.byte	32
 395 016c 18       		.byte	24
 396 016d 04       		.byte	4
 397 016e 18       		.byte	24
 398 016f 20       		.byte	32
 399 0170 C0       		.byte	-64
 400 0171 00       		.byte	0
 401 0172 00       		.byte	0
 402 0173 00       		.byte	0
 403 0174 00       		.byte	0
ARM GAS  /tmp/ccxpmokW.s 			page 8


 404 0175 00       		.byte	0
 405 0176 18       		.byte	24
 406 0177 24       		.byte	36
 407 0178 04       		.byte	4
 408 0179 08       		.byte	8
 409 017a 10       		.byte	16
 410 017b 00       		.byte	0
 411 017c 30       		.byte	48
 412 017d 00       		.byte	0
 413 017e 00       		.byte	0
 414 017f 00       		.byte	0
 415 0180 38       		.byte	56
 416 0181 44       		.byte	68
 417 0182 44       		.byte	68
 418 0183 4C       		.byte	76
 419 0184 54       		.byte	84
 420 0185 54       		.byte	84
 421 0186 4C       		.byte	76
 422 0187 40       		.byte	64
 423 0188 44       		.byte	68
 424 0189 38       		.byte	56
 425 018a 00       		.byte	0
 426 018b 00       		.byte	0
 427 018c 00       		.byte	0
 428 018d 30       		.byte	48
 429 018e 10       		.byte	16
 430 018f 28       		.byte	40
 431 0190 28       		.byte	40
 432 0191 28       		.byte	40
 433 0192 7C       		.byte	124
 434 0193 44       		.byte	68
 435 0194 EE       		.byte	-18
 436 0195 00       		.byte	0
 437 0196 00       		.byte	0
 438 0197 00       		.byte	0
 439 0198 00       		.byte	0
 440 0199 F8       		.byte	-8
 441 019a 44       		.byte	68
 442 019b 44       		.byte	68
 443 019c 78       		.byte	120
 444 019d 44       		.byte	68
 445 019e 44       		.byte	68
 446 019f 44       		.byte	68
 447 01a0 F8       		.byte	-8
 448 01a1 00       		.byte	0
 449 01a2 00       		.byte	0
 450 01a3 00       		.byte	0
 451 01a4 00       		.byte	0
 452 01a5 3C       		.byte	60
 453 01a6 44       		.byte	68
 454 01a7 40       		.byte	64
 455 01a8 40       		.byte	64
 456 01a9 40       		.byte	64
 457 01aa 40       		.byte	64
 458 01ab 44       		.byte	68
 459 01ac 38       		.byte	56
 460 01ad 00       		.byte	0
ARM GAS  /tmp/ccxpmokW.s 			page 9


 461 01ae 00       		.byte	0
 462 01af 00       		.byte	0
 463 01b0 00       		.byte	0
 464 01b1 F0       		.byte	-16
 465 01b2 48       		.byte	72
 466 01b3 44       		.byte	68
 467 01b4 44       		.byte	68
 468 01b5 44       		.byte	68
 469 01b6 44       		.byte	68
 470 01b7 48       		.byte	72
 471 01b8 F0       		.byte	-16
 472 01b9 00       		.byte	0
 473 01ba 00       		.byte	0
 474 01bb 00       		.byte	0
 475 01bc 00       		.byte	0
 476 01bd FC       		.byte	-4
 477 01be 44       		.byte	68
 478 01bf 50       		.byte	80
 479 01c0 70       		.byte	112
 480 01c1 50       		.byte	80
 481 01c2 40       		.byte	64
 482 01c3 44       		.byte	68
 483 01c4 FC       		.byte	-4
 484 01c5 00       		.byte	0
 485 01c6 00       		.byte	0
 486 01c7 00       		.byte	0
 487 01c8 00       		.byte	0
 488 01c9 7E       		.byte	126
 489 01ca 22       		.byte	34
 490 01cb 28       		.byte	40
 491 01cc 38       		.byte	56
 492 01cd 28       		.byte	40
 493 01ce 20       		.byte	32
 494 01cf 20       		.byte	32
 495 01d0 70       		.byte	112
 496 01d1 00       		.byte	0
 497 01d2 00       		.byte	0
 498 01d3 00       		.byte	0
 499 01d4 00       		.byte	0
 500 01d5 3C       		.byte	60
 501 01d6 44       		.byte	68
 502 01d7 40       		.byte	64
 503 01d8 40       		.byte	64
 504 01d9 4E       		.byte	78
 505 01da 44       		.byte	68
 506 01db 44       		.byte	68
 507 01dc 38       		.byte	56
 508 01dd 00       		.byte	0
 509 01de 00       		.byte	0
 510 01df 00       		.byte	0
 511 01e0 00       		.byte	0
 512 01e1 EE       		.byte	-18
 513 01e2 44       		.byte	68
 514 01e3 44       		.byte	68
 515 01e4 7C       		.byte	124
 516 01e5 44       		.byte	68
 517 01e6 44       		.byte	68
ARM GAS  /tmp/ccxpmokW.s 			page 10


 518 01e7 44       		.byte	68
 519 01e8 EE       		.byte	-18
 520 01e9 00       		.byte	0
 521 01ea 00       		.byte	0
 522 01eb 00       		.byte	0
 523 01ec 00       		.byte	0
 524 01ed 7C       		.byte	124
 525 01ee 10       		.byte	16
 526 01ef 10       		.byte	16
 527 01f0 10       		.byte	16
 528 01f1 10       		.byte	16
 529 01f2 10       		.byte	16
 530 01f3 10       		.byte	16
 531 01f4 7C       		.byte	124
 532 01f5 00       		.byte	0
 533 01f6 00       		.byte	0
 534 01f7 00       		.byte	0
 535 01f8 00       		.byte	0
 536 01f9 3C       		.byte	60
 537 01fa 08       		.byte	8
 538 01fb 08       		.byte	8
 539 01fc 08       		.byte	8
 540 01fd 48       		.byte	72
 541 01fe 48       		.byte	72
 542 01ff 48       		.byte	72
 543 0200 30       		.byte	48
 544 0201 00       		.byte	0
 545 0202 00       		.byte	0
 546 0203 00       		.byte	0
 547 0204 00       		.byte	0
 548 0205 EE       		.byte	-18
 549 0206 44       		.byte	68
 550 0207 48       		.byte	72
 551 0208 50       		.byte	80
 552 0209 70       		.byte	112
 553 020a 48       		.byte	72
 554 020b 44       		.byte	68
 555 020c E6       		.byte	-26
 556 020d 00       		.byte	0
 557 020e 00       		.byte	0
 558 020f 00       		.byte	0
 559 0210 00       		.byte	0
 560 0211 70       		.byte	112
 561 0212 20       		.byte	32
 562 0213 20       		.byte	32
 563 0214 20       		.byte	32
 564 0215 20       		.byte	32
 565 0216 24       		.byte	36
 566 0217 24       		.byte	36
 567 0218 7C       		.byte	124
 568 0219 00       		.byte	0
 569 021a 00       		.byte	0
 570 021b 00       		.byte	0
 571 021c 00       		.byte	0
 572 021d EE       		.byte	-18
 573 021e 6C       		.byte	108
 574 021f 6C       		.byte	108
ARM GAS  /tmp/ccxpmokW.s 			page 11


 575 0220 54       		.byte	84
 576 0221 54       		.byte	84
 577 0222 44       		.byte	68
 578 0223 44       		.byte	68
 579 0224 EE       		.byte	-18
 580 0225 00       		.byte	0
 581 0226 00       		.byte	0
 582 0227 00       		.byte	0
 583 0228 00       		.byte	0
 584 0229 EE       		.byte	-18
 585 022a 64       		.byte	100
 586 022b 64       		.byte	100
 587 022c 54       		.byte	84
 588 022d 54       		.byte	84
 589 022e 54       		.byte	84
 590 022f 4C       		.byte	76
 591 0230 EC       		.byte	-20
 592 0231 00       		.byte	0
 593 0232 00       		.byte	0
 594 0233 00       		.byte	0
 595 0234 00       		.byte	0
 596 0235 38       		.byte	56
 597 0236 44       		.byte	68
 598 0237 44       		.byte	68
 599 0238 44       		.byte	68
 600 0239 44       		.byte	68
 601 023a 44       		.byte	68
 602 023b 44       		.byte	68
 603 023c 38       		.byte	56
 604 023d 00       		.byte	0
 605 023e 00       		.byte	0
 606 023f 00       		.byte	0
 607 0240 00       		.byte	0
 608 0241 78       		.byte	120
 609 0242 24       		.byte	36
 610 0243 24       		.byte	36
 611 0244 24       		.byte	36
 612 0245 38       		.byte	56
 613 0246 20       		.byte	32
 614 0247 20       		.byte	32
 615 0248 70       		.byte	112
 616 0249 00       		.byte	0
 617 024a 00       		.byte	0
 618 024b 00       		.byte	0
 619 024c 00       		.byte	0
 620 024d 38       		.byte	56
 621 024e 44       		.byte	68
 622 024f 44       		.byte	68
 623 0250 44       		.byte	68
 624 0251 44       		.byte	68
 625 0252 44       		.byte	68
 626 0253 44       		.byte	68
 627 0254 38       		.byte	56
 628 0255 1C       		.byte	28
 629 0256 00       		.byte	0
 630 0257 00       		.byte	0
 631 0258 00       		.byte	0
ARM GAS  /tmp/ccxpmokW.s 			page 12


 632 0259 F8       		.byte	-8
 633 025a 44       		.byte	68
 634 025b 44       		.byte	68
 635 025c 44       		.byte	68
 636 025d 78       		.byte	120
 637 025e 48       		.byte	72
 638 025f 44       		.byte	68
 639 0260 E2       		.byte	-30
 640 0261 00       		.byte	0
 641 0262 00       		.byte	0
 642 0263 00       		.byte	0
 643 0264 00       		.byte	0
 644 0265 34       		.byte	52
 645 0266 4C       		.byte	76
 646 0267 40       		.byte	64
 647 0268 38       		.byte	56
 648 0269 04       		.byte	4
 649 026a 04       		.byte	4
 650 026b 64       		.byte	100
 651 026c 58       		.byte	88
 652 026d 00       		.byte	0
 653 026e 00       		.byte	0
 654 026f 00       		.byte	0
 655 0270 00       		.byte	0
 656 0271 FE       		.byte	-2
 657 0272 92       		.byte	-110
 658 0273 10       		.byte	16
 659 0274 10       		.byte	16
 660 0275 10       		.byte	16
 661 0276 10       		.byte	16
 662 0277 10       		.byte	16
 663 0278 38       		.byte	56
 664 0279 00       		.byte	0
 665 027a 00       		.byte	0
 666 027b 00       		.byte	0
 667 027c 00       		.byte	0
 668 027d EE       		.byte	-18
 669 027e 44       		.byte	68
 670 027f 44       		.byte	68
 671 0280 44       		.byte	68
 672 0281 44       		.byte	68
 673 0282 44       		.byte	68
 674 0283 44       		.byte	68
 675 0284 38       		.byte	56
 676 0285 00       		.byte	0
 677 0286 00       		.byte	0
 678 0287 00       		.byte	0
 679 0288 00       		.byte	0
 680 0289 EE       		.byte	-18
 681 028a 44       		.byte	68
 682 028b 44       		.byte	68
 683 028c 28       		.byte	40
 684 028d 28       		.byte	40
 685 028e 28       		.byte	40
 686 028f 10       		.byte	16
 687 0290 10       		.byte	16
 688 0291 00       		.byte	0
ARM GAS  /tmp/ccxpmokW.s 			page 13


 689 0292 00       		.byte	0
 690 0293 00       		.byte	0
 691 0294 00       		.byte	0
 692 0295 EE       		.byte	-18
 693 0296 44       		.byte	68
 694 0297 44       		.byte	68
 695 0298 54       		.byte	84
 696 0299 54       		.byte	84
 697 029a 54       		.byte	84
 698 029b 54       		.byte	84
 699 029c 28       		.byte	40
 700 029d 00       		.byte	0
 701 029e 00       		.byte	0
 702 029f 00       		.byte	0
 703 02a0 00       		.byte	0
 704 02a1 C6       		.byte	-58
 705 02a2 44       		.byte	68
 706 02a3 28       		.byte	40
 707 02a4 10       		.byte	16
 708 02a5 10       		.byte	16
 709 02a6 28       		.byte	40
 710 02a7 44       		.byte	68
 711 02a8 C6       		.byte	-58
 712 02a9 00       		.byte	0
 713 02aa 00       		.byte	0
 714 02ab 00       		.byte	0
 715 02ac 00       		.byte	0
 716 02ad EE       		.byte	-18
 717 02ae 44       		.byte	68
 718 02af 28       		.byte	40
 719 02b0 28       		.byte	40
 720 02b1 10       		.byte	16
 721 02b2 10       		.byte	16
 722 02b3 10       		.byte	16
 723 02b4 38       		.byte	56
 724 02b5 00       		.byte	0
 725 02b6 00       		.byte	0
 726 02b7 00       		.byte	0
 727 02b8 00       		.byte	0
 728 02b9 7C       		.byte	124
 729 02ba 44       		.byte	68
 730 02bb 08       		.byte	8
 731 02bc 10       		.byte	16
 732 02bd 10       		.byte	16
 733 02be 20       		.byte	32
 734 02bf 44       		.byte	68
 735 02c0 7C       		.byte	124
 736 02c1 00       		.byte	0
 737 02c2 00       		.byte	0
 738 02c3 00       		.byte	0
 739 02c4 00       		.byte	0
 740 02c5 38       		.byte	56
 741 02c6 20       		.byte	32
 742 02c7 20       		.byte	32
 743 02c8 20       		.byte	32
 744 02c9 20       		.byte	32
 745 02ca 20       		.byte	32
ARM GAS  /tmp/ccxpmokW.s 			page 14


 746 02cb 20       		.byte	32
 747 02cc 20       		.byte	32
 748 02cd 20       		.byte	32
 749 02ce 38       		.byte	56
 750 02cf 00       		.byte	0
 751 02d0 00       		.byte	0
 752 02d1 40       		.byte	64
 753 02d2 20       		.byte	32
 754 02d3 20       		.byte	32
 755 02d4 20       		.byte	32
 756 02d5 10       		.byte	16
 757 02d6 10       		.byte	16
 758 02d7 08       		.byte	8
 759 02d8 08       		.byte	8
 760 02d9 08       		.byte	8
 761 02da 00       		.byte	0
 762 02db 00       		.byte	0
 763 02dc 00       		.byte	0
 764 02dd 38       		.byte	56
 765 02de 08       		.byte	8
 766 02df 08       		.byte	8
 767 02e0 08       		.byte	8
 768 02e1 08       		.byte	8
 769 02e2 08       		.byte	8
 770 02e3 08       		.byte	8
 771 02e4 08       		.byte	8
 772 02e5 08       		.byte	8
 773 02e6 38       		.byte	56
 774 02e7 00       		.byte	0
 775 02e8 00       		.byte	0
 776 02e9 10       		.byte	16
 777 02ea 10       		.byte	16
 778 02eb 28       		.byte	40
 779 02ec 44       		.byte	68
 780 02ed 00       		.byte	0
 781 02ee 00       		.byte	0
 782 02ef 00       		.byte	0
 783 02f0 00       		.byte	0
 784 02f1 00       		.byte	0
 785 02f2 00       		.byte	0
 786 02f3 00       		.byte	0
 787 02f4 00       		.byte	0
 788 02f5 00       		.byte	0
 789 02f6 00       		.byte	0
 790 02f7 00       		.byte	0
 791 02f8 00       		.byte	0
 792 02f9 00       		.byte	0
 793 02fa 00       		.byte	0
 794 02fb 00       		.byte	0
 795 02fc 00       		.byte	0
 796 02fd 00       		.byte	0
 797 02fe 00       		.byte	0
 798 02ff FE       		.byte	-2
 799 0300 00       		.byte	0
 800 0301 10       		.byte	16
 801 0302 08       		.byte	8
 802 0303 00       		.byte	0
ARM GAS  /tmp/ccxpmokW.s 			page 15


 803 0304 00       		.byte	0
 804 0305 00       		.byte	0
 805 0306 00       		.byte	0
 806 0307 00       		.byte	0
 807 0308 00       		.byte	0
 808 0309 00       		.byte	0
 809 030a 00       		.byte	0
 810 030b 00       		.byte	0
 811 030c 00       		.byte	0
 812 030d 00       		.byte	0
 813 030e 00       		.byte	0
 814 030f 38       		.byte	56
 815 0310 44       		.byte	68
 816 0311 3C       		.byte	60
 817 0312 44       		.byte	68
 818 0313 44       		.byte	68
 819 0314 3E       		.byte	62
 820 0315 00       		.byte	0
 821 0316 00       		.byte	0
 822 0317 00       		.byte	0
 823 0318 00       		.byte	0
 824 0319 C0       		.byte	-64
 825 031a 40       		.byte	64
 826 031b 58       		.byte	88
 827 031c 64       		.byte	100
 828 031d 44       		.byte	68
 829 031e 44       		.byte	68
 830 031f 44       		.byte	68
 831 0320 F8       		.byte	-8
 832 0321 00       		.byte	0
 833 0322 00       		.byte	0
 834 0323 00       		.byte	0
 835 0324 00       		.byte	0
 836 0325 00       		.byte	0
 837 0326 00       		.byte	0
 838 0327 3C       		.byte	60
 839 0328 44       		.byte	68
 840 0329 40       		.byte	64
 841 032a 40       		.byte	64
 842 032b 44       		.byte	68
 843 032c 38       		.byte	56
 844 032d 00       		.byte	0
 845 032e 00       		.byte	0
 846 032f 00       		.byte	0
 847 0330 00       		.byte	0
 848 0331 0C       		.byte	12
 849 0332 04       		.byte	4
 850 0333 34       		.byte	52
 851 0334 4C       		.byte	76
 852 0335 44       		.byte	68
 853 0336 44       		.byte	68
 854 0337 44       		.byte	68
 855 0338 3E       		.byte	62
 856 0339 00       		.byte	0
 857 033a 00       		.byte	0
 858 033b 00       		.byte	0
 859 033c 00       		.byte	0
ARM GAS  /tmp/ccxpmokW.s 			page 16


 860 033d 00       		.byte	0
 861 033e 00       		.byte	0
 862 033f 38       		.byte	56
 863 0340 44       		.byte	68
 864 0341 7C       		.byte	124
 865 0342 40       		.byte	64
 866 0343 40       		.byte	64
 867 0344 3C       		.byte	60
 868 0345 00       		.byte	0
 869 0346 00       		.byte	0
 870 0347 00       		.byte	0
 871 0348 00       		.byte	0
 872 0349 1C       		.byte	28
 873 034a 20       		.byte	32
 874 034b 7C       		.byte	124
 875 034c 20       		.byte	32
 876 034d 20       		.byte	32
 877 034e 20       		.byte	32
 878 034f 20       		.byte	32
 879 0350 7C       		.byte	124
 880 0351 00       		.byte	0
 881 0352 00       		.byte	0
 882 0353 00       		.byte	0
 883 0354 00       		.byte	0
 884 0355 00       		.byte	0
 885 0356 00       		.byte	0
 886 0357 36       		.byte	54
 887 0358 4C       		.byte	76
 888 0359 44       		.byte	68
 889 035a 44       		.byte	68
 890 035b 44       		.byte	68
 891 035c 3C       		.byte	60
 892 035d 04       		.byte	4
 893 035e 38       		.byte	56
 894 035f 00       		.byte	0
 895 0360 00       		.byte	0
 896 0361 C0       		.byte	-64
 897 0362 40       		.byte	64
 898 0363 58       		.byte	88
 899 0364 64       		.byte	100
 900 0365 44       		.byte	68
 901 0366 44       		.byte	68
 902 0367 44       		.byte	68
 903 0368 EE       		.byte	-18
 904 0369 00       		.byte	0
 905 036a 00       		.byte	0
 906 036b 00       		.byte	0
 907 036c 00       		.byte	0
 908 036d 10       		.byte	16
 909 036e 00       		.byte	0
 910 036f 70       		.byte	112
 911 0370 10       		.byte	16
 912 0371 10       		.byte	16
 913 0372 10       		.byte	16
 914 0373 10       		.byte	16
 915 0374 7C       		.byte	124
 916 0375 00       		.byte	0
ARM GAS  /tmp/ccxpmokW.s 			page 17


 917 0376 00       		.byte	0
 918 0377 00       		.byte	0
 919 0378 00       		.byte	0
 920 0379 10       		.byte	16
 921 037a 00       		.byte	0
 922 037b 78       		.byte	120
 923 037c 08       		.byte	8
 924 037d 08       		.byte	8
 925 037e 08       		.byte	8
 926 037f 08       		.byte	8
 927 0380 08       		.byte	8
 928 0381 08       		.byte	8
 929 0382 70       		.byte	112
 930 0383 00       		.byte	0
 931 0384 00       		.byte	0
 932 0385 C0       		.byte	-64
 933 0386 40       		.byte	64
 934 0387 5C       		.byte	92
 935 0388 48       		.byte	72
 936 0389 70       		.byte	112
 937 038a 50       		.byte	80
 938 038b 48       		.byte	72
 939 038c DC       		.byte	-36
 940 038d 00       		.byte	0
 941 038e 00       		.byte	0
 942 038f 00       		.byte	0
 943 0390 00       		.byte	0
 944 0391 30       		.byte	48
 945 0392 10       		.byte	16
 946 0393 10       		.byte	16
 947 0394 10       		.byte	16
 948 0395 10       		.byte	16
 949 0396 10       		.byte	16
 950 0397 10       		.byte	16
 951 0398 7C       		.byte	124
 952 0399 00       		.byte	0
 953 039a 00       		.byte	0
 954 039b 00       		.byte	0
 955 039c 00       		.byte	0
 956 039d 00       		.byte	0
 957 039e 00       		.byte	0
 958 039f E8       		.byte	-24
 959 03a0 54       		.byte	84
 960 03a1 54       		.byte	84
 961 03a2 54       		.byte	84
 962 03a3 54       		.byte	84
 963 03a4 FE       		.byte	-2
 964 03a5 00       		.byte	0
 965 03a6 00       		.byte	0
 966 03a7 00       		.byte	0
 967 03a8 00       		.byte	0
 968 03a9 00       		.byte	0
 969 03aa 00       		.byte	0
 970 03ab D8       		.byte	-40
 971 03ac 64       		.byte	100
 972 03ad 44       		.byte	68
 973 03ae 44       		.byte	68
ARM GAS  /tmp/ccxpmokW.s 			page 18


 974 03af 44       		.byte	68
 975 03b0 EE       		.byte	-18
 976 03b1 00       		.byte	0
 977 03b2 00       		.byte	0
 978 03b3 00       		.byte	0
 979 03b4 00       		.byte	0
 980 03b5 00       		.byte	0
 981 03b6 00       		.byte	0
 982 03b7 38       		.byte	56
 983 03b8 44       		.byte	68
 984 03b9 44       		.byte	68
 985 03ba 44       		.byte	68
 986 03bb 44       		.byte	68
 987 03bc 38       		.byte	56
 988 03bd 00       		.byte	0
 989 03be 00       		.byte	0
 990 03bf 00       		.byte	0
 991 03c0 00       		.byte	0
 992 03c1 00       		.byte	0
 993 03c2 00       		.byte	0
 994 03c3 D8       		.byte	-40
 995 03c4 64       		.byte	100
 996 03c5 44       		.byte	68
 997 03c6 44       		.byte	68
 998 03c7 44       		.byte	68
 999 03c8 78       		.byte	120
 1000 03c9 40       		.byte	64
 1001 03ca E0       		.byte	-32
 1002 03cb 00       		.byte	0
 1003 03cc 00       		.byte	0
 1004 03cd 00       		.byte	0
 1005 03ce 00       		.byte	0
 1006 03cf 36       		.byte	54
 1007 03d0 4C       		.byte	76
 1008 03d1 44       		.byte	68
 1009 03d2 44       		.byte	68
 1010 03d3 44       		.byte	68
 1011 03d4 3C       		.byte	60
 1012 03d5 04       		.byte	4
 1013 03d6 0E       		.byte	14
 1014 03d7 00       		.byte	0
 1015 03d8 00       		.byte	0
 1016 03d9 00       		.byte	0
 1017 03da 00       		.byte	0
 1018 03db 6C       		.byte	108
 1019 03dc 30       		.byte	48
 1020 03dd 20       		.byte	32
 1021 03de 20       		.byte	32
 1022 03df 20       		.byte	32
 1023 03e0 7C       		.byte	124
 1024 03e1 00       		.byte	0
 1025 03e2 00       		.byte	0
 1026 03e3 00       		.byte	0
 1027 03e4 00       		.byte	0
 1028 03e5 00       		.byte	0
 1029 03e6 00       		.byte	0
 1030 03e7 3C       		.byte	60
ARM GAS  /tmp/ccxpmokW.s 			page 19


 1031 03e8 44       		.byte	68
 1032 03e9 38       		.byte	56
 1033 03ea 04       		.byte	4
 1034 03eb 44       		.byte	68
 1035 03ec 78       		.byte	120
 1036 03ed 00       		.byte	0
 1037 03ee 00       		.byte	0
 1038 03ef 00       		.byte	0
 1039 03f0 00       		.byte	0
 1040 03f1 00       		.byte	0
 1041 03f2 20       		.byte	32
 1042 03f3 7C       		.byte	124
 1043 03f4 20       		.byte	32
 1044 03f5 20       		.byte	32
 1045 03f6 20       		.byte	32
 1046 03f7 22       		.byte	34
 1047 03f8 1C       		.byte	28
 1048 03f9 00       		.byte	0
 1049 03fa 00       		.byte	0
 1050 03fb 00       		.byte	0
 1051 03fc 00       		.byte	0
 1052 03fd 00       		.byte	0
 1053 03fe 00       		.byte	0
 1054 03ff CC       		.byte	-52
 1055 0400 44       		.byte	68
 1056 0401 44       		.byte	68
 1057 0402 44       		.byte	68
 1058 0403 4C       		.byte	76
 1059 0404 36       		.byte	54
 1060 0405 00       		.byte	0
 1061 0406 00       		.byte	0
 1062 0407 00       		.byte	0
 1063 0408 00       		.byte	0
 1064 0409 00       		.byte	0
 1065 040a 00       		.byte	0
 1066 040b EE       		.byte	-18
 1067 040c 44       		.byte	68
 1068 040d 44       		.byte	68
 1069 040e 28       		.byte	40
 1070 040f 28       		.byte	40
 1071 0410 10       		.byte	16
 1072 0411 00       		.byte	0
 1073 0412 00       		.byte	0
 1074 0413 00       		.byte	0
 1075 0414 00       		.byte	0
 1076 0415 00       		.byte	0
 1077 0416 00       		.byte	0
 1078 0417 EE       		.byte	-18
 1079 0418 44       		.byte	68
 1080 0419 54       		.byte	84
 1081 041a 54       		.byte	84
 1082 041b 54       		.byte	84
 1083 041c 28       		.byte	40
 1084 041d 00       		.byte	0
 1085 041e 00       		.byte	0
 1086 041f 00       		.byte	0
 1087 0420 00       		.byte	0
ARM GAS  /tmp/ccxpmokW.s 			page 20


 1088 0421 00       		.byte	0
 1089 0422 00       		.byte	0
 1090 0423 CC       		.byte	-52
 1091 0424 48       		.byte	72
 1092 0425 30       		.byte	48
 1093 0426 30       		.byte	48
 1094 0427 48       		.byte	72
 1095 0428 CC       		.byte	-52
 1096 0429 00       		.byte	0
 1097 042a 00       		.byte	0
 1098 042b 00       		.byte	0
 1099 042c 00       		.byte	0
 1100 042d 00       		.byte	0
 1101 042e 00       		.byte	0
 1102 042f EE       		.byte	-18
 1103 0430 44       		.byte	68
 1104 0431 24       		.byte	36
 1105 0432 28       		.byte	40
 1106 0433 18       		.byte	24
 1107 0434 10       		.byte	16
 1108 0435 10       		.byte	16
 1109 0436 78       		.byte	120
 1110 0437 00       		.byte	0
 1111 0438 00       		.byte	0
 1112 0439 00       		.byte	0
 1113 043a 00       		.byte	0
 1114 043b 7C       		.byte	124
 1115 043c 48       		.byte	72
 1116 043d 10       		.byte	16
 1117 043e 20       		.byte	32
 1118 043f 44       		.byte	68
 1119 0440 7C       		.byte	124
 1120 0441 00       		.byte	0
 1121 0442 00       		.byte	0
 1122 0443 00       		.byte	0
 1123 0444 00       		.byte	0
 1124 0445 08       		.byte	8
 1125 0446 10       		.byte	16
 1126 0447 10       		.byte	16
 1127 0448 10       		.byte	16
 1128 0449 10       		.byte	16
 1129 044a 20       		.byte	32
 1130 044b 10       		.byte	16
 1131 044c 10       		.byte	16
 1132 044d 10       		.byte	16
 1133 044e 08       		.byte	8
 1134 044f 00       		.byte	0
 1135 0450 00       		.byte	0
 1136 0451 10       		.byte	16
 1137 0452 10       		.byte	16
 1138 0453 10       		.byte	16
 1139 0454 10       		.byte	16
 1140 0455 10       		.byte	16
 1141 0456 10       		.byte	16
 1142 0457 10       		.byte	16
 1143 0458 10       		.byte	16
 1144 0459 10       		.byte	16
ARM GAS  /tmp/ccxpmokW.s 			page 21


 1145 045a 00       		.byte	0
 1146 045b 00       		.byte	0
 1147 045c 00       		.byte	0
 1148 045d 20       		.byte	32
 1149 045e 10       		.byte	16
 1150 045f 10       		.byte	16
 1151 0460 10       		.byte	16
 1152 0461 10       		.byte	16
 1153 0462 08       		.byte	8
 1154 0463 10       		.byte	16
 1155 0464 10       		.byte	16
 1156 0465 10       		.byte	16
 1157 0466 20       		.byte	32
 1158 0467 00       		.byte	0
 1159 0468 00       		.byte	0
 1160 0469 00       		.byte	0
 1161 046a 00       		.byte	0
 1162 046b 00       		.byte	0
 1163 046c 00       		.byte	0
 1164 046d 24       		.byte	36
 1165 046e 58       		.byte	88
 1166 046f 00       		.byte	0
 1167 0470 00       		.byte	0
 1168 0471 00       		.byte	0
 1169 0472 00       		.byte	0
 1170 0473 00       		.byte	0
 1171              		.text
 1172              	.Letext0:
 1173              		.file 1 "/usr/include/newlib/machine/_default_types.h"
 1174              		.file 2 "/usr/include/newlib/sys/_stdint.h"
 1175              		.file 3 "User/fonts/fonts.h"
 1176              		.file 4 "User/fonts/font12.c"
ARM GAS  /tmp/ccxpmokW.s 			page 22


DEFINED SYMBOLS
                            *ABS*:0000000000000000 font12.c
     /tmp/ccxpmokW.s:22     .data.Font12:0000000000000000 Font12
     /tmp/ccxpmokW.s:30     .rodata.Font12_Table:0000000000000000 Font12_Table
     /tmp/ccxpmokW.s:19     .data.Font12:0000000000000000 $d
     /tmp/ccxpmokW.s:27     .rodata.Font12_Table:0000000000000000 $d

NO UNDEFINED SYMBOLS
