ARM GAS  /tmp/cc8LrQgW.s 			page 1


   1              		.cpu cortex-m7
   2              		.eabi_attribute 28, 1
   3              		.eabi_attribute 20, 1
   4              		.eabi_attribute 21, 1
   5              		.eabi_attribute 23, 3
   6              		.eabi_attribute 24, 1
   7              		.eabi_attribute 25, 1
   8              		.eabi_attribute 26, 1
   9              		.eabi_attribute 30, 1
  10              		.eabi_attribute 34, 1
  11              		.eabi_attribute 18, 4
  12              		.file	"font16.c"
  13              		.text
  14              	.Ltext0:
  15              		.cfi_sections	.debug_frame
  16              		.global	Font16
  17              		.global	Font16_Table
  18              		.section	.data.Font16,"aw",%progbits
  19              		.align	2
  22              	Font16:
  23 0000 00000000 		.word	Font16_Table
  24 0004 0B00     		.short	11
  25 0006 1000     		.short	16
  26              		.section	.rodata.Font16_Table,"a",%progbits
  27              		.align	2
  30              	Font16_Table:
  31 0000 00       		.byte	0
  32 0001 00       		.byte	0
  33 0002 00       		.byte	0
  34 0003 00       		.byte	0
  35 0004 00       		.byte	0
  36 0005 00       		.byte	0
  37 0006 00       		.byte	0
  38 0007 00       		.byte	0
  39 0008 00       		.byte	0
  40 0009 00       		.byte	0
  41 000a 00       		.byte	0
  42 000b 00       		.byte	0
  43 000c 00       		.byte	0
  44 000d 00       		.byte	0
  45 000e 00       		.byte	0
  46 000f 00       		.byte	0
  47 0010 00       		.byte	0
  48 0011 00       		.byte	0
  49 0012 00       		.byte	0
  50 0013 00       		.byte	0
  51 0014 00       		.byte	0
  52 0015 00       		.byte	0
  53 0016 00       		.byte	0
  54 0017 00       		.byte	0
  55 0018 00       		.byte	0
  56 0019 00       		.byte	0
  57 001a 00       		.byte	0
  58 001b 00       		.byte	0
  59 001c 00       		.byte	0
  60 001d 00       		.byte	0
  61 001e 00       		.byte	0
ARM GAS  /tmp/cc8LrQgW.s 			page 2


  62 001f 00       		.byte	0
  63 0020 00       		.byte	0
  64 0021 00       		.byte	0
  65 0022 0C       		.byte	12
  66 0023 00       		.byte	0
  67 0024 0C       		.byte	12
  68 0025 00       		.byte	0
  69 0026 0C       		.byte	12
  70 0027 00       		.byte	0
  71 0028 0C       		.byte	12
  72 0029 00       		.byte	0
  73 002a 0C       		.byte	12
  74 002b 00       		.byte	0
  75 002c 0C       		.byte	12
  76 002d 00       		.byte	0
  77 002e 0C       		.byte	12
  78 002f 00       		.byte	0
  79 0030 0C       		.byte	12
  80 0031 00       		.byte	0
  81 0032 00       		.byte	0
  82 0033 00       		.byte	0
  83 0034 0C       		.byte	12
  84 0035 00       		.byte	0
  85 0036 00       		.byte	0
  86 0037 00       		.byte	0
  87 0038 00       		.byte	0
  88 0039 00       		.byte	0
  89 003a 00       		.byte	0
  90 003b 00       		.byte	0
  91 003c 00       		.byte	0
  92 003d 00       		.byte	0
  93 003e 00       		.byte	0
  94 003f 00       		.byte	0
  95 0040 00       		.byte	0
  96 0041 00       		.byte	0
  97 0042 00       		.byte	0
  98 0043 00       		.byte	0
  99 0044 1D       		.byte	29
 100 0045 C0       		.byte	-64
 101 0046 1D       		.byte	29
 102 0047 C0       		.byte	-64
 103 0048 08       		.byte	8
 104 0049 80       		.byte	-128
 105 004a 08       		.byte	8
 106 004b 80       		.byte	-128
 107 004c 08       		.byte	8
 108 004d 80       		.byte	-128
 109 004e 00       		.byte	0
 110 004f 00       		.byte	0
 111 0050 00       		.byte	0
 112 0051 00       		.byte	0
 113 0052 00       		.byte	0
 114 0053 00       		.byte	0
 115 0054 00       		.byte	0
 116 0055 00       		.byte	0
 117 0056 00       		.byte	0
 118 0057 00       		.byte	0
ARM GAS  /tmp/cc8LrQgW.s 			page 3


 119 0058 00       		.byte	0
 120 0059 00       		.byte	0
 121 005a 00       		.byte	0
 122 005b 00       		.byte	0
 123 005c 00       		.byte	0
 124 005d 00       		.byte	0
 125 005e 00       		.byte	0
 126 005f 00       		.byte	0
 127 0060 00       		.byte	0
 128 0061 00       		.byte	0
 129 0062 0D       		.byte	13
 130 0063 80       		.byte	-128
 131 0064 0D       		.byte	13
 132 0065 80       		.byte	-128
 133 0066 0D       		.byte	13
 134 0067 80       		.byte	-128
 135 0068 0D       		.byte	13
 136 0069 80       		.byte	-128
 137 006a 3F       		.byte	63
 138 006b C0       		.byte	-64
 139 006c 1B       		.byte	27
 140 006d 00       		.byte	0
 141 006e 3F       		.byte	63
 142 006f C0       		.byte	-64
 143 0070 1B       		.byte	27
 144 0071 00       		.byte	0
 145 0072 1B       		.byte	27
 146 0073 00       		.byte	0
 147 0074 1B       		.byte	27
 148 0075 00       		.byte	0
 149 0076 1B       		.byte	27
 150 0077 00       		.byte	0
 151 0078 00       		.byte	0
 152 0079 00       		.byte	0
 153 007a 00       		.byte	0
 154 007b 00       		.byte	0
 155 007c 00       		.byte	0
 156 007d 00       		.byte	0
 157 007e 00       		.byte	0
 158 007f 00       		.byte	0
 159 0080 04       		.byte	4
 160 0081 00       		.byte	0
 161 0082 1F       		.byte	31
 162 0083 80       		.byte	-128
 163 0084 31       		.byte	49
 164 0085 80       		.byte	-128
 165 0086 31       		.byte	49
 166 0087 80       		.byte	-128
 167 0088 38       		.byte	56
 168 0089 00       		.byte	0
 169 008a 1E       		.byte	30
 170 008b 00       		.byte	0
 171 008c 0F       		.byte	15
 172 008d 00       		.byte	0
 173 008e 03       		.byte	3
 174 008f 80       		.byte	-128
 175 0090 31       		.byte	49
ARM GAS  /tmp/cc8LrQgW.s 			page 4


 176 0091 80       		.byte	-128
 177 0092 31       		.byte	49
 178 0093 80       		.byte	-128
 179 0094 3F       		.byte	63
 180 0095 00       		.byte	0
 181 0096 04       		.byte	4
 182 0097 00       		.byte	0
 183 0098 04       		.byte	4
 184 0099 00       		.byte	0
 185 009a 00       		.byte	0
 186 009b 00       		.byte	0
 187 009c 00       		.byte	0
 188 009d 00       		.byte	0
 189 009e 00       		.byte	0
 190 009f 00       		.byte	0
 191 00a0 00       		.byte	0
 192 00a1 00       		.byte	0
 193 00a2 18       		.byte	24
 194 00a3 00       		.byte	0
 195 00a4 24       		.byte	36
 196 00a5 00       		.byte	0
 197 00a6 24       		.byte	36
 198 00a7 00       		.byte	0
 199 00a8 18       		.byte	24
 200 00a9 C0       		.byte	-64
 201 00aa 07       		.byte	7
 202 00ab 80       		.byte	-128
 203 00ac 1E       		.byte	30
 204 00ad 00       		.byte	0
 205 00ae 31       		.byte	49
 206 00af 80       		.byte	-128
 207 00b0 02       		.byte	2
 208 00b1 40       		.byte	64
 209 00b2 02       		.byte	2
 210 00b3 40       		.byte	64
 211 00b4 01       		.byte	1
 212 00b5 80       		.byte	-128
 213 00b6 00       		.byte	0
 214 00b7 00       		.byte	0
 215 00b8 00       		.byte	0
 216 00b9 00       		.byte	0
 217 00ba 00       		.byte	0
 218 00bb 00       		.byte	0
 219 00bc 00       		.byte	0
 220 00bd 00       		.byte	0
 221 00be 00       		.byte	0
 222 00bf 00       		.byte	0
 223 00c0 00       		.byte	0
 224 00c1 00       		.byte	0
 225 00c2 00       		.byte	0
 226 00c3 00       		.byte	0
 227 00c4 0F       		.byte	15
 228 00c5 00       		.byte	0
 229 00c6 18       		.byte	24
 230 00c7 00       		.byte	0
 231 00c8 18       		.byte	24
 232 00c9 00       		.byte	0
ARM GAS  /tmp/cc8LrQgW.s 			page 5


 233 00ca 18       		.byte	24
 234 00cb 00       		.byte	0
 235 00cc 0C       		.byte	12
 236 00cd 00       		.byte	0
 237 00ce 1D       		.byte	29
 238 00cf 80       		.byte	-128
 239 00d0 37       		.byte	55
 240 00d1 00       		.byte	0
 241 00d2 33       		.byte	51
 242 00d3 00       		.byte	0
 243 00d4 1D       		.byte	29
 244 00d5 80       		.byte	-128
 245 00d6 00       		.byte	0
 246 00d7 00       		.byte	0
 247 00d8 00       		.byte	0
 248 00d9 00       		.byte	0
 249 00da 00       		.byte	0
 250 00db 00       		.byte	0
 251 00dc 00       		.byte	0
 252 00dd 00       		.byte	0
 253 00de 00       		.byte	0
 254 00df 00       		.byte	0
 255 00e0 00       		.byte	0
 256 00e1 00       		.byte	0
 257 00e2 00       		.byte	0
 258 00e3 00       		.byte	0
 259 00e4 07       		.byte	7
 260 00e5 00       		.byte	0
 261 00e6 07       		.byte	7
 262 00e7 00       		.byte	0
 263 00e8 02       		.byte	2
 264 00e9 00       		.byte	0
 265 00ea 02       		.byte	2
 266 00eb 00       		.byte	0
 267 00ec 02       		.byte	2
 268 00ed 00       		.byte	0
 269 00ee 00       		.byte	0
 270 00ef 00       		.byte	0
 271 00f0 00       		.byte	0
 272 00f1 00       		.byte	0
 273 00f2 00       		.byte	0
 274 00f3 00       		.byte	0
 275 00f4 00       		.byte	0
 276 00f5 00       		.byte	0
 277 00f6 00       		.byte	0
 278 00f7 00       		.byte	0
 279 00f8 00       		.byte	0
 280 00f9 00       		.byte	0
 281 00fa 00       		.byte	0
 282 00fb 00       		.byte	0
 283 00fc 00       		.byte	0
 284 00fd 00       		.byte	0
 285 00fe 00       		.byte	0
 286 00ff 00       		.byte	0
 287 0100 00       		.byte	0
 288 0101 00       		.byte	0
 289 0102 03       		.byte	3
ARM GAS  /tmp/cc8LrQgW.s 			page 6


 290 0103 00       		.byte	0
 291 0104 03       		.byte	3
 292 0105 00       		.byte	0
 293 0106 06       		.byte	6
 294 0107 00       		.byte	0
 295 0108 0E       		.byte	14
 296 0109 00       		.byte	0
 297 010a 0C       		.byte	12
 298 010b 00       		.byte	0
 299 010c 0C       		.byte	12
 300 010d 00       		.byte	0
 301 010e 0C       		.byte	12
 302 010f 00       		.byte	0
 303 0110 0C       		.byte	12
 304 0111 00       		.byte	0
 305 0112 0E       		.byte	14
 306 0113 00       		.byte	0
 307 0114 06       		.byte	6
 308 0115 00       		.byte	0
 309 0116 03       		.byte	3
 310 0117 00       		.byte	0
 311 0118 03       		.byte	3
 312 0119 00       		.byte	0
 313 011a 00       		.byte	0
 314 011b 00       		.byte	0
 315 011c 00       		.byte	0
 316 011d 00       		.byte	0
 317 011e 00       		.byte	0
 318 011f 00       		.byte	0
 319 0120 00       		.byte	0
 320 0121 00       		.byte	0
 321 0122 18       		.byte	24
 322 0123 00       		.byte	0
 323 0124 18       		.byte	24
 324 0125 00       		.byte	0
 325 0126 0C       		.byte	12
 326 0127 00       		.byte	0
 327 0128 06       		.byte	6
 328 0129 00       		.byte	0
 329 012a 06       		.byte	6
 330 012b 00       		.byte	0
 331 012c 06       		.byte	6
 332 012d 00       		.byte	0
 333 012e 06       		.byte	6
 334 012f 00       		.byte	0
 335 0130 06       		.byte	6
 336 0131 00       		.byte	0
 337 0132 06       		.byte	6
 338 0133 00       		.byte	0
 339 0134 0C       		.byte	12
 340 0135 00       		.byte	0
 341 0136 1C       		.byte	28
 342 0137 00       		.byte	0
 343 0138 18       		.byte	24
 344 0139 00       		.byte	0
 345 013a 00       		.byte	0
 346 013b 00       		.byte	0
ARM GAS  /tmp/cc8LrQgW.s 			page 7


 347 013c 00       		.byte	0
 348 013d 00       		.byte	0
 349 013e 00       		.byte	0
 350 013f 00       		.byte	0
 351 0140 00       		.byte	0
 352 0141 00       		.byte	0
 353 0142 06       		.byte	6
 354 0143 00       		.byte	0
 355 0144 06       		.byte	6
 356 0145 00       		.byte	0
 357 0146 3F       		.byte	63
 358 0147 C0       		.byte	-64
 359 0148 3F       		.byte	63
 360 0149 C0       		.byte	-64
 361 014a 0F       		.byte	15
 362 014b 00       		.byte	0
 363 014c 1F       		.byte	31
 364 014d 80       		.byte	-128
 365 014e 19       		.byte	25
 366 014f 80       		.byte	-128
 367 0150 00       		.byte	0
 368 0151 00       		.byte	0
 369 0152 00       		.byte	0
 370 0153 00       		.byte	0
 371 0154 00       		.byte	0
 372 0155 00       		.byte	0
 373 0156 00       		.byte	0
 374 0157 00       		.byte	0
 375 0158 00       		.byte	0
 376 0159 00       		.byte	0
 377 015a 00       		.byte	0
 378 015b 00       		.byte	0
 379 015c 00       		.byte	0
 380 015d 00       		.byte	0
 381 015e 00       		.byte	0
 382 015f 00       		.byte	0
 383 0160 00       		.byte	0
 384 0161 00       		.byte	0
 385 0162 00       		.byte	0
 386 0163 00       		.byte	0
 387 0164 00       		.byte	0
 388 0165 00       		.byte	0
 389 0166 04       		.byte	4
 390 0167 00       		.byte	0
 391 0168 04       		.byte	4
 392 0169 00       		.byte	0
 393 016a 04       		.byte	4
 394 016b 00       		.byte	0
 395 016c 3F       		.byte	63
 396 016d 80       		.byte	-128
 397 016e 04       		.byte	4
 398 016f 00       		.byte	0
 399 0170 04       		.byte	4
 400 0171 00       		.byte	0
 401 0172 04       		.byte	4
 402 0173 00       		.byte	0
 403 0174 00       		.byte	0
ARM GAS  /tmp/cc8LrQgW.s 			page 8


 404 0175 00       		.byte	0
 405 0176 00       		.byte	0
 406 0177 00       		.byte	0
 407 0178 00       		.byte	0
 408 0179 00       		.byte	0
 409 017a 00       		.byte	0
 410 017b 00       		.byte	0
 411 017c 00       		.byte	0
 412 017d 00       		.byte	0
 413 017e 00       		.byte	0
 414 017f 00       		.byte	0
 415 0180 00       		.byte	0
 416 0181 00       		.byte	0
 417 0182 00       		.byte	0
 418 0183 00       		.byte	0
 419 0184 00       		.byte	0
 420 0185 00       		.byte	0
 421 0186 00       		.byte	0
 422 0187 00       		.byte	0
 423 0188 00       		.byte	0
 424 0189 00       		.byte	0
 425 018a 00       		.byte	0
 426 018b 00       		.byte	0
 427 018c 00       		.byte	0
 428 018d 00       		.byte	0
 429 018e 00       		.byte	0
 430 018f 00       		.byte	0
 431 0190 00       		.byte	0
 432 0191 00       		.byte	0
 433 0192 06       		.byte	6
 434 0193 00       		.byte	0
 435 0194 04       		.byte	4
 436 0195 00       		.byte	0
 437 0196 0C       		.byte	12
 438 0197 00       		.byte	0
 439 0198 08       		.byte	8
 440 0199 00       		.byte	0
 441 019a 08       		.byte	8
 442 019b 00       		.byte	0
 443 019c 00       		.byte	0
 444 019d 00       		.byte	0
 445 019e 00       		.byte	0
 446 019f 00       		.byte	0
 447 01a0 00       		.byte	0
 448 01a1 00       		.byte	0
 449 01a2 00       		.byte	0
 450 01a3 00       		.byte	0
 451 01a4 00       		.byte	0
 452 01a5 00       		.byte	0
 453 01a6 00       		.byte	0
 454 01a7 00       		.byte	0
 455 01a8 00       		.byte	0
 456 01a9 00       		.byte	0
 457 01aa 00       		.byte	0
 458 01ab 00       		.byte	0
 459 01ac 3F       		.byte	63
 460 01ad 80       		.byte	-128
ARM GAS  /tmp/cc8LrQgW.s 			page 9


 461 01ae 00       		.byte	0
 462 01af 00       		.byte	0
 463 01b0 00       		.byte	0
 464 01b1 00       		.byte	0
 465 01b2 00       		.byte	0
 466 01b3 00       		.byte	0
 467 01b4 00       		.byte	0
 468 01b5 00       		.byte	0
 469 01b6 00       		.byte	0
 470 01b7 00       		.byte	0
 471 01b8 00       		.byte	0
 472 01b9 00       		.byte	0
 473 01ba 00       		.byte	0
 474 01bb 00       		.byte	0
 475 01bc 00       		.byte	0
 476 01bd 00       		.byte	0
 477 01be 00       		.byte	0
 478 01bf 00       		.byte	0
 479 01c0 00       		.byte	0
 480 01c1 00       		.byte	0
 481 01c2 00       		.byte	0
 482 01c3 00       		.byte	0
 483 01c4 00       		.byte	0
 484 01c5 00       		.byte	0
 485 01c6 00       		.byte	0
 486 01c7 00       		.byte	0
 487 01c8 00       		.byte	0
 488 01c9 00       		.byte	0
 489 01ca 00       		.byte	0
 490 01cb 00       		.byte	0
 491 01cc 00       		.byte	0
 492 01cd 00       		.byte	0
 493 01ce 00       		.byte	0
 494 01cf 00       		.byte	0
 495 01d0 00       		.byte	0
 496 01d1 00       		.byte	0
 497 01d2 0C       		.byte	12
 498 01d3 00       		.byte	0
 499 01d4 0C       		.byte	12
 500 01d5 00       		.byte	0
 501 01d6 00       		.byte	0
 502 01d7 00       		.byte	0
 503 01d8 00       		.byte	0
 504 01d9 00       		.byte	0
 505 01da 00       		.byte	0
 506 01db 00       		.byte	0
 507 01dc 00       		.byte	0
 508 01dd 00       		.byte	0
 509 01de 00       		.byte	0
 510 01df 00       		.byte	0
 511 01e0 00       		.byte	0
 512 01e1 C0       		.byte	-64
 513 01e2 00       		.byte	0
 514 01e3 C0       		.byte	-64
 515 01e4 01       		.byte	1
 516 01e5 80       		.byte	-128
 517 01e6 01       		.byte	1
ARM GAS  /tmp/cc8LrQgW.s 			page 10


 518 01e7 80       		.byte	-128
 519 01e8 03       		.byte	3
 520 01e9 00       		.byte	0
 521 01ea 03       		.byte	3
 522 01eb 00       		.byte	0
 523 01ec 06       		.byte	6
 524 01ed 00       		.byte	0
 525 01ee 0C       		.byte	12
 526 01ef 00       		.byte	0
 527 01f0 0C       		.byte	12
 528 01f1 00       		.byte	0
 529 01f2 18       		.byte	24
 530 01f3 00       		.byte	0
 531 01f4 18       		.byte	24
 532 01f5 00       		.byte	0
 533 01f6 30       		.byte	48
 534 01f7 00       		.byte	0
 535 01f8 30       		.byte	48
 536 01f9 00       		.byte	0
 537 01fa 00       		.byte	0
 538 01fb 00       		.byte	0
 539 01fc 00       		.byte	0
 540 01fd 00       		.byte	0
 541 01fe 00       		.byte	0
 542 01ff 00       		.byte	0
 543 0200 00       		.byte	0
 544 0201 00       		.byte	0
 545 0202 0E       		.byte	14
 546 0203 00       		.byte	0
 547 0204 1B       		.byte	27
 548 0205 00       		.byte	0
 549 0206 31       		.byte	49
 550 0207 80       		.byte	-128
 551 0208 31       		.byte	49
 552 0209 80       		.byte	-128
 553 020a 31       		.byte	49
 554 020b 80       		.byte	-128
 555 020c 31       		.byte	49
 556 020d 80       		.byte	-128
 557 020e 31       		.byte	49
 558 020f 80       		.byte	-128
 559 0210 31       		.byte	49
 560 0211 80       		.byte	-128
 561 0212 1B       		.byte	27
 562 0213 00       		.byte	0
 563 0214 0E       		.byte	14
 564 0215 00       		.byte	0
 565 0216 00       		.byte	0
 566 0217 00       		.byte	0
 567 0218 00       		.byte	0
 568 0219 00       		.byte	0
 569 021a 00       		.byte	0
 570 021b 00       		.byte	0
 571 021c 00       		.byte	0
 572 021d 00       		.byte	0
 573 021e 00       		.byte	0
 574 021f 00       		.byte	0
ARM GAS  /tmp/cc8LrQgW.s 			page 11


 575 0220 00       		.byte	0
 576 0221 00       		.byte	0
 577 0222 06       		.byte	6
 578 0223 00       		.byte	0
 579 0224 3E       		.byte	62
 580 0225 00       		.byte	0
 581 0226 06       		.byte	6
 582 0227 00       		.byte	0
 583 0228 06       		.byte	6
 584 0229 00       		.byte	0
 585 022a 06       		.byte	6
 586 022b 00       		.byte	0
 587 022c 06       		.byte	6
 588 022d 00       		.byte	0
 589 022e 06       		.byte	6
 590 022f 00       		.byte	0
 591 0230 06       		.byte	6
 592 0231 00       		.byte	0
 593 0232 06       		.byte	6
 594 0233 00       		.byte	0
 595 0234 3F       		.byte	63
 596 0235 C0       		.byte	-64
 597 0236 00       		.byte	0
 598 0237 00       		.byte	0
 599 0238 00       		.byte	0
 600 0239 00       		.byte	0
 601 023a 00       		.byte	0
 602 023b 00       		.byte	0
 603 023c 00       		.byte	0
 604 023d 00       		.byte	0
 605 023e 00       		.byte	0
 606 023f 00       		.byte	0
 607 0240 00       		.byte	0
 608 0241 00       		.byte	0
 609 0242 0F       		.byte	15
 610 0243 00       		.byte	0
 611 0244 19       		.byte	25
 612 0245 80       		.byte	-128
 613 0246 31       		.byte	49
 614 0247 80       		.byte	-128
 615 0248 31       		.byte	49
 616 0249 80       		.byte	-128
 617 024a 03       		.byte	3
 618 024b 00       		.byte	0
 619 024c 06       		.byte	6
 620 024d 00       		.byte	0
 621 024e 0C       		.byte	12
 622 024f 00       		.byte	0
 623 0250 18       		.byte	24
 624 0251 00       		.byte	0
 625 0252 30       		.byte	48
 626 0253 00       		.byte	0
 627 0254 3F       		.byte	63
 628 0255 80       		.byte	-128
 629 0256 00       		.byte	0
 630 0257 00       		.byte	0
 631 0258 00       		.byte	0
ARM GAS  /tmp/cc8LrQgW.s 			page 12


 632 0259 00       		.byte	0
 633 025a 00       		.byte	0
 634 025b 00       		.byte	0
 635 025c 00       		.byte	0
 636 025d 00       		.byte	0
 637 025e 00       		.byte	0
 638 025f 00       		.byte	0
 639 0260 00       		.byte	0
 640 0261 00       		.byte	0
 641 0262 3F       		.byte	63
 642 0263 00       		.byte	0
 643 0264 61       		.byte	97
 644 0265 80       		.byte	-128
 645 0266 01       		.byte	1
 646 0267 80       		.byte	-128
 647 0268 03       		.byte	3
 648 0269 00       		.byte	0
 649 026a 1F       		.byte	31
 650 026b 00       		.byte	0
 651 026c 03       		.byte	3
 652 026d 80       		.byte	-128
 653 026e 01       		.byte	1
 654 026f 80       		.byte	-128
 655 0270 01       		.byte	1
 656 0271 80       		.byte	-128
 657 0272 61       		.byte	97
 658 0273 80       		.byte	-128
 659 0274 3F       		.byte	63
 660 0275 00       		.byte	0
 661 0276 00       		.byte	0
 662 0277 00       		.byte	0
 663 0278 00       		.byte	0
 664 0279 00       		.byte	0
 665 027a 00       		.byte	0
 666 027b 00       		.byte	0
 667 027c 00       		.byte	0
 668 027d 00       		.byte	0
 669 027e 00       		.byte	0
 670 027f 00       		.byte	0
 671 0280 00       		.byte	0
 672 0281 00       		.byte	0
 673 0282 07       		.byte	7
 674 0283 00       		.byte	0
 675 0284 07       		.byte	7
 676 0285 00       		.byte	0
 677 0286 0F       		.byte	15
 678 0287 00       		.byte	0
 679 0288 0B       		.byte	11
 680 0289 00       		.byte	0
 681 028a 1B       		.byte	27
 682 028b 00       		.byte	0
 683 028c 13       		.byte	19
 684 028d 00       		.byte	0
 685 028e 33       		.byte	51
 686 028f 00       		.byte	0
 687 0290 3F       		.byte	63
 688 0291 80       		.byte	-128
ARM GAS  /tmp/cc8LrQgW.s 			page 13


 689 0292 03       		.byte	3
 690 0293 00       		.byte	0
 691 0294 0F       		.byte	15
 692 0295 80       		.byte	-128
 693 0296 00       		.byte	0
 694 0297 00       		.byte	0
 695 0298 00       		.byte	0
 696 0299 00       		.byte	0
 697 029a 00       		.byte	0
 698 029b 00       		.byte	0
 699 029c 00       		.byte	0
 700 029d 00       		.byte	0
 701 029e 00       		.byte	0
 702 029f 00       		.byte	0
 703 02a0 00       		.byte	0
 704 02a1 00       		.byte	0
 705 02a2 1F       		.byte	31
 706 02a3 80       		.byte	-128
 707 02a4 18       		.byte	24
 708 02a5 00       		.byte	0
 709 02a6 18       		.byte	24
 710 02a7 00       		.byte	0
 711 02a8 18       		.byte	24
 712 02a9 00       		.byte	0
 713 02aa 1F       		.byte	31
 714 02ab 00       		.byte	0
 715 02ac 11       		.byte	17
 716 02ad 80       		.byte	-128
 717 02ae 01       		.byte	1
 718 02af 80       		.byte	-128
 719 02b0 01       		.byte	1
 720 02b1 80       		.byte	-128
 721 02b2 21       		.byte	33
 722 02b3 80       		.byte	-128
 723 02b4 1F       		.byte	31
 724 02b5 00       		.byte	0
 725 02b6 00       		.byte	0
 726 02b7 00       		.byte	0
 727 02b8 00       		.byte	0
 728 02b9 00       		.byte	0
 729 02ba 00       		.byte	0
 730 02bb 00       		.byte	0
 731 02bc 00       		.byte	0
 732 02bd 00       		.byte	0
 733 02be 00       		.byte	0
 734 02bf 00       		.byte	0
 735 02c0 00       		.byte	0
 736 02c1 00       		.byte	0
 737 02c2 07       		.byte	7
 738 02c3 80       		.byte	-128
 739 02c4 1C       		.byte	28
 740 02c5 00       		.byte	0
 741 02c6 18       		.byte	24
 742 02c7 00       		.byte	0
 743 02c8 30       		.byte	48
 744 02c9 00       		.byte	0
 745 02ca 37       		.byte	55
ARM GAS  /tmp/cc8LrQgW.s 			page 14


 746 02cb 00       		.byte	0
 747 02cc 39       		.byte	57
 748 02cd 80       		.byte	-128
 749 02ce 31       		.byte	49
 750 02cf 80       		.byte	-128
 751 02d0 31       		.byte	49
 752 02d1 80       		.byte	-128
 753 02d2 19       		.byte	25
 754 02d3 80       		.byte	-128
 755 02d4 0F       		.byte	15
 756 02d5 00       		.byte	0
 757 02d6 00       		.byte	0
 758 02d7 00       		.byte	0
 759 02d8 00       		.byte	0
 760 02d9 00       		.byte	0
 761 02da 00       		.byte	0
 762 02db 00       		.byte	0
 763 02dc 00       		.byte	0
 764 02dd 00       		.byte	0
 765 02de 00       		.byte	0
 766 02df 00       		.byte	0
 767 02e0 00       		.byte	0
 768 02e1 00       		.byte	0
 769 02e2 7F       		.byte	127
 770 02e3 00       		.byte	0
 771 02e4 43       		.byte	67
 772 02e5 00       		.byte	0
 773 02e6 03       		.byte	3
 774 02e7 00       		.byte	0
 775 02e8 06       		.byte	6
 776 02e9 00       		.byte	0
 777 02ea 06       		.byte	6
 778 02eb 00       		.byte	0
 779 02ec 06       		.byte	6
 780 02ed 00       		.byte	0
 781 02ee 06       		.byte	6
 782 02ef 00       		.byte	0
 783 02f0 0C       		.byte	12
 784 02f1 00       		.byte	0
 785 02f2 0C       		.byte	12
 786 02f3 00       		.byte	0
 787 02f4 0C       		.byte	12
 788 02f5 00       		.byte	0
 789 02f6 00       		.byte	0
 790 02f7 00       		.byte	0
 791 02f8 00       		.byte	0
 792 02f9 00       		.byte	0
 793 02fa 00       		.byte	0
 794 02fb 00       		.byte	0
 795 02fc 00       		.byte	0
 796 02fd 00       		.byte	0
 797 02fe 00       		.byte	0
 798 02ff 00       		.byte	0
 799 0300 00       		.byte	0
 800 0301 00       		.byte	0
 801 0302 1F       		.byte	31
 802 0303 00       		.byte	0
ARM GAS  /tmp/cc8LrQgW.s 			page 15


 803 0304 31       		.byte	49
 804 0305 80       		.byte	-128
 805 0306 31       		.byte	49
 806 0307 80       		.byte	-128
 807 0308 31       		.byte	49
 808 0309 80       		.byte	-128
 809 030a 1F       		.byte	31
 810 030b 00       		.byte	0
 811 030c 31       		.byte	49
 812 030d 80       		.byte	-128
 813 030e 31       		.byte	49
 814 030f 80       		.byte	-128
 815 0310 31       		.byte	49
 816 0311 80       		.byte	-128
 817 0312 31       		.byte	49
 818 0313 80       		.byte	-128
 819 0314 1F       		.byte	31
 820 0315 00       		.byte	0
 821 0316 00       		.byte	0
 822 0317 00       		.byte	0
 823 0318 00       		.byte	0
 824 0319 00       		.byte	0
 825 031a 00       		.byte	0
 826 031b 00       		.byte	0
 827 031c 00       		.byte	0
 828 031d 00       		.byte	0
 829 031e 00       		.byte	0
 830 031f 00       		.byte	0
 831 0320 00       		.byte	0
 832 0321 00       		.byte	0
 833 0322 1E       		.byte	30
 834 0323 00       		.byte	0
 835 0324 33       		.byte	51
 836 0325 00       		.byte	0
 837 0326 31       		.byte	49
 838 0327 80       		.byte	-128
 839 0328 31       		.byte	49
 840 0329 80       		.byte	-128
 841 032a 33       		.byte	51
 842 032b 80       		.byte	-128
 843 032c 1D       		.byte	29
 844 032d 80       		.byte	-128
 845 032e 01       		.byte	1
 846 032f 80       		.byte	-128
 847 0330 03       		.byte	3
 848 0331 00       		.byte	0
 849 0332 07       		.byte	7
 850 0333 00       		.byte	0
 851 0334 3C       		.byte	60
 852 0335 00       		.byte	0
 853 0336 00       		.byte	0
 854 0337 00       		.byte	0
 855 0338 00       		.byte	0
 856 0339 00       		.byte	0
 857 033a 00       		.byte	0
 858 033b 00       		.byte	0
 859 033c 00       		.byte	0
ARM GAS  /tmp/cc8LrQgW.s 			page 16


 860 033d 00       		.byte	0
 861 033e 00       		.byte	0
 862 033f 00       		.byte	0
 863 0340 00       		.byte	0
 864 0341 00       		.byte	0
 865 0342 00       		.byte	0
 866 0343 00       		.byte	0
 867 0344 00       		.byte	0
 868 0345 00       		.byte	0
 869 0346 00       		.byte	0
 870 0347 00       		.byte	0
 871 0348 0C       		.byte	12
 872 0349 00       		.byte	0
 873 034a 0C       		.byte	12
 874 034b 00       		.byte	0
 875 034c 00       		.byte	0
 876 034d 00       		.byte	0
 877 034e 00       		.byte	0
 878 034f 00       		.byte	0
 879 0350 00       		.byte	0
 880 0351 00       		.byte	0
 881 0352 0C       		.byte	12
 882 0353 00       		.byte	0
 883 0354 0C       		.byte	12
 884 0355 00       		.byte	0
 885 0356 00       		.byte	0
 886 0357 00       		.byte	0
 887 0358 00       		.byte	0
 888 0359 00       		.byte	0
 889 035a 00       		.byte	0
 890 035b 00       		.byte	0
 891 035c 00       		.byte	0
 892 035d 00       		.byte	0
 893 035e 00       		.byte	0
 894 035f 00       		.byte	0
 895 0360 00       		.byte	0
 896 0361 00       		.byte	0
 897 0362 00       		.byte	0
 898 0363 00       		.byte	0
 899 0364 00       		.byte	0
 900 0365 00       		.byte	0
 901 0366 00       		.byte	0
 902 0367 00       		.byte	0
 903 0368 03       		.byte	3
 904 0369 00       		.byte	0
 905 036a 03       		.byte	3
 906 036b 00       		.byte	0
 907 036c 00       		.byte	0
 908 036d 00       		.byte	0
 909 036e 00       		.byte	0
 910 036f 00       		.byte	0
 911 0370 00       		.byte	0
 912 0371 00       		.byte	0
 913 0372 06       		.byte	6
 914 0373 00       		.byte	0
 915 0374 04       		.byte	4
 916 0375 00       		.byte	0
ARM GAS  /tmp/cc8LrQgW.s 			page 17


 917 0376 08       		.byte	8
 918 0377 00       		.byte	0
 919 0378 08       		.byte	8
 920 0379 00       		.byte	0
 921 037a 00       		.byte	0
 922 037b 00       		.byte	0
 923 037c 00       		.byte	0
 924 037d 00       		.byte	0
 925 037e 00       		.byte	0
 926 037f 00       		.byte	0
 927 0380 00       		.byte	0
 928 0381 00       		.byte	0
 929 0382 00       		.byte	0
 930 0383 00       		.byte	0
 931 0384 00       		.byte	0
 932 0385 C0       		.byte	-64
 933 0386 03       		.byte	3
 934 0387 00       		.byte	0
 935 0388 04       		.byte	4
 936 0389 00       		.byte	0
 937 038a 18       		.byte	24
 938 038b 00       		.byte	0
 939 038c 60       		.byte	96
 940 038d 00       		.byte	0
 941 038e 18       		.byte	24
 942 038f 00       		.byte	0
 943 0390 04       		.byte	4
 944 0391 00       		.byte	0
 945 0392 03       		.byte	3
 946 0393 00       		.byte	0
 947 0394 00       		.byte	0
 948 0395 C0       		.byte	-64
 949 0396 00       		.byte	0
 950 0397 00       		.byte	0
 951 0398 00       		.byte	0
 952 0399 00       		.byte	0
 953 039a 00       		.byte	0
 954 039b 00       		.byte	0
 955 039c 00       		.byte	0
 956 039d 00       		.byte	0
 957 039e 00       		.byte	0
 958 039f 00       		.byte	0
 959 03a0 00       		.byte	0
 960 03a1 00       		.byte	0
 961 03a2 00       		.byte	0
 962 03a3 00       		.byte	0
 963 03a4 00       		.byte	0
 964 03a5 00       		.byte	0
 965 03a6 00       		.byte	0
 966 03a7 00       		.byte	0
 967 03a8 00       		.byte	0
 968 03a9 00       		.byte	0
 969 03aa 7F       		.byte	127
 970 03ab C0       		.byte	-64
 971 03ac 00       		.byte	0
 972 03ad 00       		.byte	0
 973 03ae 7F       		.byte	127
ARM GAS  /tmp/cc8LrQgW.s 			page 18


 974 03af C0       		.byte	-64
 975 03b0 00       		.byte	0
 976 03b1 00       		.byte	0
 977 03b2 00       		.byte	0
 978 03b3 00       		.byte	0
 979 03b4 00       		.byte	0
 980 03b5 00       		.byte	0
 981 03b6 00       		.byte	0
 982 03b7 00       		.byte	0
 983 03b8 00       		.byte	0
 984 03b9 00       		.byte	0
 985 03ba 00       		.byte	0
 986 03bb 00       		.byte	0
 987 03bc 00       		.byte	0
 988 03bd 00       		.byte	0
 989 03be 00       		.byte	0
 990 03bf 00       		.byte	0
 991 03c0 00       		.byte	0
 992 03c1 00       		.byte	0
 993 03c2 00       		.byte	0
 994 03c3 00       		.byte	0
 995 03c4 60       		.byte	96
 996 03c5 00       		.byte	0
 997 03c6 18       		.byte	24
 998 03c7 00       		.byte	0
 999 03c8 04       		.byte	4
 1000 03c9 00       		.byte	0
 1001 03ca 03       		.byte	3
 1002 03cb 00       		.byte	0
 1003 03cc 00       		.byte	0
 1004 03cd C0       		.byte	-64
 1005 03ce 03       		.byte	3
 1006 03cf 00       		.byte	0
 1007 03d0 04       		.byte	4
 1008 03d1 00       		.byte	0
 1009 03d2 18       		.byte	24
 1010 03d3 00       		.byte	0
 1011 03d4 60       		.byte	96
 1012 03d5 00       		.byte	0
 1013 03d6 00       		.byte	0
 1014 03d7 00       		.byte	0
 1015 03d8 00       		.byte	0
 1016 03d9 00       		.byte	0
 1017 03da 00       		.byte	0
 1018 03db 00       		.byte	0
 1019 03dc 00       		.byte	0
 1020 03dd 00       		.byte	0
 1021 03de 00       		.byte	0
 1022 03df 00       		.byte	0
 1023 03e0 00       		.byte	0
 1024 03e1 00       		.byte	0
 1025 03e2 00       		.byte	0
 1026 03e3 00       		.byte	0
 1027 03e4 1F       		.byte	31
 1028 03e5 00       		.byte	0
 1029 03e6 31       		.byte	49
 1030 03e7 80       		.byte	-128
ARM GAS  /tmp/cc8LrQgW.s 			page 19


 1031 03e8 31       		.byte	49
 1032 03e9 80       		.byte	-128
 1033 03ea 01       		.byte	1
 1034 03eb 80       		.byte	-128
 1035 03ec 07       		.byte	7
 1036 03ed 00       		.byte	0
 1037 03ee 0C       		.byte	12
 1038 03ef 00       		.byte	0
 1039 03f0 0C       		.byte	12
 1040 03f1 00       		.byte	0
 1041 03f2 00       		.byte	0
 1042 03f3 00       		.byte	0
 1043 03f4 0C       		.byte	12
 1044 03f5 00       		.byte	0
 1045 03f6 00       		.byte	0
 1046 03f7 00       		.byte	0
 1047 03f8 00       		.byte	0
 1048 03f9 00       		.byte	0
 1049 03fa 00       		.byte	0
 1050 03fb 00       		.byte	0
 1051 03fc 00       		.byte	0
 1052 03fd 00       		.byte	0
 1053 03fe 00       		.byte	0
 1054 03ff 00       		.byte	0
 1055 0400 00       		.byte	0
 1056 0401 00       		.byte	0
 1057 0402 0E       		.byte	14
 1058 0403 00       		.byte	0
 1059 0404 11       		.byte	17
 1060 0405 00       		.byte	0
 1061 0406 21       		.byte	33
 1062 0407 00       		.byte	0
 1063 0408 21       		.byte	33
 1064 0409 00       		.byte	0
 1065 040a 27       		.byte	39
 1066 040b 00       		.byte	0
 1067 040c 29       		.byte	41
 1068 040d 00       		.byte	0
 1069 040e 29       		.byte	41
 1070 040f 00       		.byte	0
 1071 0410 27       		.byte	39
 1072 0411 00       		.byte	0
 1073 0412 20       		.byte	32
 1074 0413 00       		.byte	0
 1075 0414 11       		.byte	17
 1076 0415 00       		.byte	0
 1077 0416 0E       		.byte	14
 1078 0417 00       		.byte	0
 1079 0418 00       		.byte	0
 1080 0419 00       		.byte	0
 1081 041a 00       		.byte	0
 1082 041b 00       		.byte	0
 1083 041c 00       		.byte	0
 1084 041d 00       		.byte	0
 1085 041e 00       		.byte	0
 1086 041f 00       		.byte	0
 1087 0420 00       		.byte	0
ARM GAS  /tmp/cc8LrQgW.s 			page 20


 1088 0421 00       		.byte	0
 1089 0422 00       		.byte	0
 1090 0423 00       		.byte	0
 1091 0424 3F       		.byte	63
 1092 0425 00       		.byte	0
 1093 0426 0F       		.byte	15
 1094 0427 00       		.byte	0
 1095 0428 09       		.byte	9
 1096 0429 00       		.byte	0
 1097 042a 19       		.byte	25
 1098 042b 80       		.byte	-128
 1099 042c 19       		.byte	25
 1100 042d 80       		.byte	-128
 1101 042e 1F       		.byte	31
 1102 042f 80       		.byte	-128
 1103 0430 30       		.byte	48
 1104 0431 C0       		.byte	-64
 1105 0432 30       		.byte	48
 1106 0433 C0       		.byte	-64
 1107 0434 79       		.byte	121
 1108 0435 E0       		.byte	-32
 1109 0436 00       		.byte	0
 1110 0437 00       		.byte	0
 1111 0438 00       		.byte	0
 1112 0439 00       		.byte	0
 1113 043a 00       		.byte	0
 1114 043b 00       		.byte	0
 1115 043c 00       		.byte	0
 1116 043d 00       		.byte	0
 1117 043e 00       		.byte	0
 1118 043f 00       		.byte	0
 1119 0440 00       		.byte	0
 1120 0441 00       		.byte	0
 1121 0442 00       		.byte	0
 1122 0443 00       		.byte	0
 1123 0444 7F       		.byte	127
 1124 0445 00       		.byte	0
 1125 0446 31       		.byte	49
 1126 0447 80       		.byte	-128
 1127 0448 31       		.byte	49
 1128 0449 80       		.byte	-128
 1129 044a 31       		.byte	49
 1130 044b 80       		.byte	-128
 1131 044c 3F       		.byte	63
 1132 044d 00       		.byte	0
 1133 044e 31       		.byte	49
 1134 044f 80       		.byte	-128
 1135 0450 31       		.byte	49
 1136 0451 80       		.byte	-128
 1137 0452 31       		.byte	49
 1138 0453 80       		.byte	-128
 1139 0454 7F       		.byte	127
 1140 0455 00       		.byte	0
 1141 0456 00       		.byte	0
 1142 0457 00       		.byte	0
 1143 0458 00       		.byte	0
 1144 0459 00       		.byte	0
ARM GAS  /tmp/cc8LrQgW.s 			page 21


 1145 045a 00       		.byte	0
 1146 045b 00       		.byte	0
 1147 045c 00       		.byte	0
 1148 045d 00       		.byte	0
 1149 045e 00       		.byte	0
 1150 045f 00       		.byte	0
 1151 0460 00       		.byte	0
 1152 0461 00       		.byte	0
 1153 0462 00       		.byte	0
 1154 0463 00       		.byte	0
 1155 0464 1F       		.byte	31
 1156 0465 40       		.byte	64
 1157 0466 30       		.byte	48
 1158 0467 C0       		.byte	-64
 1159 0468 60       		.byte	96
 1160 0469 40       		.byte	64
 1161 046a 60       		.byte	96
 1162 046b 00       		.byte	0
 1163 046c 60       		.byte	96
 1164 046d 00       		.byte	0
 1165 046e 60       		.byte	96
 1166 046f 00       		.byte	0
 1167 0470 60       		.byte	96
 1168 0471 40       		.byte	64
 1169 0472 30       		.byte	48
 1170 0473 80       		.byte	-128
 1171 0474 1F       		.byte	31
 1172 0475 00       		.byte	0
 1173 0476 00       		.byte	0
 1174 0477 00       		.byte	0
 1175 0478 00       		.byte	0
 1176 0479 00       		.byte	0
 1177 047a 00       		.byte	0
 1178 047b 00       		.byte	0
 1179 047c 00       		.byte	0
 1180 047d 00       		.byte	0
 1181 047e 00       		.byte	0
 1182 047f 00       		.byte	0
 1183 0480 00       		.byte	0
 1184 0481 00       		.byte	0
 1185 0482 00       		.byte	0
 1186 0483 00       		.byte	0
 1187 0484 7F       		.byte	127
 1188 0485 00       		.byte	0
 1189 0486 31       		.byte	49
 1190 0487 80       		.byte	-128
 1191 0488 30       		.byte	48
 1192 0489 C0       		.byte	-64
 1193 048a 30       		.byte	48
 1194 048b C0       		.byte	-64
 1195 048c 30       		.byte	48
 1196 048d C0       		.byte	-64
 1197 048e 30       		.byte	48
 1198 048f C0       		.byte	-64
 1199 0490 30       		.byte	48
 1200 0491 C0       		.byte	-64
 1201 0492 31       		.byte	49
ARM GAS  /tmp/cc8LrQgW.s 			page 22


 1202 0493 80       		.byte	-128
 1203 0494 7F       		.byte	127
 1204 0495 00       		.byte	0
 1205 0496 00       		.byte	0
 1206 0497 00       		.byte	0
 1207 0498 00       		.byte	0
 1208 0499 00       		.byte	0
 1209 049a 00       		.byte	0
 1210 049b 00       		.byte	0
 1211 049c 00       		.byte	0
 1212 049d 00       		.byte	0
 1213 049e 00       		.byte	0
 1214 049f 00       		.byte	0
 1215 04a0 00       		.byte	0
 1216 04a1 00       		.byte	0
 1217 04a2 00       		.byte	0
 1218 04a3 00       		.byte	0
 1219 04a4 7F       		.byte	127
 1220 04a5 80       		.byte	-128
 1221 04a6 30       		.byte	48
 1222 04a7 80       		.byte	-128
 1223 04a8 30       		.byte	48
 1224 04a9 80       		.byte	-128
 1225 04aa 32       		.byte	50
 1226 04ab 00       		.byte	0
 1227 04ac 3E       		.byte	62
 1228 04ad 00       		.byte	0
 1229 04ae 32       		.byte	50
 1230 04af 00       		.byte	0
 1231 04b0 30       		.byte	48
 1232 04b1 80       		.byte	-128
 1233 04b2 30       		.byte	48
 1234 04b3 80       		.byte	-128
 1235 04b4 7F       		.byte	127
 1236 04b5 80       		.byte	-128
 1237 04b6 00       		.byte	0
 1238 04b7 00       		.byte	0
 1239 04b8 00       		.byte	0
 1240 04b9 00       		.byte	0
 1241 04ba 00       		.byte	0
 1242 04bb 00       		.byte	0
 1243 04bc 00       		.byte	0
 1244 04bd 00       		.byte	0
 1245 04be 00       		.byte	0
 1246 04bf 00       		.byte	0
 1247 04c0 00       		.byte	0
 1248 04c1 00       		.byte	0
 1249 04c2 00       		.byte	0
 1250 04c3 00       		.byte	0
 1251 04c4 7F       		.byte	127
 1252 04c5 C0       		.byte	-64
 1253 04c6 30       		.byte	48
 1254 04c7 40       		.byte	64
 1255 04c8 30       		.byte	48
 1256 04c9 40       		.byte	64
 1257 04ca 32       		.byte	50
 1258 04cb 00       		.byte	0
ARM GAS  /tmp/cc8LrQgW.s 			page 23


 1259 04cc 3E       		.byte	62
 1260 04cd 00       		.byte	0
 1261 04ce 32       		.byte	50
 1262 04cf 00       		.byte	0
 1263 04d0 30       		.byte	48
 1264 04d1 00       		.byte	0
 1265 04d2 30       		.byte	48
 1266 04d3 00       		.byte	0
 1267 04d4 7C       		.byte	124
 1268 04d5 00       		.byte	0
 1269 04d6 00       		.byte	0
 1270 04d7 00       		.byte	0
 1271 04d8 00       		.byte	0
 1272 04d9 00       		.byte	0
 1273 04da 00       		.byte	0
 1274 04db 00       		.byte	0
 1275 04dc 00       		.byte	0
 1276 04dd 00       		.byte	0
 1277 04de 00       		.byte	0
 1278 04df 00       		.byte	0
 1279 04e0 00       		.byte	0
 1280 04e1 00       		.byte	0
 1281 04e2 00       		.byte	0
 1282 04e3 00       		.byte	0
 1283 04e4 1E       		.byte	30
 1284 04e5 80       		.byte	-128
 1285 04e6 31       		.byte	49
 1286 04e7 80       		.byte	-128
 1287 04e8 60       		.byte	96
 1288 04e9 80       		.byte	-128
 1289 04ea 60       		.byte	96
 1290 04eb 00       		.byte	0
 1291 04ec 60       		.byte	96
 1292 04ed 00       		.byte	0
 1293 04ee 67       		.byte	103
 1294 04ef C0       		.byte	-64
 1295 04f0 61       		.byte	97
 1296 04f1 80       		.byte	-128
 1297 04f2 31       		.byte	49
 1298 04f3 80       		.byte	-128
 1299 04f4 1F       		.byte	31
 1300 04f5 00       		.byte	0
 1301 04f6 00       		.byte	0
 1302 04f7 00       		.byte	0
 1303 04f8 00       		.byte	0
 1304 04f9 00       		.byte	0
 1305 04fa 00       		.byte	0
 1306 04fb 00       		.byte	0
 1307 04fc 00       		.byte	0
 1308 04fd 00       		.byte	0
 1309 04fe 00       		.byte	0
 1310 04ff 00       		.byte	0
 1311 0500 00       		.byte	0
 1312 0501 00       		.byte	0
 1313 0502 00       		.byte	0
 1314 0503 00       		.byte	0
 1315 0504 7B       		.byte	123
ARM GAS  /tmp/cc8LrQgW.s 			page 24


 1316 0505 C0       		.byte	-64
 1317 0506 31       		.byte	49
 1318 0507 80       		.byte	-128
 1319 0508 31       		.byte	49
 1320 0509 80       		.byte	-128
 1321 050a 31       		.byte	49
 1322 050b 80       		.byte	-128
 1323 050c 3F       		.byte	63
 1324 050d 80       		.byte	-128
 1325 050e 31       		.byte	49
 1326 050f 80       		.byte	-128
 1327 0510 31       		.byte	49
 1328 0511 80       		.byte	-128
 1329 0512 31       		.byte	49
 1330 0513 80       		.byte	-128
 1331 0514 7B       		.byte	123
 1332 0515 C0       		.byte	-64
 1333 0516 00       		.byte	0
 1334 0517 00       		.byte	0
 1335 0518 00       		.byte	0
 1336 0519 00       		.byte	0
 1337 051a 00       		.byte	0
 1338 051b 00       		.byte	0
 1339 051c 00       		.byte	0
 1340 051d 00       		.byte	0
 1341 051e 00       		.byte	0
 1342 051f 00       		.byte	0
 1343 0520 00       		.byte	0
 1344 0521 00       		.byte	0
 1345 0522 00       		.byte	0
 1346 0523 00       		.byte	0
 1347 0524 3F       		.byte	63
 1348 0525 C0       		.byte	-64
 1349 0526 06       		.byte	6
 1350 0527 00       		.byte	0
 1351 0528 06       		.byte	6
 1352 0529 00       		.byte	0
 1353 052a 06       		.byte	6
 1354 052b 00       		.byte	0
 1355 052c 06       		.byte	6
 1356 052d 00       		.byte	0
 1357 052e 06       		.byte	6
 1358 052f 00       		.byte	0
 1359 0530 06       		.byte	6
 1360 0531 00       		.byte	0
 1361 0532 06       		.byte	6
 1362 0533 00       		.byte	0
 1363 0534 3F       		.byte	63
 1364 0535 C0       		.byte	-64
 1365 0536 00       		.byte	0
 1366 0537 00       		.byte	0
 1367 0538 00       		.byte	0
 1368 0539 00       		.byte	0
 1369 053a 00       		.byte	0
 1370 053b 00       		.byte	0
 1371 053c 00       		.byte	0
 1372 053d 00       		.byte	0
ARM GAS  /tmp/cc8LrQgW.s 			page 25


 1373 053e 00       		.byte	0
 1374 053f 00       		.byte	0
 1375 0540 00       		.byte	0
 1376 0541 00       		.byte	0
 1377 0542 00       		.byte	0
 1378 0543 00       		.byte	0
 1379 0544 1F       		.byte	31
 1380 0545 C0       		.byte	-64
 1381 0546 03       		.byte	3
 1382 0547 00       		.byte	0
 1383 0548 03       		.byte	3
 1384 0549 00       		.byte	0
 1385 054a 03       		.byte	3
 1386 054b 00       		.byte	0
 1387 054c 03       		.byte	3
 1388 054d 00       		.byte	0
 1389 054e 63       		.byte	99
 1390 054f 00       		.byte	0
 1391 0550 63       		.byte	99
 1392 0551 00       		.byte	0
 1393 0552 63       		.byte	99
 1394 0553 00       		.byte	0
 1395 0554 3E       		.byte	62
 1396 0555 00       		.byte	0
 1397 0556 00       		.byte	0
 1398 0557 00       		.byte	0
 1399 0558 00       		.byte	0
 1400 0559 00       		.byte	0
 1401 055a 00       		.byte	0
 1402 055b 00       		.byte	0
 1403 055c 00       		.byte	0
 1404 055d 00       		.byte	0
 1405 055e 00       		.byte	0
 1406 055f 00       		.byte	0
 1407 0560 00       		.byte	0
 1408 0561 00       		.byte	0
 1409 0562 00       		.byte	0
 1410 0563 00       		.byte	0
 1411 0564 7B       		.byte	123
 1412 0565 C0       		.byte	-64
 1413 0566 31       		.byte	49
 1414 0567 80       		.byte	-128
 1415 0568 33       		.byte	51
 1416 0569 00       		.byte	0
 1417 056a 36       		.byte	54
 1418 056b 00       		.byte	0
 1419 056c 3C       		.byte	60
 1420 056d 00       		.byte	0
 1421 056e 3E       		.byte	62
 1422 056f 00       		.byte	0
 1423 0570 33       		.byte	51
 1424 0571 00       		.byte	0
 1425 0572 31       		.byte	49
 1426 0573 80       		.byte	-128
 1427 0574 79       		.byte	121
 1428 0575 C0       		.byte	-64
 1429 0576 00       		.byte	0
ARM GAS  /tmp/cc8LrQgW.s 			page 26


 1430 0577 00       		.byte	0
 1431 0578 00       		.byte	0
 1432 0579 00       		.byte	0
 1433 057a 00       		.byte	0
 1434 057b 00       		.byte	0
 1435 057c 00       		.byte	0
 1436 057d 00       		.byte	0
 1437 057e 00       		.byte	0
 1438 057f 00       		.byte	0
 1439 0580 00       		.byte	0
 1440 0581 00       		.byte	0
 1441 0582 00       		.byte	0
 1442 0583 00       		.byte	0
 1443 0584 7E       		.byte	126
 1444 0585 00       		.byte	0
 1445 0586 18       		.byte	24
 1446 0587 00       		.byte	0
 1447 0588 18       		.byte	24
 1448 0589 00       		.byte	0
 1449 058a 18       		.byte	24
 1450 058b 00       		.byte	0
 1451 058c 18       		.byte	24
 1452 058d 00       		.byte	0
 1453 058e 18       		.byte	24
 1454 058f 40       		.byte	64
 1455 0590 18       		.byte	24
 1456 0591 40       		.byte	64
 1457 0592 18       		.byte	24
 1458 0593 40       		.byte	64
 1459 0594 7F       		.byte	127
 1460 0595 C0       		.byte	-64
 1461 0596 00       		.byte	0
 1462 0597 00       		.byte	0
 1463 0598 00       		.byte	0
 1464 0599 00       		.byte	0
 1465 059a 00       		.byte	0
 1466 059b 00       		.byte	0
 1467 059c 00       		.byte	0
 1468 059d 00       		.byte	0
 1469 059e 00       		.byte	0
 1470 059f 00       		.byte	0
 1471 05a0 00       		.byte	0
 1472 05a1 00       		.byte	0
 1473 05a2 00       		.byte	0
 1474 05a3 00       		.byte	0
 1475 05a4 E0       		.byte	-32
 1476 05a5 E0       		.byte	-32
 1477 05a6 60       		.byte	96
 1478 05a7 C0       		.byte	-64
 1479 05a8 71       		.byte	113
 1480 05a9 C0       		.byte	-64
 1481 05aa 7B       		.byte	123
 1482 05ab C0       		.byte	-64
 1483 05ac 6A       		.byte	106
 1484 05ad C0       		.byte	-64
 1485 05ae 6E       		.byte	110
 1486 05af C0       		.byte	-64
ARM GAS  /tmp/cc8LrQgW.s 			page 27


 1487 05b0 64       		.byte	100
 1488 05b1 C0       		.byte	-64
 1489 05b2 60       		.byte	96
 1490 05b3 C0       		.byte	-64
 1491 05b4 FB       		.byte	-5
 1492 05b5 E0       		.byte	-32
 1493 05b6 00       		.byte	0
 1494 05b7 00       		.byte	0
 1495 05b8 00       		.byte	0
 1496 05b9 00       		.byte	0
 1497 05ba 00       		.byte	0
 1498 05bb 00       		.byte	0
 1499 05bc 00       		.byte	0
 1500 05bd 00       		.byte	0
 1501 05be 00       		.byte	0
 1502 05bf 00       		.byte	0
 1503 05c0 00       		.byte	0
 1504 05c1 00       		.byte	0
 1505 05c2 00       		.byte	0
 1506 05c3 00       		.byte	0
 1507 05c4 73       		.byte	115
 1508 05c5 C0       		.byte	-64
 1509 05c6 31       		.byte	49
 1510 05c7 80       		.byte	-128
 1511 05c8 39       		.byte	57
 1512 05c9 80       		.byte	-128
 1513 05ca 3D       		.byte	61
 1514 05cb 80       		.byte	-128
 1515 05cc 35       		.byte	53
 1516 05cd 80       		.byte	-128
 1517 05ce 37       		.byte	55
 1518 05cf 80       		.byte	-128
 1519 05d0 33       		.byte	51
 1520 05d1 80       		.byte	-128
 1521 05d2 31       		.byte	49
 1522 05d3 80       		.byte	-128
 1523 05d4 79       		.byte	121
 1524 05d5 80       		.byte	-128
 1525 05d6 00       		.byte	0
 1526 05d7 00       		.byte	0
 1527 05d8 00       		.byte	0
 1528 05d9 00       		.byte	0
 1529 05da 00       		.byte	0
 1530 05db 00       		.byte	0
 1531 05dc 00       		.byte	0
 1532 05dd 00       		.byte	0
 1533 05de 00       		.byte	0
 1534 05df 00       		.byte	0
 1535 05e0 00       		.byte	0
 1536 05e1 00       		.byte	0
 1537 05e2 00       		.byte	0
 1538 05e3 00       		.byte	0
 1539 05e4 1F       		.byte	31
 1540 05e5 00       		.byte	0
 1541 05e6 31       		.byte	49
 1542 05e7 80       		.byte	-128
 1543 05e8 60       		.byte	96
ARM GAS  /tmp/cc8LrQgW.s 			page 28


 1544 05e9 C0       		.byte	-64
 1545 05ea 60       		.byte	96
 1546 05eb C0       		.byte	-64
 1547 05ec 60       		.byte	96
 1548 05ed C0       		.byte	-64
 1549 05ee 60       		.byte	96
 1550 05ef C0       		.byte	-64
 1551 05f0 60       		.byte	96
 1552 05f1 C0       		.byte	-64
 1553 05f2 31       		.byte	49
 1554 05f3 80       		.byte	-128
 1555 05f4 1F       		.byte	31
 1556 05f5 00       		.byte	0
 1557 05f6 00       		.byte	0
 1558 05f7 00       		.byte	0
 1559 05f8 00       		.byte	0
 1560 05f9 00       		.byte	0
 1561 05fa 00       		.byte	0
 1562 05fb 00       		.byte	0
 1563 05fc 00       		.byte	0
 1564 05fd 00       		.byte	0
 1565 05fe 00       		.byte	0
 1566 05ff 00       		.byte	0
 1567 0600 00       		.byte	0
 1568 0601 00       		.byte	0
 1569 0602 00       		.byte	0
 1570 0603 00       		.byte	0
 1571 0604 7F       		.byte	127
 1572 0605 00       		.byte	0
 1573 0606 31       		.byte	49
 1574 0607 80       		.byte	-128
 1575 0608 31       		.byte	49
 1576 0609 80       		.byte	-128
 1577 060a 31       		.byte	49
 1578 060b 80       		.byte	-128
 1579 060c 31       		.byte	49
 1580 060d 80       		.byte	-128
 1581 060e 3F       		.byte	63
 1582 060f 00       		.byte	0
 1583 0610 30       		.byte	48
 1584 0611 00       		.byte	0
 1585 0612 30       		.byte	48
 1586 0613 00       		.byte	0
 1587 0614 7E       		.byte	126
 1588 0615 00       		.byte	0
 1589 0616 00       		.byte	0
 1590 0617 00       		.byte	0
 1591 0618 00       		.byte	0
 1592 0619 00       		.byte	0
 1593 061a 00       		.byte	0
 1594 061b 00       		.byte	0
 1595 061c 00       		.byte	0
 1596 061d 00       		.byte	0
 1597 061e 00       		.byte	0
 1598 061f 00       		.byte	0
 1599 0620 00       		.byte	0
 1600 0621 00       		.byte	0
ARM GAS  /tmp/cc8LrQgW.s 			page 29


 1601 0622 00       		.byte	0
 1602 0623 00       		.byte	0
 1603 0624 1F       		.byte	31
 1604 0625 00       		.byte	0
 1605 0626 31       		.byte	49
 1606 0627 80       		.byte	-128
 1607 0628 60       		.byte	96
 1608 0629 C0       		.byte	-64
 1609 062a 60       		.byte	96
 1610 062b C0       		.byte	-64
 1611 062c 60       		.byte	96
 1612 062d C0       		.byte	-64
 1613 062e 60       		.byte	96
 1614 062f C0       		.byte	-64
 1615 0630 60       		.byte	96
 1616 0631 C0       		.byte	-64
 1617 0632 31       		.byte	49
 1618 0633 80       		.byte	-128
 1619 0634 1F       		.byte	31
 1620 0635 00       		.byte	0
 1621 0636 0C       		.byte	12
 1622 0637 C0       		.byte	-64
 1623 0638 1F       		.byte	31
 1624 0639 80       		.byte	-128
 1625 063a 00       		.byte	0
 1626 063b 00       		.byte	0
 1627 063c 00       		.byte	0
 1628 063d 00       		.byte	0
 1629 063e 00       		.byte	0
 1630 063f 00       		.byte	0
 1631 0640 00       		.byte	0
 1632 0641 00       		.byte	0
 1633 0642 00       		.byte	0
 1634 0643 00       		.byte	0
 1635 0644 7F       		.byte	127
 1636 0645 00       		.byte	0
 1637 0646 31       		.byte	49
 1638 0647 80       		.byte	-128
 1639 0648 31       		.byte	49
 1640 0649 80       		.byte	-128
 1641 064a 31       		.byte	49
 1642 064b 80       		.byte	-128
 1643 064c 3E       		.byte	62
 1644 064d 00       		.byte	0
 1645 064e 33       		.byte	51
 1646 064f 00       		.byte	0
 1647 0650 31       		.byte	49
 1648 0651 80       		.byte	-128
 1649 0652 31       		.byte	49
 1650 0653 80       		.byte	-128
 1651 0654 7C       		.byte	124
 1652 0655 E0       		.byte	-32
 1653 0656 00       		.byte	0
 1654 0657 00       		.byte	0
 1655 0658 00       		.byte	0
 1656 0659 00       		.byte	0
 1657 065a 00       		.byte	0
ARM GAS  /tmp/cc8LrQgW.s 			page 30


 1658 065b 00       		.byte	0
 1659 065c 00       		.byte	0
 1660 065d 00       		.byte	0
 1661 065e 00       		.byte	0
 1662 065f 00       		.byte	0
 1663 0660 00       		.byte	0
 1664 0661 00       		.byte	0
 1665 0662 00       		.byte	0
 1666 0663 00       		.byte	0
 1667 0664 1F       		.byte	31
 1668 0665 80       		.byte	-128
 1669 0666 31       		.byte	49
 1670 0667 80       		.byte	-128
 1671 0668 31       		.byte	49
 1672 0669 80       		.byte	-128
 1673 066a 38       		.byte	56
 1674 066b 00       		.byte	0
 1675 066c 1F       		.byte	31
 1676 066d 00       		.byte	0
 1677 066e 03       		.byte	3
 1678 066f 80       		.byte	-128
 1679 0670 31       		.byte	49
 1680 0671 80       		.byte	-128
 1681 0672 31       		.byte	49
 1682 0673 80       		.byte	-128
 1683 0674 3F       		.byte	63
 1684 0675 00       		.byte	0
 1685 0676 00       		.byte	0
 1686 0677 00       		.byte	0
 1687 0678 00       		.byte	0
 1688 0679 00       		.byte	0
 1689 067a 00       		.byte	0
 1690 067b 00       		.byte	0
 1691 067c 00       		.byte	0
 1692 067d 00       		.byte	0
 1693 067e 00       		.byte	0
 1694 067f 00       		.byte	0
 1695 0680 00       		.byte	0
 1696 0681 00       		.byte	0
 1697 0682 00       		.byte	0
 1698 0683 00       		.byte	0
 1699 0684 7F       		.byte	127
 1700 0685 80       		.byte	-128
 1701 0686 4C       		.byte	76
 1702 0687 80       		.byte	-128
 1703 0688 4C       		.byte	76
 1704 0689 80       		.byte	-128
 1705 068a 4C       		.byte	76
 1706 068b 80       		.byte	-128
 1707 068c 0C       		.byte	12
 1708 068d 00       		.byte	0
 1709 068e 0C       		.byte	12
 1710 068f 00       		.byte	0
 1711 0690 0C       		.byte	12
 1712 0691 00       		.byte	0
 1713 0692 0C       		.byte	12
 1714 0693 00       		.byte	0
ARM GAS  /tmp/cc8LrQgW.s 			page 31


 1715 0694 3F       		.byte	63
 1716 0695 00       		.byte	0
 1717 0696 00       		.byte	0
 1718 0697 00       		.byte	0
 1719 0698 00       		.byte	0
 1720 0699 00       		.byte	0
 1721 069a 00       		.byte	0
 1722 069b 00       		.byte	0
 1723 069c 00       		.byte	0
 1724 069d 00       		.byte	0
 1725 069e 00       		.byte	0
 1726 069f 00       		.byte	0
 1727 06a0 00       		.byte	0
 1728 06a1 00       		.byte	0
 1729 06a2 00       		.byte	0
 1730 06a3 00       		.byte	0
 1731 06a4 7B       		.byte	123
 1732 06a5 C0       		.byte	-64
 1733 06a6 31       		.byte	49
 1734 06a7 80       		.byte	-128
 1735 06a8 31       		.byte	49
 1736 06a9 80       		.byte	-128
 1737 06aa 31       		.byte	49
 1738 06ab 80       		.byte	-128
 1739 06ac 31       		.byte	49
 1740 06ad 80       		.byte	-128
 1741 06ae 31       		.byte	49
 1742 06af 80       		.byte	-128
 1743 06b0 31       		.byte	49
 1744 06b1 80       		.byte	-128
 1745 06b2 31       		.byte	49
 1746 06b3 80       		.byte	-128
 1747 06b4 1F       		.byte	31
 1748 06b5 00       		.byte	0
 1749 06b6 00       		.byte	0
 1750 06b7 00       		.byte	0
 1751 06b8 00       		.byte	0
 1752 06b9 00       		.byte	0
 1753 06ba 00       		.byte	0
 1754 06bb 00       		.byte	0
 1755 06bc 00       		.byte	0
 1756 06bd 00       		.byte	0
 1757 06be 00       		.byte	0
 1758 06bf 00       		.byte	0
 1759 06c0 00       		.byte	0
 1760 06c1 00       		.byte	0
 1761 06c2 00       		.byte	0
 1762 06c3 00       		.byte	0
 1763 06c4 7B       		.byte	123
 1764 06c5 C0       		.byte	-64
 1765 06c6 31       		.byte	49
 1766 06c7 80       		.byte	-128
 1767 06c8 31       		.byte	49
 1768 06c9 80       		.byte	-128
 1769 06ca 1B       		.byte	27
 1770 06cb 00       		.byte	0
 1771 06cc 1B       		.byte	27
ARM GAS  /tmp/cc8LrQgW.s 			page 32


 1772 06cd 00       		.byte	0
 1773 06ce 1B       		.byte	27
 1774 06cf 00       		.byte	0
 1775 06d0 0A       		.byte	10
 1776 06d1 00       		.byte	0
 1777 06d2 0E       		.byte	14
 1778 06d3 00       		.byte	0
 1779 06d4 0E       		.byte	14
 1780 06d5 00       		.byte	0
 1781 06d6 00       		.byte	0
 1782 06d7 00       		.byte	0
 1783 06d8 00       		.byte	0
 1784 06d9 00       		.byte	0
 1785 06da 00       		.byte	0
 1786 06db 00       		.byte	0
 1787 06dc 00       		.byte	0
 1788 06dd 00       		.byte	0
 1789 06de 00       		.byte	0
 1790 06df 00       		.byte	0
 1791 06e0 00       		.byte	0
 1792 06e1 00       		.byte	0
 1793 06e2 00       		.byte	0
 1794 06e3 00       		.byte	0
 1795 06e4 FB       		.byte	-5
 1796 06e5 E0       		.byte	-32
 1797 06e6 60       		.byte	96
 1798 06e7 C0       		.byte	-64
 1799 06e8 64       		.byte	100
 1800 06e9 C0       		.byte	-64
 1801 06ea 6E       		.byte	110
 1802 06eb C0       		.byte	-64
 1803 06ec 6E       		.byte	110
 1804 06ed C0       		.byte	-64
 1805 06ee 2A       		.byte	42
 1806 06ef 80       		.byte	-128
 1807 06f0 3B       		.byte	59
 1808 06f1 80       		.byte	-128
 1809 06f2 3B       		.byte	59
 1810 06f3 80       		.byte	-128
 1811 06f4 31       		.byte	49
 1812 06f5 80       		.byte	-128
 1813 06f6 00       		.byte	0
 1814 06f7 00       		.byte	0
 1815 06f8 00       		.byte	0
 1816 06f9 00       		.byte	0
 1817 06fa 00       		.byte	0
 1818 06fb 00       		.byte	0
 1819 06fc 00       		.byte	0
 1820 06fd 00       		.byte	0
 1821 06fe 00       		.byte	0
 1822 06ff 00       		.byte	0
 1823 0700 00       		.byte	0
 1824 0701 00       		.byte	0
 1825 0702 00       		.byte	0
 1826 0703 00       		.byte	0
 1827 0704 7B       		.byte	123
 1828 0705 C0       		.byte	-64
ARM GAS  /tmp/cc8LrQgW.s 			page 33


 1829 0706 31       		.byte	49
 1830 0707 80       		.byte	-128
 1831 0708 1B       		.byte	27
 1832 0709 00       		.byte	0
 1833 070a 0E       		.byte	14
 1834 070b 00       		.byte	0
 1835 070c 0E       		.byte	14
 1836 070d 00       		.byte	0
 1837 070e 0E       		.byte	14
 1838 070f 00       		.byte	0
 1839 0710 1B       		.byte	27
 1840 0711 00       		.byte	0
 1841 0712 31       		.byte	49
 1842 0713 80       		.byte	-128
 1843 0714 7B       		.byte	123
 1844 0715 C0       		.byte	-64
 1845 0716 00       		.byte	0
 1846 0717 00       		.byte	0
 1847 0718 00       		.byte	0
 1848 0719 00       		.byte	0
 1849 071a 00       		.byte	0
 1850 071b 00       		.byte	0
 1851 071c 00       		.byte	0
 1852 071d 00       		.byte	0
 1853 071e 00       		.byte	0
 1854 071f 00       		.byte	0
 1855 0720 00       		.byte	0
 1856 0721 00       		.byte	0
 1857 0722 00       		.byte	0
 1858 0723 00       		.byte	0
 1859 0724 79       		.byte	121
 1860 0725 E0       		.byte	-32
 1861 0726 30       		.byte	48
 1862 0727 C0       		.byte	-64
 1863 0728 19       		.byte	25
 1864 0729 80       		.byte	-128
 1865 072a 0F       		.byte	15
 1866 072b 00       		.byte	0
 1867 072c 06       		.byte	6
 1868 072d 00       		.byte	0
 1869 072e 06       		.byte	6
 1870 072f 00       		.byte	0
 1871 0730 06       		.byte	6
 1872 0731 00       		.byte	0
 1873 0732 06       		.byte	6
 1874 0733 00       		.byte	0
 1875 0734 1F       		.byte	31
 1876 0735 80       		.byte	-128
 1877 0736 00       		.byte	0
 1878 0737 00       		.byte	0
 1879 0738 00       		.byte	0
 1880 0739 00       		.byte	0
 1881 073a 00       		.byte	0
 1882 073b 00       		.byte	0
 1883 073c 00       		.byte	0
 1884 073d 00       		.byte	0
 1885 073e 00       		.byte	0
ARM GAS  /tmp/cc8LrQgW.s 			page 34


 1886 073f 00       		.byte	0
 1887 0740 00       		.byte	0
 1888 0741 00       		.byte	0
 1889 0742 00       		.byte	0
 1890 0743 00       		.byte	0
 1891 0744 3F       		.byte	63
 1892 0745 80       		.byte	-128
 1893 0746 21       		.byte	33
 1894 0747 80       		.byte	-128
 1895 0748 23       		.byte	35
 1896 0749 00       		.byte	0
 1897 074a 06       		.byte	6
 1898 074b 00       		.byte	0
 1899 074c 04       		.byte	4
 1900 074d 00       		.byte	0
 1901 074e 0C       		.byte	12
 1902 074f 00       		.byte	0
 1903 0750 18       		.byte	24
 1904 0751 80       		.byte	-128
 1905 0752 30       		.byte	48
 1906 0753 80       		.byte	-128
 1907 0754 3F       		.byte	63
 1908 0755 80       		.byte	-128
 1909 0756 00       		.byte	0
 1910 0757 00       		.byte	0
 1911 0758 00       		.byte	0
 1912 0759 00       		.byte	0
 1913 075a 00       		.byte	0
 1914 075b 00       		.byte	0
 1915 075c 00       		.byte	0
 1916 075d 00       		.byte	0
 1917 075e 00       		.byte	0
 1918 075f 00       		.byte	0
 1919 0760 00       		.byte	0
 1920 0761 00       		.byte	0
 1921 0762 07       		.byte	7
 1922 0763 80       		.byte	-128
 1923 0764 06       		.byte	6
 1924 0765 00       		.byte	0
 1925 0766 06       		.byte	6
 1926 0767 00       		.byte	0
 1927 0768 06       		.byte	6
 1928 0769 00       		.byte	0
 1929 076a 06       		.byte	6
 1930 076b 00       		.byte	0
 1931 076c 06       		.byte	6
 1932 076d 00       		.byte	0
 1933 076e 06       		.byte	6
 1934 076f 00       		.byte	0
 1935 0770 06       		.byte	6
 1936 0771 00       		.byte	0
 1937 0772 06       		.byte	6
 1938 0773 00       		.byte	0
 1939 0774 06       		.byte	6
 1940 0775 00       		.byte	0
 1941 0776 06       		.byte	6
 1942 0777 00       		.byte	0
ARM GAS  /tmp/cc8LrQgW.s 			page 35


 1943 0778 07       		.byte	7
 1944 0779 80       		.byte	-128
 1945 077a 00       		.byte	0
 1946 077b 00       		.byte	0
 1947 077c 00       		.byte	0
 1948 077d 00       		.byte	0
 1949 077e 00       		.byte	0
 1950 077f 00       		.byte	0
 1951 0780 30       		.byte	48
 1952 0781 00       		.byte	0
 1953 0782 30       		.byte	48
 1954 0783 00       		.byte	0
 1955 0784 18       		.byte	24
 1956 0785 00       		.byte	0
 1957 0786 18       		.byte	24
 1958 0787 00       		.byte	0
 1959 0788 0C       		.byte	12
 1960 0789 00       		.byte	0
 1961 078a 0C       		.byte	12
 1962 078b 00       		.byte	0
 1963 078c 06       		.byte	6
 1964 078d 00       		.byte	0
 1965 078e 03       		.byte	3
 1966 078f 00       		.byte	0
 1967 0790 03       		.byte	3
 1968 0791 00       		.byte	0
 1969 0792 01       		.byte	1
 1970 0793 80       		.byte	-128
 1971 0794 01       		.byte	1
 1972 0795 80       		.byte	-128
 1973 0796 00       		.byte	0
 1974 0797 C0       		.byte	-64
 1975 0798 00       		.byte	0
 1976 0799 C0       		.byte	-64
 1977 079a 00       		.byte	0
 1978 079b 00       		.byte	0
 1979 079c 00       		.byte	0
 1980 079d 00       		.byte	0
 1981 079e 00       		.byte	0
 1982 079f 00       		.byte	0
 1983 07a0 00       		.byte	0
 1984 07a1 00       		.byte	0
 1985 07a2 1E       		.byte	30
 1986 07a3 00       		.byte	0
 1987 07a4 06       		.byte	6
 1988 07a5 00       		.byte	0
 1989 07a6 06       		.byte	6
 1990 07a7 00       		.byte	0
 1991 07a8 06       		.byte	6
 1992 07a9 00       		.byte	0
 1993 07aa 06       		.byte	6
 1994 07ab 00       		.byte	0
 1995 07ac 06       		.byte	6
 1996 07ad 00       		.byte	0
 1997 07ae 06       		.byte	6
 1998 07af 00       		.byte	0
 1999 07b0 06       		.byte	6
ARM GAS  /tmp/cc8LrQgW.s 			page 36


 2000 07b1 00       		.byte	0
 2001 07b2 06       		.byte	6
 2002 07b3 00       		.byte	0
 2003 07b4 06       		.byte	6
 2004 07b5 00       		.byte	0
 2005 07b6 06       		.byte	6
 2006 07b7 00       		.byte	0
 2007 07b8 1E       		.byte	30
 2008 07b9 00       		.byte	0
 2009 07ba 00       		.byte	0
 2010 07bb 00       		.byte	0
 2011 07bc 00       		.byte	0
 2012 07bd 00       		.byte	0
 2013 07be 00       		.byte	0
 2014 07bf 00       		.byte	0
 2015 07c0 04       		.byte	4
 2016 07c1 00       		.byte	0
 2017 07c2 0A       		.byte	10
 2018 07c3 00       		.byte	0
 2019 07c4 0A       		.byte	10
 2020 07c5 00       		.byte	0
 2021 07c6 11       		.byte	17
 2022 07c7 00       		.byte	0
 2023 07c8 20       		.byte	32
 2024 07c9 80       		.byte	-128
 2025 07ca 20       		.byte	32
 2026 07cb 80       		.byte	-128
 2027 07cc 00       		.byte	0
 2028 07cd 00       		.byte	0
 2029 07ce 00       		.byte	0
 2030 07cf 00       		.byte	0
 2031 07d0 00       		.byte	0
 2032 07d1 00       		.byte	0
 2033 07d2 00       		.byte	0
 2034 07d3 00       		.byte	0
 2035 07d4 00       		.byte	0
 2036 07d5 00       		.byte	0
 2037 07d6 00       		.byte	0
 2038 07d7 00       		.byte	0
 2039 07d8 00       		.byte	0
 2040 07d9 00       		.byte	0
 2041 07da 00       		.byte	0
 2042 07db 00       		.byte	0
 2043 07dc 00       		.byte	0
 2044 07dd 00       		.byte	0
 2045 07de 00       		.byte	0
 2046 07df 00       		.byte	0
 2047 07e0 00       		.byte	0
 2048 07e1 00       		.byte	0
 2049 07e2 00       		.byte	0
 2050 07e3 00       		.byte	0
 2051 07e4 00       		.byte	0
 2052 07e5 00       		.byte	0
 2053 07e6 00       		.byte	0
 2054 07e7 00       		.byte	0
 2055 07e8 00       		.byte	0
 2056 07e9 00       		.byte	0
ARM GAS  /tmp/cc8LrQgW.s 			page 37


 2057 07ea 00       		.byte	0
 2058 07eb 00       		.byte	0
 2059 07ec 00       		.byte	0
 2060 07ed 00       		.byte	0
 2061 07ee 00       		.byte	0
 2062 07ef 00       		.byte	0
 2063 07f0 00       		.byte	0
 2064 07f1 00       		.byte	0
 2065 07f2 00       		.byte	0
 2066 07f3 00       		.byte	0
 2067 07f4 00       		.byte	0
 2068 07f5 00       		.byte	0
 2069 07f6 00       		.byte	0
 2070 07f7 00       		.byte	0
 2071 07f8 00       		.byte	0
 2072 07f9 00       		.byte	0
 2073 07fa 00       		.byte	0
 2074 07fb 00       		.byte	0
 2075 07fc 00       		.byte	0
 2076 07fd 00       		.byte	0
 2077 07fe FF       		.byte	-1
 2078 07ff E0       		.byte	-32
 2079 0800 08       		.byte	8
 2080 0801 00       		.byte	0
 2081 0802 04       		.byte	4
 2082 0803 00       		.byte	0
 2083 0804 02       		.byte	2
 2084 0805 00       		.byte	0
 2085 0806 00       		.byte	0
 2086 0807 00       		.byte	0
 2087 0808 00       		.byte	0
 2088 0809 00       		.byte	0
 2089 080a 00       		.byte	0
 2090 080b 00       		.byte	0
 2091 080c 00       		.byte	0
 2092 080d 00       		.byte	0
 2093 080e 00       		.byte	0
 2094 080f 00       		.byte	0
 2095 0810 00       		.byte	0
 2096 0811 00       		.byte	0
 2097 0812 00       		.byte	0
 2098 0813 00       		.byte	0
 2099 0814 00       		.byte	0
 2100 0815 00       		.byte	0
 2101 0816 00       		.byte	0
 2102 0817 00       		.byte	0
 2103 0818 00       		.byte	0
 2104 0819 00       		.byte	0
 2105 081a 00       		.byte	0
 2106 081b 00       		.byte	0
 2107 081c 00       		.byte	0
 2108 081d 00       		.byte	0
 2109 081e 00       		.byte	0
 2110 081f 00       		.byte	0
 2111 0820 00       		.byte	0
 2112 0821 00       		.byte	0
 2113 0822 00       		.byte	0
ARM GAS  /tmp/cc8LrQgW.s 			page 38


 2114 0823 00       		.byte	0
 2115 0824 00       		.byte	0
 2116 0825 00       		.byte	0
 2117 0826 00       		.byte	0
 2118 0827 00       		.byte	0
 2119 0828 1F       		.byte	31
 2120 0829 00       		.byte	0
 2121 082a 01       		.byte	1
 2122 082b 80       		.byte	-128
 2123 082c 01       		.byte	1
 2124 082d 80       		.byte	-128
 2125 082e 1F       		.byte	31
 2126 082f 80       		.byte	-128
 2127 0830 31       		.byte	49
 2128 0831 80       		.byte	-128
 2129 0832 33       		.byte	51
 2130 0833 80       		.byte	-128
 2131 0834 1D       		.byte	29
 2132 0835 C0       		.byte	-64
 2133 0836 00       		.byte	0
 2134 0837 00       		.byte	0
 2135 0838 00       		.byte	0
 2136 0839 00       		.byte	0
 2137 083a 00       		.byte	0
 2138 083b 00       		.byte	0
 2139 083c 00       		.byte	0
 2140 083d 00       		.byte	0
 2141 083e 00       		.byte	0
 2142 083f 00       		.byte	0
 2143 0840 00       		.byte	0
 2144 0841 00       		.byte	0
 2145 0842 70       		.byte	112
 2146 0843 00       		.byte	0
 2147 0844 30       		.byte	48
 2148 0845 00       		.byte	0
 2149 0846 30       		.byte	48
 2150 0847 00       		.byte	0
 2151 0848 37       		.byte	55
 2152 0849 00       		.byte	0
 2153 084a 39       		.byte	57
 2154 084b 80       		.byte	-128
 2155 084c 30       		.byte	48
 2156 084d C0       		.byte	-64
 2157 084e 30       		.byte	48
 2158 084f C0       		.byte	-64
 2159 0850 30       		.byte	48
 2160 0851 C0       		.byte	-64
 2161 0852 39       		.byte	57
 2162 0853 80       		.byte	-128
 2163 0854 77       		.byte	119
 2164 0855 00       		.byte	0
 2165 0856 00       		.byte	0
 2166 0857 00       		.byte	0
 2167 0858 00       		.byte	0
 2168 0859 00       		.byte	0
 2169 085a 00       		.byte	0
 2170 085b 00       		.byte	0
ARM GAS  /tmp/cc8LrQgW.s 			page 39


 2171 085c 00       		.byte	0
 2172 085d 00       		.byte	0
 2173 085e 00       		.byte	0
 2174 085f 00       		.byte	0
 2175 0860 00       		.byte	0
 2176 0861 00       		.byte	0
 2177 0862 00       		.byte	0
 2178 0863 00       		.byte	0
 2179 0864 00       		.byte	0
 2180 0865 00       		.byte	0
 2181 0866 00       		.byte	0
 2182 0867 00       		.byte	0
 2183 0868 1E       		.byte	30
 2184 0869 80       		.byte	-128
 2185 086a 31       		.byte	49
 2186 086b 80       		.byte	-128
 2187 086c 60       		.byte	96
 2188 086d 80       		.byte	-128
 2189 086e 60       		.byte	96
 2190 086f 00       		.byte	0
 2191 0870 60       		.byte	96
 2192 0871 80       		.byte	-128
 2193 0872 31       		.byte	49
 2194 0873 80       		.byte	-128
 2195 0874 1F       		.byte	31
 2196 0875 00       		.byte	0
 2197 0876 00       		.byte	0
 2198 0877 00       		.byte	0
 2199 0878 00       		.byte	0
 2200 0879 00       		.byte	0
 2201 087a 00       		.byte	0
 2202 087b 00       		.byte	0
 2203 087c 00       		.byte	0
 2204 087d 00       		.byte	0
 2205 087e 00       		.byte	0
 2206 087f 00       		.byte	0
 2207 0880 00       		.byte	0
 2208 0881 00       		.byte	0
 2209 0882 03       		.byte	3
 2210 0883 80       		.byte	-128
 2211 0884 01       		.byte	1
 2212 0885 80       		.byte	-128
 2213 0886 01       		.byte	1
 2214 0887 80       		.byte	-128
 2215 0888 1D       		.byte	29
 2216 0889 80       		.byte	-128
 2217 088a 33       		.byte	51
 2218 088b 80       		.byte	-128
 2219 088c 61       		.byte	97
 2220 088d 80       		.byte	-128
 2221 088e 61       		.byte	97
 2222 088f 80       		.byte	-128
 2223 0890 61       		.byte	97
 2224 0891 80       		.byte	-128
 2225 0892 33       		.byte	51
 2226 0893 80       		.byte	-128
 2227 0894 1D       		.byte	29
ARM GAS  /tmp/cc8LrQgW.s 			page 40


 2228 0895 C0       		.byte	-64
 2229 0896 00       		.byte	0
 2230 0897 00       		.byte	0
 2231 0898 00       		.byte	0
 2232 0899 00       		.byte	0
 2233 089a 00       		.byte	0
 2234 089b 00       		.byte	0
 2235 089c 00       		.byte	0
 2236 089d 00       		.byte	0
 2237 089e 00       		.byte	0
 2238 089f 00       		.byte	0
 2239 08a0 00       		.byte	0
 2240 08a1 00       		.byte	0
 2241 08a2 00       		.byte	0
 2242 08a3 00       		.byte	0
 2243 08a4 00       		.byte	0
 2244 08a5 00       		.byte	0
 2245 08a6 00       		.byte	0
 2246 08a7 00       		.byte	0
 2247 08a8 1F       		.byte	31
 2248 08a9 00       		.byte	0
 2249 08aa 31       		.byte	49
 2250 08ab 80       		.byte	-128
 2251 08ac 60       		.byte	96
 2252 08ad C0       		.byte	-64
 2253 08ae 7F       		.byte	127
 2254 08af C0       		.byte	-64
 2255 08b0 60       		.byte	96
 2256 08b1 00       		.byte	0
 2257 08b2 30       		.byte	48
 2258 08b3 C0       		.byte	-64
 2259 08b4 1F       		.byte	31
 2260 08b5 80       		.byte	-128
 2261 08b6 00       		.byte	0
 2262 08b7 00       		.byte	0
 2263 08b8 00       		.byte	0
 2264 08b9 00       		.byte	0
 2265 08ba 00       		.byte	0
 2266 08bb 00       		.byte	0
 2267 08bc 00       		.byte	0
 2268 08bd 00       		.byte	0
 2269 08be 00       		.byte	0
 2270 08bf 00       		.byte	0
 2271 08c0 00       		.byte	0
 2272 08c1 00       		.byte	0
 2273 08c2 07       		.byte	7
 2274 08c3 E0       		.byte	-32
 2275 08c4 0C       		.byte	12
 2276 08c5 00       		.byte	0
 2277 08c6 0C       		.byte	12
 2278 08c7 00       		.byte	0
 2279 08c8 3F       		.byte	63
 2280 08c9 80       		.byte	-128
 2281 08ca 0C       		.byte	12
 2282 08cb 00       		.byte	0
 2283 08cc 0C       		.byte	12
 2284 08cd 00       		.byte	0
ARM GAS  /tmp/cc8LrQgW.s 			page 41


 2285 08ce 0C       		.byte	12
 2286 08cf 00       		.byte	0
 2287 08d0 0C       		.byte	12
 2288 08d1 00       		.byte	0
 2289 08d2 0C       		.byte	12
 2290 08d3 00       		.byte	0
 2291 08d4 3F       		.byte	63
 2292 08d5 80       		.byte	-128
 2293 08d6 00       		.byte	0
 2294 08d7 00       		.byte	0
 2295 08d8 00       		.byte	0
 2296 08d9 00       		.byte	0
 2297 08da 00       		.byte	0
 2298 08db 00       		.byte	0
 2299 08dc 00       		.byte	0
 2300 08dd 00       		.byte	0
 2301 08de 00       		.byte	0
 2302 08df 00       		.byte	0
 2303 08e0 00       		.byte	0
 2304 08e1 00       		.byte	0
 2305 08e2 00       		.byte	0
 2306 08e3 00       		.byte	0
 2307 08e4 00       		.byte	0
 2308 08e5 00       		.byte	0
 2309 08e6 00       		.byte	0
 2310 08e7 00       		.byte	0
 2311 08e8 1D       		.byte	29
 2312 08e9 C0       		.byte	-64
 2313 08ea 33       		.byte	51
 2314 08eb 80       		.byte	-128
 2315 08ec 61       		.byte	97
 2316 08ed 80       		.byte	-128
 2317 08ee 61       		.byte	97
 2318 08ef 80       		.byte	-128
 2319 08f0 61       		.byte	97
 2320 08f1 80       		.byte	-128
 2321 08f2 33       		.byte	51
 2322 08f3 80       		.byte	-128
 2323 08f4 1D       		.byte	29
 2324 08f5 80       		.byte	-128
 2325 08f6 01       		.byte	1
 2326 08f7 80       		.byte	-128
 2327 08f8 01       		.byte	1
 2328 08f9 80       		.byte	-128
 2329 08fa 1F       		.byte	31
 2330 08fb 00       		.byte	0
 2331 08fc 00       		.byte	0
 2332 08fd 00       		.byte	0
 2333 08fe 00       		.byte	0
 2334 08ff 00       		.byte	0
 2335 0900 00       		.byte	0
 2336 0901 00       		.byte	0
 2337 0902 70       		.byte	112
 2338 0903 00       		.byte	0
 2339 0904 30       		.byte	48
 2340 0905 00       		.byte	0
 2341 0906 30       		.byte	48
ARM GAS  /tmp/cc8LrQgW.s 			page 42


 2342 0907 00       		.byte	0
 2343 0908 37       		.byte	55
 2344 0909 00       		.byte	0
 2345 090a 39       		.byte	57
 2346 090b 80       		.byte	-128
 2347 090c 31       		.byte	49
 2348 090d 80       		.byte	-128
 2349 090e 31       		.byte	49
 2350 090f 80       		.byte	-128
 2351 0910 31       		.byte	49
 2352 0911 80       		.byte	-128
 2353 0912 31       		.byte	49
 2354 0913 80       		.byte	-128
 2355 0914 7B       		.byte	123
 2356 0915 C0       		.byte	-64
 2357 0916 00       		.byte	0
 2358 0917 00       		.byte	0
 2359 0918 00       		.byte	0
 2360 0919 00       		.byte	0
 2361 091a 00       		.byte	0
 2362 091b 00       		.byte	0
 2363 091c 00       		.byte	0
 2364 091d 00       		.byte	0
 2365 091e 00       		.byte	0
 2366 091f 00       		.byte	0
 2367 0920 00       		.byte	0
 2368 0921 00       		.byte	0
 2369 0922 06       		.byte	6
 2370 0923 00       		.byte	0
 2371 0924 06       		.byte	6
 2372 0925 00       		.byte	0
 2373 0926 00       		.byte	0
 2374 0927 00       		.byte	0
 2375 0928 1E       		.byte	30
 2376 0929 00       		.byte	0
 2377 092a 06       		.byte	6
 2378 092b 00       		.byte	0
 2379 092c 06       		.byte	6
 2380 092d 00       		.byte	0
 2381 092e 06       		.byte	6
 2382 092f 00       		.byte	0
 2383 0930 06       		.byte	6
 2384 0931 00       		.byte	0
 2385 0932 06       		.byte	6
 2386 0933 00       		.byte	0
 2387 0934 3F       		.byte	63
 2388 0935 C0       		.byte	-64
 2389 0936 00       		.byte	0
 2390 0937 00       		.byte	0
 2391 0938 00       		.byte	0
 2392 0939 00       		.byte	0
 2393 093a 00       		.byte	0
 2394 093b 00       		.byte	0
 2395 093c 00       		.byte	0
 2396 093d 00       		.byte	0
 2397 093e 00       		.byte	0
 2398 093f 00       		.byte	0
ARM GAS  /tmp/cc8LrQgW.s 			page 43


 2399 0940 00       		.byte	0
 2400 0941 00       		.byte	0
 2401 0942 06       		.byte	6
 2402 0943 00       		.byte	0
 2403 0944 06       		.byte	6
 2404 0945 00       		.byte	0
 2405 0946 00       		.byte	0
 2406 0947 00       		.byte	0
 2407 0948 3F       		.byte	63
 2408 0949 00       		.byte	0
 2409 094a 03       		.byte	3
 2410 094b 00       		.byte	0
 2411 094c 03       		.byte	3
 2412 094d 00       		.byte	0
 2413 094e 03       		.byte	3
 2414 094f 00       		.byte	0
 2415 0950 03       		.byte	3
 2416 0951 00       		.byte	0
 2417 0952 03       		.byte	3
 2418 0953 00       		.byte	0
 2419 0954 03       		.byte	3
 2420 0955 00       		.byte	0
 2421 0956 03       		.byte	3
 2422 0957 00       		.byte	0
 2423 0958 03       		.byte	3
 2424 0959 00       		.byte	0
 2425 095a 3E       		.byte	62
 2426 095b 00       		.byte	0
 2427 095c 00       		.byte	0
 2428 095d 00       		.byte	0
 2429 095e 00       		.byte	0
 2430 095f 00       		.byte	0
 2431 0960 00       		.byte	0
 2432 0961 00       		.byte	0
 2433 0962 70       		.byte	112
 2434 0963 00       		.byte	0
 2435 0964 30       		.byte	48
 2436 0965 00       		.byte	0
 2437 0966 30       		.byte	48
 2438 0967 00       		.byte	0
 2439 0968 37       		.byte	55
 2440 0969 80       		.byte	-128
 2441 096a 36       		.byte	54
 2442 096b 00       		.byte	0
 2443 096c 3C       		.byte	60
 2444 096d 00       		.byte	0
 2445 096e 3C       		.byte	60
 2446 096f 00       		.byte	0
 2447 0970 36       		.byte	54
 2448 0971 00       		.byte	0
 2449 0972 33       		.byte	51
 2450 0973 00       		.byte	0
 2451 0974 77       		.byte	119
 2452 0975 C0       		.byte	-64
 2453 0976 00       		.byte	0
 2454 0977 00       		.byte	0
 2455 0978 00       		.byte	0
ARM GAS  /tmp/cc8LrQgW.s 			page 44


 2456 0979 00       		.byte	0
 2457 097a 00       		.byte	0
 2458 097b 00       		.byte	0
 2459 097c 00       		.byte	0
 2460 097d 00       		.byte	0
 2461 097e 00       		.byte	0
 2462 097f 00       		.byte	0
 2463 0980 00       		.byte	0
 2464 0981 00       		.byte	0
 2465 0982 1E       		.byte	30
 2466 0983 00       		.byte	0
 2467 0984 06       		.byte	6
 2468 0985 00       		.byte	0
 2469 0986 06       		.byte	6
 2470 0987 00       		.byte	0
 2471 0988 06       		.byte	6
 2472 0989 00       		.byte	0
 2473 098a 06       		.byte	6
 2474 098b 00       		.byte	0
 2475 098c 06       		.byte	6
 2476 098d 00       		.byte	0
 2477 098e 06       		.byte	6
 2478 098f 00       		.byte	0
 2479 0990 06       		.byte	6
 2480 0991 00       		.byte	0
 2481 0992 06       		.byte	6
 2482 0993 00       		.byte	0
 2483 0994 3F       		.byte	63
 2484 0995 C0       		.byte	-64
 2485 0996 00       		.byte	0
 2486 0997 00       		.byte	0
 2487 0998 00       		.byte	0
 2488 0999 00       		.byte	0
 2489 099a 00       		.byte	0
 2490 099b 00       		.byte	0
 2491 099c 00       		.byte	0
 2492 099d 00       		.byte	0
 2493 099e 00       		.byte	0
 2494 099f 00       		.byte	0
 2495 09a0 00       		.byte	0
 2496 09a1 00       		.byte	0
 2497 09a2 00       		.byte	0
 2498 09a3 00       		.byte	0
 2499 09a4 00       		.byte	0
 2500 09a5 00       		.byte	0
 2501 09a6 00       		.byte	0
 2502 09a7 00       		.byte	0
 2503 09a8 7F       		.byte	127
 2504 09a9 80       		.byte	-128
 2505 09aa 36       		.byte	54
 2506 09ab C0       		.byte	-64
 2507 09ac 36       		.byte	54
 2508 09ad C0       		.byte	-64
 2509 09ae 36       		.byte	54
 2510 09af C0       		.byte	-64
 2511 09b0 36       		.byte	54
 2512 09b1 C0       		.byte	-64
ARM GAS  /tmp/cc8LrQgW.s 			page 45


 2513 09b2 36       		.byte	54
 2514 09b3 C0       		.byte	-64
 2515 09b4 76       		.byte	118
 2516 09b5 E0       		.byte	-32
 2517 09b6 00       		.byte	0
 2518 09b7 00       		.byte	0
 2519 09b8 00       		.byte	0
 2520 09b9 00       		.byte	0
 2521 09ba 00       		.byte	0
 2522 09bb 00       		.byte	0
 2523 09bc 00       		.byte	0
 2524 09bd 00       		.byte	0
 2525 09be 00       		.byte	0
 2526 09bf 00       		.byte	0
 2527 09c0 00       		.byte	0
 2528 09c1 00       		.byte	0
 2529 09c2 00       		.byte	0
 2530 09c3 00       		.byte	0
 2531 09c4 00       		.byte	0
 2532 09c5 00       		.byte	0
 2533 09c6 00       		.byte	0
 2534 09c7 00       		.byte	0
 2535 09c8 77       		.byte	119
 2536 09c9 00       		.byte	0
 2537 09ca 39       		.byte	57
 2538 09cb 80       		.byte	-128
 2539 09cc 31       		.byte	49
 2540 09cd 80       		.byte	-128
 2541 09ce 31       		.byte	49
 2542 09cf 80       		.byte	-128
 2543 09d0 31       		.byte	49
 2544 09d1 80       		.byte	-128
 2545 09d2 31       		.byte	49
 2546 09d3 80       		.byte	-128
 2547 09d4 7B       		.byte	123
 2548 09d5 C0       		.byte	-64
 2549 09d6 00       		.byte	0
 2550 09d7 00       		.byte	0
 2551 09d8 00       		.byte	0
 2552 09d9 00       		.byte	0
 2553 09da 00       		.byte	0
 2554 09db 00       		.byte	0
 2555 09dc 00       		.byte	0
 2556 09dd 00       		.byte	0
 2557 09de 00       		.byte	0
 2558 09df 00       		.byte	0
 2559 09e0 00       		.byte	0
 2560 09e1 00       		.byte	0
 2561 09e2 00       		.byte	0
 2562 09e3 00       		.byte	0
 2563 09e4 00       		.byte	0
 2564 09e5 00       		.byte	0
 2565 09e6 00       		.byte	0
 2566 09e7 00       		.byte	0
 2567 09e8 1F       		.byte	31
 2568 09e9 00       		.byte	0
 2569 09ea 31       		.byte	49
ARM GAS  /tmp/cc8LrQgW.s 			page 46


 2570 09eb 80       		.byte	-128
 2571 09ec 60       		.byte	96
 2572 09ed C0       		.byte	-64
 2573 09ee 60       		.byte	96
 2574 09ef C0       		.byte	-64
 2575 09f0 60       		.byte	96
 2576 09f1 C0       		.byte	-64
 2577 09f2 31       		.byte	49
 2578 09f3 80       		.byte	-128
 2579 09f4 1F       		.byte	31
 2580 09f5 00       		.byte	0
 2581 09f6 00       		.byte	0
 2582 09f7 00       		.byte	0
 2583 09f8 00       		.byte	0
 2584 09f9 00       		.byte	0
 2585 09fa 00       		.byte	0
 2586 09fb 00       		.byte	0
 2587 09fc 00       		.byte	0
 2588 09fd 00       		.byte	0
 2589 09fe 00       		.byte	0
 2590 09ff 00       		.byte	0
 2591 0a00 00       		.byte	0
 2592 0a01 00       		.byte	0
 2593 0a02 00       		.byte	0
 2594 0a03 00       		.byte	0
 2595 0a04 00       		.byte	0
 2596 0a05 00       		.byte	0
 2597 0a06 00       		.byte	0
 2598 0a07 00       		.byte	0
 2599 0a08 77       		.byte	119
 2600 0a09 00       		.byte	0
 2601 0a0a 39       		.byte	57
 2602 0a0b 80       		.byte	-128
 2603 0a0c 30       		.byte	48
 2604 0a0d C0       		.byte	-64
 2605 0a0e 30       		.byte	48
 2606 0a0f C0       		.byte	-64
 2607 0a10 30       		.byte	48
 2608 0a11 C0       		.byte	-64
 2609 0a12 39       		.byte	57
 2610 0a13 80       		.byte	-128
 2611 0a14 37       		.byte	55
 2612 0a15 00       		.byte	0
 2613 0a16 30       		.byte	48
 2614 0a17 00       		.byte	0
 2615 0a18 30       		.byte	48
 2616 0a19 00       		.byte	0
 2617 0a1a 7C       		.byte	124
 2618 0a1b 00       		.byte	0
 2619 0a1c 00       		.byte	0
 2620 0a1d 00       		.byte	0
 2621 0a1e 00       		.byte	0
 2622 0a1f 00       		.byte	0
 2623 0a20 00       		.byte	0
 2624 0a21 00       		.byte	0
 2625 0a22 00       		.byte	0
 2626 0a23 00       		.byte	0
ARM GAS  /tmp/cc8LrQgW.s 			page 47


 2627 0a24 00       		.byte	0
 2628 0a25 00       		.byte	0
 2629 0a26 00       		.byte	0
 2630 0a27 00       		.byte	0
 2631 0a28 1D       		.byte	29
 2632 0a29 C0       		.byte	-64
 2633 0a2a 33       		.byte	51
 2634 0a2b 80       		.byte	-128
 2635 0a2c 61       		.byte	97
 2636 0a2d 80       		.byte	-128
 2637 0a2e 61       		.byte	97
 2638 0a2f 80       		.byte	-128
 2639 0a30 61       		.byte	97
 2640 0a31 80       		.byte	-128
 2641 0a32 33       		.byte	51
 2642 0a33 80       		.byte	-128
 2643 0a34 1D       		.byte	29
 2644 0a35 80       		.byte	-128
 2645 0a36 01       		.byte	1
 2646 0a37 80       		.byte	-128
 2647 0a38 01       		.byte	1
 2648 0a39 80       		.byte	-128
 2649 0a3a 07       		.byte	7
 2650 0a3b C0       		.byte	-64
 2651 0a3c 00       		.byte	0
 2652 0a3d 00       		.byte	0
 2653 0a3e 00       		.byte	0
 2654 0a3f 00       		.byte	0
 2655 0a40 00       		.byte	0
 2656 0a41 00       		.byte	0
 2657 0a42 00       		.byte	0
 2658 0a43 00       		.byte	0
 2659 0a44 00       		.byte	0
 2660 0a45 00       		.byte	0
 2661 0a46 00       		.byte	0
 2662 0a47 00       		.byte	0
 2663 0a48 7B       		.byte	123
 2664 0a49 80       		.byte	-128
 2665 0a4a 1C       		.byte	28
 2666 0a4b C0       		.byte	-64
 2667 0a4c 18       		.byte	24
 2668 0a4d 00       		.byte	0
 2669 0a4e 18       		.byte	24
 2670 0a4f 00       		.byte	0
 2671 0a50 18       		.byte	24
 2672 0a51 00       		.byte	0
 2673 0a52 18       		.byte	24
 2674 0a53 00       		.byte	0
 2675 0a54 7F       		.byte	127
 2676 0a55 00       		.byte	0
 2677 0a56 00       		.byte	0
 2678 0a57 00       		.byte	0
 2679 0a58 00       		.byte	0
 2680 0a59 00       		.byte	0
 2681 0a5a 00       		.byte	0
 2682 0a5b 00       		.byte	0
 2683 0a5c 00       		.byte	0
ARM GAS  /tmp/cc8LrQgW.s 			page 48


 2684 0a5d 00       		.byte	0
 2685 0a5e 00       		.byte	0
 2686 0a5f 00       		.byte	0
 2687 0a60 00       		.byte	0
 2688 0a61 00       		.byte	0
 2689 0a62 00       		.byte	0
 2690 0a63 00       		.byte	0
 2691 0a64 00       		.byte	0
 2692 0a65 00       		.byte	0
 2693 0a66 00       		.byte	0
 2694 0a67 00       		.byte	0
 2695 0a68 1F       		.byte	31
 2696 0a69 80       		.byte	-128
 2697 0a6a 31       		.byte	49
 2698 0a6b 80       		.byte	-128
 2699 0a6c 3C       		.byte	60
 2700 0a6d 00       		.byte	0
 2701 0a6e 1F       		.byte	31
 2702 0a6f 00       		.byte	0
 2703 0a70 03       		.byte	3
 2704 0a71 80       		.byte	-128
 2705 0a72 31       		.byte	49
 2706 0a73 80       		.byte	-128
 2707 0a74 3F       		.byte	63
 2708 0a75 00       		.byte	0
 2709 0a76 00       		.byte	0
 2710 0a77 00       		.byte	0
 2711 0a78 00       		.byte	0
 2712 0a79 00       		.byte	0
 2713 0a7a 00       		.byte	0
 2714 0a7b 00       		.byte	0
 2715 0a7c 00       		.byte	0
 2716 0a7d 00       		.byte	0
 2717 0a7e 00       		.byte	0
 2718 0a7f 00       		.byte	0
 2719 0a80 00       		.byte	0
 2720 0a81 00       		.byte	0
 2721 0a82 18       		.byte	24
 2722 0a83 00       		.byte	0
 2723 0a84 18       		.byte	24
 2724 0a85 00       		.byte	0
 2725 0a86 18       		.byte	24
 2726 0a87 00       		.byte	0
 2727 0a88 7F       		.byte	127
 2728 0a89 00       		.byte	0
 2729 0a8a 18       		.byte	24
 2730 0a8b 00       		.byte	0
 2731 0a8c 18       		.byte	24
 2732 0a8d 00       		.byte	0
 2733 0a8e 18       		.byte	24
 2734 0a8f 00       		.byte	0
 2735 0a90 18       		.byte	24
 2736 0a91 00       		.byte	0
 2737 0a92 18       		.byte	24
 2738 0a93 80       		.byte	-128
 2739 0a94 0F       		.byte	15
 2740 0a95 00       		.byte	0
ARM GAS  /tmp/cc8LrQgW.s 			page 49


 2741 0a96 00       		.byte	0
 2742 0a97 00       		.byte	0
 2743 0a98 00       		.byte	0
 2744 0a99 00       		.byte	0
 2745 0a9a 00       		.byte	0
 2746 0a9b 00       		.byte	0
 2747 0a9c 00       		.byte	0
 2748 0a9d 00       		.byte	0
 2749 0a9e 00       		.byte	0
 2750 0a9f 00       		.byte	0
 2751 0aa0 00       		.byte	0
 2752 0aa1 00       		.byte	0
 2753 0aa2 00       		.byte	0
 2754 0aa3 00       		.byte	0
 2755 0aa4 00       		.byte	0
 2756 0aa5 00       		.byte	0
 2757 0aa6 00       		.byte	0
 2758 0aa7 00       		.byte	0
 2759 0aa8 73       		.byte	115
 2760 0aa9 80       		.byte	-128
 2761 0aaa 31       		.byte	49
 2762 0aab 80       		.byte	-128
 2763 0aac 31       		.byte	49
 2764 0aad 80       		.byte	-128
 2765 0aae 31       		.byte	49
 2766 0aaf 80       		.byte	-128
 2767 0ab0 31       		.byte	49
 2768 0ab1 80       		.byte	-128
 2769 0ab2 33       		.byte	51
 2770 0ab3 80       		.byte	-128
 2771 0ab4 1D       		.byte	29
 2772 0ab5 C0       		.byte	-64
 2773 0ab6 00       		.byte	0
 2774 0ab7 00       		.byte	0
 2775 0ab8 00       		.byte	0
 2776 0ab9 00       		.byte	0
 2777 0aba 00       		.byte	0
 2778 0abb 00       		.byte	0
 2779 0abc 00       		.byte	0
 2780 0abd 00       		.byte	0
 2781 0abe 00       		.byte	0
 2782 0abf 00       		.byte	0
 2783 0ac0 00       		.byte	0
 2784 0ac1 00       		.byte	0
 2785 0ac2 00       		.byte	0
 2786 0ac3 00       		.byte	0
 2787 0ac4 00       		.byte	0
 2788 0ac5 00       		.byte	0
 2789 0ac6 00       		.byte	0
 2790 0ac7 00       		.byte	0
 2791 0ac8 7B       		.byte	123
 2792 0ac9 C0       		.byte	-64
 2793 0aca 31       		.byte	49
 2794 0acb 80       		.byte	-128
 2795 0acc 31       		.byte	49
 2796 0acd 80       		.byte	-128
 2797 0ace 1B       		.byte	27
ARM GAS  /tmp/cc8LrQgW.s 			page 50


 2798 0acf 00       		.byte	0
 2799 0ad0 1B       		.byte	27
 2800 0ad1 00       		.byte	0
 2801 0ad2 0E       		.byte	14
 2802 0ad3 00       		.byte	0
 2803 0ad4 0E       		.byte	14
 2804 0ad5 00       		.byte	0
 2805 0ad6 00       		.byte	0
 2806 0ad7 00       		.byte	0
 2807 0ad8 00       		.byte	0
 2808 0ad9 00       		.byte	0
 2809 0ada 00       		.byte	0
 2810 0adb 00       		.byte	0
 2811 0adc 00       		.byte	0
 2812 0add 00       		.byte	0
 2813 0ade 00       		.byte	0
 2814 0adf 00       		.byte	0
 2815 0ae0 00       		.byte	0
 2816 0ae1 00       		.byte	0
 2817 0ae2 00       		.byte	0
 2818 0ae3 00       		.byte	0
 2819 0ae4 00       		.byte	0
 2820 0ae5 00       		.byte	0
 2821 0ae6 00       		.byte	0
 2822 0ae7 00       		.byte	0
 2823 0ae8 F1       		.byte	-15
 2824 0ae9 E0       		.byte	-32
 2825 0aea 60       		.byte	96
 2826 0aeb C0       		.byte	-64
 2827 0aec 64       		.byte	100
 2828 0aed C0       		.byte	-64
 2829 0aee 6E       		.byte	110
 2830 0aef C0       		.byte	-64
 2831 0af0 3B       		.byte	59
 2832 0af1 80       		.byte	-128
 2833 0af2 3B       		.byte	59
 2834 0af3 80       		.byte	-128
 2835 0af4 31       		.byte	49
 2836 0af5 80       		.byte	-128
 2837 0af6 00       		.byte	0
 2838 0af7 00       		.byte	0
 2839 0af8 00       		.byte	0
 2840 0af9 00       		.byte	0
 2841 0afa 00       		.byte	0
 2842 0afb 00       		.byte	0
 2843 0afc 00       		.byte	0
 2844 0afd 00       		.byte	0
 2845 0afe 00       		.byte	0
 2846 0aff 00       		.byte	0
 2847 0b00 00       		.byte	0
 2848 0b01 00       		.byte	0
 2849 0b02 00       		.byte	0
 2850 0b03 00       		.byte	0
 2851 0b04 00       		.byte	0
 2852 0b05 00       		.byte	0
 2853 0b06 00       		.byte	0
 2854 0b07 00       		.byte	0
ARM GAS  /tmp/cc8LrQgW.s 			page 51


 2855 0b08 7B       		.byte	123
 2856 0b09 C0       		.byte	-64
 2857 0b0a 1B       		.byte	27
 2858 0b0b 00       		.byte	0
 2859 0b0c 0E       		.byte	14
 2860 0b0d 00       		.byte	0
 2861 0b0e 0E       		.byte	14
 2862 0b0f 00       		.byte	0
 2863 0b10 0E       		.byte	14
 2864 0b11 00       		.byte	0
 2865 0b12 1B       		.byte	27
 2866 0b13 00       		.byte	0
 2867 0b14 7B       		.byte	123
 2868 0b15 C0       		.byte	-64
 2869 0b16 00       		.byte	0
 2870 0b17 00       		.byte	0
 2871 0b18 00       		.byte	0
 2872 0b19 00       		.byte	0
 2873 0b1a 00       		.byte	0
 2874 0b1b 00       		.byte	0
 2875 0b1c 00       		.byte	0
 2876 0b1d 00       		.byte	0
 2877 0b1e 00       		.byte	0
 2878 0b1f 00       		.byte	0
 2879 0b20 00       		.byte	0
 2880 0b21 00       		.byte	0
 2881 0b22 00       		.byte	0
 2882 0b23 00       		.byte	0
 2883 0b24 00       		.byte	0
 2884 0b25 00       		.byte	0
 2885 0b26 00       		.byte	0
 2886 0b27 00       		.byte	0
 2887 0b28 79       		.byte	121
 2888 0b29 E0       		.byte	-32
 2889 0b2a 30       		.byte	48
 2890 0b2b C0       		.byte	-64
 2891 0b2c 19       		.byte	25
 2892 0b2d 80       		.byte	-128
 2893 0b2e 19       		.byte	25
 2894 0b2f 80       		.byte	-128
 2895 0b30 0B       		.byte	11
 2896 0b31 00       		.byte	0
 2897 0b32 0F       		.byte	15
 2898 0b33 00       		.byte	0
 2899 0b34 06       		.byte	6
 2900 0b35 00       		.byte	0
 2901 0b36 06       		.byte	6
 2902 0b37 00       		.byte	0
 2903 0b38 0C       		.byte	12
 2904 0b39 00       		.byte	0
 2905 0b3a 3E       		.byte	62
 2906 0b3b 00       		.byte	0
 2907 0b3c 00       		.byte	0
 2908 0b3d 00       		.byte	0
 2909 0b3e 00       		.byte	0
 2910 0b3f 00       		.byte	0
 2911 0b40 00       		.byte	0
ARM GAS  /tmp/cc8LrQgW.s 			page 52


 2912 0b41 00       		.byte	0
 2913 0b42 00       		.byte	0
 2914 0b43 00       		.byte	0
 2915 0b44 00       		.byte	0
 2916 0b45 00       		.byte	0
 2917 0b46 00       		.byte	0
 2918 0b47 00       		.byte	0
 2919 0b48 3F       		.byte	63
 2920 0b49 80       		.byte	-128
 2921 0b4a 21       		.byte	33
 2922 0b4b 80       		.byte	-128
 2923 0b4c 03       		.byte	3
 2924 0b4d 00       		.byte	0
 2925 0b4e 0E       		.byte	14
 2926 0b4f 00       		.byte	0
 2927 0b50 18       		.byte	24
 2928 0b51 00       		.byte	0
 2929 0b52 30       		.byte	48
 2930 0b53 80       		.byte	-128
 2931 0b54 3F       		.byte	63
 2932 0b55 80       		.byte	-128
 2933 0b56 00       		.byte	0
 2934 0b57 00       		.byte	0
 2935 0b58 00       		.byte	0
 2936 0b59 00       		.byte	0
 2937 0b5a 00       		.byte	0
 2938 0b5b 00       		.byte	0
 2939 0b5c 00       		.byte	0
 2940 0b5d 00       		.byte	0
 2941 0b5e 00       		.byte	0
 2942 0b5f 00       		.byte	0
 2943 0b60 00       		.byte	0
 2944 0b61 00       		.byte	0
 2945 0b62 06       		.byte	6
 2946 0b63 00       		.byte	0
 2947 0b64 0C       		.byte	12
 2948 0b65 00       		.byte	0
 2949 0b66 0C       		.byte	12
 2950 0b67 00       		.byte	0
 2951 0b68 0C       		.byte	12
 2952 0b69 00       		.byte	0
 2953 0b6a 0C       		.byte	12
 2954 0b6b 00       		.byte	0
 2955 0b6c 0C       		.byte	12
 2956 0b6d 00       		.byte	0
 2957 0b6e 18       		.byte	24
 2958 0b6f 00       		.byte	0
 2959 0b70 0C       		.byte	12
 2960 0b71 00       		.byte	0
 2961 0b72 0C       		.byte	12
 2962 0b73 00       		.byte	0
 2963 0b74 0C       		.byte	12
 2964 0b75 00       		.byte	0
 2965 0b76 0C       		.byte	12
 2966 0b77 00       		.byte	0
 2967 0b78 06       		.byte	6
 2968 0b79 00       		.byte	0
ARM GAS  /tmp/cc8LrQgW.s 			page 53


 2969 0b7a 00       		.byte	0
 2970 0b7b 00       		.byte	0
 2971 0b7c 00       		.byte	0
 2972 0b7d 00       		.byte	0
 2973 0b7e 00       		.byte	0
 2974 0b7f 00       		.byte	0
 2975 0b80 00       		.byte	0
 2976 0b81 00       		.byte	0
 2977 0b82 06       		.byte	6
 2978 0b83 00       		.byte	0
 2979 0b84 06       		.byte	6
 2980 0b85 00       		.byte	0
 2981 0b86 06       		.byte	6
 2982 0b87 00       		.byte	0
 2983 0b88 06       		.byte	6
 2984 0b89 00       		.byte	0
 2985 0b8a 06       		.byte	6
 2986 0b8b 00       		.byte	0
 2987 0b8c 06       		.byte	6
 2988 0b8d 00       		.byte	0
 2989 0b8e 06       		.byte	6
 2990 0b8f 00       		.byte	0
 2991 0b90 06       		.byte	6
 2992 0b91 00       		.byte	0
 2993 0b92 06       		.byte	6
 2994 0b93 00       		.byte	0
 2995 0b94 06       		.byte	6
 2996 0b95 00       		.byte	0
 2997 0b96 06       		.byte	6
 2998 0b97 00       		.byte	0
 2999 0b98 06       		.byte	6
 3000 0b99 00       		.byte	0
 3001 0b9a 00       		.byte	0
 3002 0b9b 00       		.byte	0
 3003 0b9c 00       		.byte	0
 3004 0b9d 00       		.byte	0
 3005 0b9e 00       		.byte	0
 3006 0b9f 00       		.byte	0
 3007 0ba0 00       		.byte	0
 3008 0ba1 00       		.byte	0
 3009 0ba2 0C       		.byte	12
 3010 0ba3 00       		.byte	0
 3011 0ba4 06       		.byte	6
 3012 0ba5 00       		.byte	0
 3013 0ba6 06       		.byte	6
 3014 0ba7 00       		.byte	0
 3015 0ba8 06       		.byte	6
 3016 0ba9 00       		.byte	0
 3017 0baa 06       		.byte	6
 3018 0bab 00       		.byte	0
 3019 0bac 06       		.byte	6
 3020 0bad 00       		.byte	0
 3021 0bae 03       		.byte	3
 3022 0baf 00       		.byte	0
 3023 0bb0 06       		.byte	6
 3024 0bb1 00       		.byte	0
 3025 0bb2 06       		.byte	6
ARM GAS  /tmp/cc8LrQgW.s 			page 54


 3026 0bb3 00       		.byte	0
 3027 0bb4 06       		.byte	6
 3028 0bb5 00       		.byte	0
 3029 0bb6 06       		.byte	6
 3030 0bb7 00       		.byte	0
 3031 0bb8 0C       		.byte	12
 3032 0bb9 00       		.byte	0
 3033 0bba 00       		.byte	0
 3034 0bbb 00       		.byte	0
 3035 0bbc 00       		.byte	0
 3036 0bbd 00       		.byte	0
 3037 0bbe 00       		.byte	0
 3038 0bbf 00       		.byte	0
 3039 0bc0 00       		.byte	0
 3040 0bc1 00       		.byte	0
 3041 0bc2 00       		.byte	0
 3042 0bc3 00       		.byte	0
 3043 0bc4 00       		.byte	0
 3044 0bc5 00       		.byte	0
 3045 0bc6 00       		.byte	0
 3046 0bc7 00       		.byte	0
 3047 0bc8 00       		.byte	0
 3048 0bc9 00       		.byte	0
 3049 0bca 18       		.byte	24
 3050 0bcb 00       		.byte	0
 3051 0bcc 24       		.byte	36
 3052 0bcd 80       		.byte	-128
 3053 0bce 03       		.byte	3
 3054 0bcf 00       		.byte	0
 3055 0bd0 00       		.byte	0
 3056 0bd1 00       		.byte	0
 3057 0bd2 00       		.byte	0
 3058 0bd3 00       		.byte	0
 3059 0bd4 00       		.byte	0
 3060 0bd5 00       		.byte	0
 3061 0bd6 00       		.byte	0
 3062 0bd7 00       		.byte	0
 3063 0bd8 00       		.byte	0
 3064 0bd9 00       		.byte	0
 3065 0bda 00       		.byte	0
 3066 0bdb 00       		.byte	0
 3067 0bdc 00       		.byte	0
 3068 0bdd 00       		.byte	0
 3069 0bde 00       		.byte	0
 3070 0bdf 00       		.byte	0
 3071              		.text
 3072              	.Letext0:
 3073              		.file 1 "/usr/include/newlib/machine/_default_types.h"
 3074              		.file 2 "/usr/include/newlib/sys/_stdint.h"
 3075              		.file 3 "User/fonts/fonts.h"
 3076              		.file 4 "User/fonts/font16.c"
ARM GAS  /tmp/cc8LrQgW.s 			page 55


DEFINED SYMBOLS
                            *ABS*:0000000000000000 font16.c
     /tmp/cc8LrQgW.s:22     .data.Font16:0000000000000000 Font16
     /tmp/cc8LrQgW.s:30     .rodata.Font16_Table:0000000000000000 Font16_Table
     /tmp/cc8LrQgW.s:19     .data.Font16:0000000000000000 $d
     /tmp/cc8LrQgW.s:27     .rodata.Font16_Table:0000000000000000 $d

NO UNDEFINED SYMBOLS
