ARM GAS  /tmp/ccqCGXOY.s 			page 1


   1              		.cpu cortex-m3
   2              		.eabi_attribute 20, 1
   3              		.eabi_attribute 21, 1
   4              		.eabi_attribute 23, 3
   5              		.eabi_attribute 24, 1
   6              		.eabi_attribute 25, 1
   7              		.eabi_attribute 26, 1
   8              		.eabi_attribute 30, 1
   9              		.eabi_attribute 34, 1
  10              		.eabi_attribute 18, 4
  11              		.file	"stm32f10x_dbgmcu.c"
  12              		.text
  13              	.Ltext0:
  14              		.cfi_sections	.debug_frame
  15              		.section	.text.DBGMCU_GetREVID,"ax",%progbits
  16              		.align	1
  17              		.global	DBGMCU_GetREVID
  18              		.syntax unified
  19              		.thumb
  20              		.thumb_func
  21              		.fpu softvfp
  23              	DBGMCU_GetREVID:
  24              	.LFB29:
  25              		.file 1 "Libraries/FWlib/src/stm32f10x_dbgmcu.c"
   1:Libraries/FWlib/src/stm32f10x_dbgmcu.c **** /**
   2:Libraries/FWlib/src/stm32f10x_dbgmcu.c ****   ******************************************************************************
   3:Libraries/FWlib/src/stm32f10x_dbgmcu.c ****   * @file    stm32f10x_dbgmcu.c
   4:Libraries/FWlib/src/stm32f10x_dbgmcu.c ****   * @author  MCD Application Team
   5:Libraries/FWlib/src/stm32f10x_dbgmcu.c ****   * @version V3.5.0
   6:Libraries/FWlib/src/stm32f10x_dbgmcu.c ****   * @date    11-March-2011
   7:Libraries/FWlib/src/stm32f10x_dbgmcu.c ****   * @brief   This file provides all the DBGMCU firmware functions.
   8:Libraries/FWlib/src/stm32f10x_dbgmcu.c ****   ******************************************************************************
   9:Libraries/FWlib/src/stm32f10x_dbgmcu.c ****   * @attention
  10:Libraries/FWlib/src/stm32f10x_dbgmcu.c ****   *
  11:Libraries/FWlib/src/stm32f10x_dbgmcu.c ****   * THE PRESENT FIRMWARE WHICH IS FOR GUIDANCE ONLY AIMS AT PROVIDING CUSTOMERS
  12:Libraries/FWlib/src/stm32f10x_dbgmcu.c ****   * WITH CODING INFORMATION REGARDING THEIR PRODUCTS IN ORDER FOR THEM TO SAVE
  13:Libraries/FWlib/src/stm32f10x_dbgmcu.c ****   * TIME. AS A RESULT, STMICROELECTRONICS SHALL NOT BE HELD LIABLE FOR ANY
  14:Libraries/FWlib/src/stm32f10x_dbgmcu.c ****   * DIRECT, INDIRECT OR CONSEQUENTIAL DAMAGES WITH RESPECT TO ANY CLAIMS ARISING
  15:Libraries/FWlib/src/stm32f10x_dbgmcu.c ****   * FROM THE CONTENT OF SUCH FIRMWARE AND/OR THE USE MADE BY CUSTOMERS OF THE
  16:Libraries/FWlib/src/stm32f10x_dbgmcu.c ****   * CODING INFORMATION CONTAINED HEREIN IN CONNECTION WITH THEIR PRODUCTS.
  17:Libraries/FWlib/src/stm32f10x_dbgmcu.c ****   *
  18:Libraries/FWlib/src/stm32f10x_dbgmcu.c ****   * <h2><center>&copy; COPYRIGHT 2011 STMicroelectronics</center></h2>
  19:Libraries/FWlib/src/stm32f10x_dbgmcu.c ****   ******************************************************************************
  20:Libraries/FWlib/src/stm32f10x_dbgmcu.c ****   */
  21:Libraries/FWlib/src/stm32f10x_dbgmcu.c **** 
  22:Libraries/FWlib/src/stm32f10x_dbgmcu.c **** /* Includes ------------------------------------------------------------------*/
  23:Libraries/FWlib/src/stm32f10x_dbgmcu.c **** #include "stm32f10x_dbgmcu.h"
  24:Libraries/FWlib/src/stm32f10x_dbgmcu.c **** 
  25:Libraries/FWlib/src/stm32f10x_dbgmcu.c **** /** @addtogroup STM32F10x_StdPeriph_Driver
  26:Libraries/FWlib/src/stm32f10x_dbgmcu.c ****   * @{
  27:Libraries/FWlib/src/stm32f10x_dbgmcu.c ****   */
  28:Libraries/FWlib/src/stm32f10x_dbgmcu.c **** 
  29:Libraries/FWlib/src/stm32f10x_dbgmcu.c **** /** @defgroup DBGMCU 
  30:Libraries/FWlib/src/stm32f10x_dbgmcu.c ****   * @brief DBGMCU driver modules
  31:Libraries/FWlib/src/stm32f10x_dbgmcu.c ****   * @{
  32:Libraries/FWlib/src/stm32f10x_dbgmcu.c ****   */ 
  33:Libraries/FWlib/src/stm32f10x_dbgmcu.c **** 
ARM GAS  /tmp/ccqCGXOY.s 			page 2


  34:Libraries/FWlib/src/stm32f10x_dbgmcu.c **** /** @defgroup DBGMCU_Private_TypesDefinitions
  35:Libraries/FWlib/src/stm32f10x_dbgmcu.c ****   * @{
  36:Libraries/FWlib/src/stm32f10x_dbgmcu.c ****   */
  37:Libraries/FWlib/src/stm32f10x_dbgmcu.c **** 
  38:Libraries/FWlib/src/stm32f10x_dbgmcu.c **** /**
  39:Libraries/FWlib/src/stm32f10x_dbgmcu.c ****   * @}
  40:Libraries/FWlib/src/stm32f10x_dbgmcu.c ****   */
  41:Libraries/FWlib/src/stm32f10x_dbgmcu.c **** 
  42:Libraries/FWlib/src/stm32f10x_dbgmcu.c **** /** @defgroup DBGMCU_Private_Defines
  43:Libraries/FWlib/src/stm32f10x_dbgmcu.c ****   * @{
  44:Libraries/FWlib/src/stm32f10x_dbgmcu.c ****   */
  45:Libraries/FWlib/src/stm32f10x_dbgmcu.c **** 
  46:Libraries/FWlib/src/stm32f10x_dbgmcu.c **** #define IDCODE_DEVID_MASK    ((uint32_t)0x00000FFF)
  47:Libraries/FWlib/src/stm32f10x_dbgmcu.c **** /**
  48:Libraries/FWlib/src/stm32f10x_dbgmcu.c ****   * @}
  49:Libraries/FWlib/src/stm32f10x_dbgmcu.c ****   */
  50:Libraries/FWlib/src/stm32f10x_dbgmcu.c **** 
  51:Libraries/FWlib/src/stm32f10x_dbgmcu.c **** /** @defgroup DBGMCU_Private_Macros
  52:Libraries/FWlib/src/stm32f10x_dbgmcu.c ****   * @{
  53:Libraries/FWlib/src/stm32f10x_dbgmcu.c ****   */
  54:Libraries/FWlib/src/stm32f10x_dbgmcu.c **** 
  55:Libraries/FWlib/src/stm32f10x_dbgmcu.c **** /**
  56:Libraries/FWlib/src/stm32f10x_dbgmcu.c ****   * @}
  57:Libraries/FWlib/src/stm32f10x_dbgmcu.c ****   */
  58:Libraries/FWlib/src/stm32f10x_dbgmcu.c **** 
  59:Libraries/FWlib/src/stm32f10x_dbgmcu.c **** /** @defgroup DBGMCU_Private_Variables
  60:Libraries/FWlib/src/stm32f10x_dbgmcu.c ****   * @{
  61:Libraries/FWlib/src/stm32f10x_dbgmcu.c ****   */
  62:Libraries/FWlib/src/stm32f10x_dbgmcu.c **** 
  63:Libraries/FWlib/src/stm32f10x_dbgmcu.c **** /**
  64:Libraries/FWlib/src/stm32f10x_dbgmcu.c ****   * @}
  65:Libraries/FWlib/src/stm32f10x_dbgmcu.c ****   */
  66:Libraries/FWlib/src/stm32f10x_dbgmcu.c **** 
  67:Libraries/FWlib/src/stm32f10x_dbgmcu.c **** /** @defgroup DBGMCU_Private_FunctionPrototypes
  68:Libraries/FWlib/src/stm32f10x_dbgmcu.c ****   * @{
  69:Libraries/FWlib/src/stm32f10x_dbgmcu.c ****   */
  70:Libraries/FWlib/src/stm32f10x_dbgmcu.c **** 
  71:Libraries/FWlib/src/stm32f10x_dbgmcu.c **** /**
  72:Libraries/FWlib/src/stm32f10x_dbgmcu.c ****   * @}
  73:Libraries/FWlib/src/stm32f10x_dbgmcu.c ****   */
  74:Libraries/FWlib/src/stm32f10x_dbgmcu.c **** 
  75:Libraries/FWlib/src/stm32f10x_dbgmcu.c **** /** @defgroup DBGMCU_Private_Functions
  76:Libraries/FWlib/src/stm32f10x_dbgmcu.c ****   * @{
  77:Libraries/FWlib/src/stm32f10x_dbgmcu.c ****   */
  78:Libraries/FWlib/src/stm32f10x_dbgmcu.c **** 
  79:Libraries/FWlib/src/stm32f10x_dbgmcu.c **** /**
  80:Libraries/FWlib/src/stm32f10x_dbgmcu.c ****   * @brief  Returns the device revision identifier.
  81:Libraries/FWlib/src/stm32f10x_dbgmcu.c ****   * @param  None
  82:Libraries/FWlib/src/stm32f10x_dbgmcu.c ****   * @retval Device revision identifier
  83:Libraries/FWlib/src/stm32f10x_dbgmcu.c ****   */
  84:Libraries/FWlib/src/stm32f10x_dbgmcu.c **** uint32_t DBGMCU_GetREVID(void)
  85:Libraries/FWlib/src/stm32f10x_dbgmcu.c **** {
  26              		.loc 1 85 0
  27              		.cfi_startproc
  28              		@ args = 0, pretend = 0, frame = 0
  29              		@ frame_needed = 0, uses_anonymous_args = 0
  30              		@ link register save eliminated.
ARM GAS  /tmp/ccqCGXOY.s 			page 3


  86:Libraries/FWlib/src/stm32f10x_dbgmcu.c ****    return(DBGMCU->IDCODE >> 16);
  31              		.loc 1 86 0
  32 0000 014B     		ldr	r3, .L2
  33 0002 1868     		ldr	r0, [r3]
  87:Libraries/FWlib/src/stm32f10x_dbgmcu.c **** }
  34              		.loc 1 87 0
  35 0004 000C     		lsrs	r0, r0, #16
  36 0006 7047     		bx	lr
  37              	.L3:
  38              		.align	2
  39              	.L2:
  40 0008 002004E0 		.word	-536600576
  41              		.cfi_endproc
  42              	.LFE29:
  44              		.section	.text.DBGMCU_GetDEVID,"ax",%progbits
  45              		.align	1
  46              		.global	DBGMCU_GetDEVID
  47              		.syntax unified
  48              		.thumb
  49              		.thumb_func
  50              		.fpu softvfp
  52              	DBGMCU_GetDEVID:
  53              	.LFB30:
  88:Libraries/FWlib/src/stm32f10x_dbgmcu.c **** 
  89:Libraries/FWlib/src/stm32f10x_dbgmcu.c **** /**
  90:Libraries/FWlib/src/stm32f10x_dbgmcu.c ****   * @brief  Returns the device identifier.
  91:Libraries/FWlib/src/stm32f10x_dbgmcu.c ****   * @param  None
  92:Libraries/FWlib/src/stm32f10x_dbgmcu.c ****   * @retval Device identifier
  93:Libraries/FWlib/src/stm32f10x_dbgmcu.c ****   */
  94:Libraries/FWlib/src/stm32f10x_dbgmcu.c **** uint32_t DBGMCU_GetDEVID(void)
  95:Libraries/FWlib/src/stm32f10x_dbgmcu.c **** {
  54              		.loc 1 95 0
  55              		.cfi_startproc
  56              		@ args = 0, pretend = 0, frame = 0
  57              		@ frame_needed = 0, uses_anonymous_args = 0
  58              		@ link register save eliminated.
  96:Libraries/FWlib/src/stm32f10x_dbgmcu.c ****    return(DBGMCU->IDCODE & IDCODE_DEVID_MASK);
  59              		.loc 1 96 0
  60 0000 024B     		ldr	r3, .L5
  61 0002 1868     		ldr	r0, [r3]
  97:Libraries/FWlib/src/stm32f10x_dbgmcu.c **** }
  62              		.loc 1 97 0
  63 0004 C0F30B00 		ubfx	r0, r0, #0, #12
  64 0008 7047     		bx	lr
  65              	.L6:
  66 000a 00BF     		.align	2
  67              	.L5:
  68 000c 002004E0 		.word	-536600576
  69              		.cfi_endproc
  70              	.LFE30:
  72              		.section	.text.DBGMCU_Config,"ax",%progbits
  73              		.align	1
  74              		.global	DBGMCU_Config
  75              		.syntax unified
  76              		.thumb
  77              		.thumb_func
  78              		.fpu softvfp
ARM GAS  /tmp/ccqCGXOY.s 			page 4


  80              	DBGMCU_Config:
  81              	.LFB31:
  98:Libraries/FWlib/src/stm32f10x_dbgmcu.c **** 
  99:Libraries/FWlib/src/stm32f10x_dbgmcu.c **** /**
 100:Libraries/FWlib/src/stm32f10x_dbgmcu.c ****   * @brief  Configures the specified peripheral and low power mode behavior
 101:Libraries/FWlib/src/stm32f10x_dbgmcu.c ****   *   when the MCU under Debug mode.
 102:Libraries/FWlib/src/stm32f10x_dbgmcu.c ****   * @param  DBGMCU_Periph: specifies the peripheral and low power mode.
 103:Libraries/FWlib/src/stm32f10x_dbgmcu.c ****   *   This parameter can be any combination of the following values:
 104:Libraries/FWlib/src/stm32f10x_dbgmcu.c ****   *     @arg DBGMCU_SLEEP: Keep debugger connection during SLEEP mode              
 105:Libraries/FWlib/src/stm32f10x_dbgmcu.c ****   *     @arg DBGMCU_STOP: Keep debugger connection during STOP mode               
 106:Libraries/FWlib/src/stm32f10x_dbgmcu.c ****   *     @arg DBGMCU_STANDBY: Keep debugger connection during STANDBY mode            
 107:Libraries/FWlib/src/stm32f10x_dbgmcu.c ****   *     @arg DBGMCU_IWDG_STOP: Debug IWDG stopped when Core is halted          
 108:Libraries/FWlib/src/stm32f10x_dbgmcu.c ****   *     @arg DBGMCU_WWDG_STOP: Debug WWDG stopped when Core is halted          
 109:Libraries/FWlib/src/stm32f10x_dbgmcu.c ****   *     @arg DBGMCU_TIM1_STOP: TIM1 counter stopped when Core is halted          
 110:Libraries/FWlib/src/stm32f10x_dbgmcu.c ****   *     @arg DBGMCU_TIM2_STOP: TIM2 counter stopped when Core is halted          
 111:Libraries/FWlib/src/stm32f10x_dbgmcu.c ****   *     @arg DBGMCU_TIM3_STOP: TIM3 counter stopped when Core is halted          
 112:Libraries/FWlib/src/stm32f10x_dbgmcu.c ****   *     @arg DBGMCU_TIM4_STOP: TIM4 counter stopped when Core is halted          
 113:Libraries/FWlib/src/stm32f10x_dbgmcu.c ****   *     @arg DBGMCU_CAN1_STOP: Debug CAN2 stopped when Core is halted           
 114:Libraries/FWlib/src/stm32f10x_dbgmcu.c ****   *     @arg DBGMCU_I2C1_SMBUS_TIMEOUT: I2C1 SMBUS timeout mode stopped when Core is halted
 115:Libraries/FWlib/src/stm32f10x_dbgmcu.c ****   *     @arg DBGMCU_I2C2_SMBUS_TIMEOUT: I2C2 SMBUS timeout mode stopped when Core is halted
 116:Libraries/FWlib/src/stm32f10x_dbgmcu.c ****   *     @arg DBGMCU_TIM5_STOP: TIM5 counter stopped when Core is halted          
 117:Libraries/FWlib/src/stm32f10x_dbgmcu.c ****   *     @arg DBGMCU_TIM6_STOP: TIM6 counter stopped when Core is halted          
 118:Libraries/FWlib/src/stm32f10x_dbgmcu.c ****   *     @arg DBGMCU_TIM7_STOP: TIM7 counter stopped when Core is halted          
 119:Libraries/FWlib/src/stm32f10x_dbgmcu.c ****   *     @arg DBGMCU_TIM8_STOP: TIM8 counter stopped when Core is halted
 120:Libraries/FWlib/src/stm32f10x_dbgmcu.c ****   *     @arg DBGMCU_CAN2_STOP: Debug CAN2 stopped when Core is halted 
 121:Libraries/FWlib/src/stm32f10x_dbgmcu.c ****   *     @arg DBGMCU_TIM15_STOP: TIM15 counter stopped when Core is halted
 122:Libraries/FWlib/src/stm32f10x_dbgmcu.c ****   *     @arg DBGMCU_TIM16_STOP: TIM16 counter stopped when Core is halted
 123:Libraries/FWlib/src/stm32f10x_dbgmcu.c ****   *     @arg DBGMCU_TIM17_STOP: TIM17 counter stopped when Core is halted                
 124:Libraries/FWlib/src/stm32f10x_dbgmcu.c ****   *     @arg DBGMCU_TIM9_STOP: TIM9 counter stopped when Core is halted
 125:Libraries/FWlib/src/stm32f10x_dbgmcu.c ****   *     @arg DBGMCU_TIM10_STOP: TIM10 counter stopped when Core is halted
 126:Libraries/FWlib/src/stm32f10x_dbgmcu.c ****   *     @arg DBGMCU_TIM11_STOP: TIM11 counter stopped when Core is halted
 127:Libraries/FWlib/src/stm32f10x_dbgmcu.c ****   *     @arg DBGMCU_TIM12_STOP: TIM12 counter stopped when Core is halted
 128:Libraries/FWlib/src/stm32f10x_dbgmcu.c ****   *     @arg DBGMCU_TIM13_STOP: TIM13 counter stopped when Core is halted
 129:Libraries/FWlib/src/stm32f10x_dbgmcu.c ****   *     @arg DBGMCU_TIM14_STOP: TIM14 counter stopped when Core is halted
 130:Libraries/FWlib/src/stm32f10x_dbgmcu.c ****   * @param  NewState: new state of the specified peripheral in Debug mode.
 131:Libraries/FWlib/src/stm32f10x_dbgmcu.c ****   *   This parameter can be: ENABLE or DISABLE.
 132:Libraries/FWlib/src/stm32f10x_dbgmcu.c ****   * @retval None
 133:Libraries/FWlib/src/stm32f10x_dbgmcu.c ****   */
 134:Libraries/FWlib/src/stm32f10x_dbgmcu.c **** void DBGMCU_Config(uint32_t DBGMCU_Periph, FunctionalState NewState)
 135:Libraries/FWlib/src/stm32f10x_dbgmcu.c **** {
  82              		.loc 1 135 0
  83              		.cfi_startproc
  84              		@ args = 0, pretend = 0, frame = 0
  85              		@ frame_needed = 0, uses_anonymous_args = 0
  86              		@ link register save eliminated.
  87              	.LVL0:
 136:Libraries/FWlib/src/stm32f10x_dbgmcu.c ****   /* Check the parameters */
 137:Libraries/FWlib/src/stm32f10x_dbgmcu.c ****   assert_param(IS_DBGMCU_PERIPH(DBGMCU_Periph));
 138:Libraries/FWlib/src/stm32f10x_dbgmcu.c ****   assert_param(IS_FUNCTIONAL_STATE(NewState));
 139:Libraries/FWlib/src/stm32f10x_dbgmcu.c **** 
 140:Libraries/FWlib/src/stm32f10x_dbgmcu.c ****   if (NewState != DISABLE)
  88              		.loc 1 140 0
  89 0000 29B9     		cbnz	r1, .L10
 141:Libraries/FWlib/src/stm32f10x_dbgmcu.c ****   {
 142:Libraries/FWlib/src/stm32f10x_dbgmcu.c ****     DBGMCU->CR |= DBGMCU_Periph;
 143:Libraries/FWlib/src/stm32f10x_dbgmcu.c ****   }
 144:Libraries/FWlib/src/stm32f10x_dbgmcu.c ****   else
ARM GAS  /tmp/ccqCGXOY.s 			page 5


 145:Libraries/FWlib/src/stm32f10x_dbgmcu.c ****   {
 146:Libraries/FWlib/src/stm32f10x_dbgmcu.c ****     DBGMCU->CR &= ~DBGMCU_Periph;
  90              		.loc 1 146 0
  91 0002 054A     		ldr	r2, .L11
  92 0004 5368     		ldr	r3, [r2, #4]
  93 0006 23EA0000 		bic	r0, r3, r0
  94              	.LVL1:
  95 000a 5060     		str	r0, [r2, #4]
  96 000c 7047     		bx	lr
  97              	.LVL2:
  98              	.L10:
 142:Libraries/FWlib/src/stm32f10x_dbgmcu.c ****   }
  99              		.loc 1 142 0
 100 000e 024A     		ldr	r2, .L11
 101 0010 5368     		ldr	r3, [r2, #4]
 102 0012 1843     		orrs	r0, r0, r3
 103              	.LVL3:
 104 0014 5060     		str	r0, [r2, #4]
 105 0016 7047     		bx	lr
 106              	.L12:
 107              		.align	2
 108              	.L11:
 109 0018 002004E0 		.word	-536600576
 110              		.cfi_endproc
 111              	.LFE31:
 113              		.text
 114              	.Letext0:
 115              		.file 2 "/usr/include/newlib/machine/_default_types.h"
 116              		.file 3 "/usr/include/newlib/sys/_stdint.h"
 117              		.file 4 "Libraries/CMSIS/core_cm3.h"
 118              		.file 5 "Libraries/CMSIS/system_stm32f10x.h"
 119              		.file 6 "Libraries/CMSIS/stm32f10x.h"
ARM GAS  /tmp/ccqCGXOY.s 			page 6


DEFINED SYMBOLS
                            *ABS*:0000000000000000 stm32f10x_dbgmcu.c
     /tmp/ccqCGXOY.s:16     .text.DBGMCU_GetREVID:0000000000000000 $t
     /tmp/ccqCGXOY.s:23     .text.DBGMCU_GetREVID:0000000000000000 DBGMCU_GetREVID
     /tmp/ccqCGXOY.s:40     .text.DBGMCU_GetREVID:0000000000000008 $d
     /tmp/ccqCGXOY.s:45     .text.DBGMCU_GetDEVID:0000000000000000 $t
     /tmp/ccqCGXOY.s:52     .text.DBGMCU_GetDEVID:0000000000000000 DBGMCU_GetDEVID
     /tmp/ccqCGXOY.s:68     .text.DBGMCU_GetDEVID:000000000000000c $d
     /tmp/ccqCGXOY.s:73     .text.DBGMCU_Config:0000000000000000 $t
     /tmp/ccqCGXOY.s:80     .text.DBGMCU_Config:0000000000000000 DBGMCU_Config
     /tmp/ccqCGXOY.s:109    .text.DBGMCU_Config:0000000000000018 $d
                     .debug_frame:0000000000000010 $d

NO UNDEFINED SYMBOLS
