ARM GAS  /tmp/cc8U1sSD.s 			page 1


   1              		.cpu cortex-m3
   2              		.eabi_attribute 20, 1
   3              		.eabi_attribute 21, 1
   4              		.eabi_attribute 23, 3
   5              		.eabi_attribute 24, 1
   6              		.eabi_attribute 25, 1
   7              		.eabi_attribute 26, 1
   8              		.eabi_attribute 30, 1
   9              		.eabi_attribute 34, 1
  10              		.eabi_attribute 18, 4
  11              		.file	"stm32f1xx_hal_iwdg.c"
  12              		.text
  13              	.Ltext0:
  14              		.cfi_sections	.debug_frame
  15              		.section	.text.HAL_IWDG_Init,"ax",%progbits
  16              		.align	1
  17              		.global	HAL_IWDG_Init
  18              		.syntax unified
  19              		.thumb
  20              		.thumb_func
  21              		.fpu softvfp
  23              	HAL_IWDG_Init:
  24              	.LFB64:
  25              		.file 1 "Libraries/STM32F1xx_HAL_Driver/Src/stm32f1xx_hal_iwdg.c"
   1:Libraries/STM32F1xx_HAL_Driver/Src/stm32f1xx_hal_iwdg.c **** /**
   2:Libraries/STM32F1xx_HAL_Driver/Src/stm32f1xx_hal_iwdg.c ****   ******************************************************************************
   3:Libraries/STM32F1xx_HAL_Driver/Src/stm32f1xx_hal_iwdg.c ****   * @file    stm32f1xx_hal_iwdg.c
   4:Libraries/STM32F1xx_HAL_Driver/Src/stm32f1xx_hal_iwdg.c ****   * @author  MCD Application Team
   5:Libraries/STM32F1xx_HAL_Driver/Src/stm32f1xx_hal_iwdg.c ****   * @version V1.1.1
   6:Libraries/STM32F1xx_HAL_Driver/Src/stm32f1xx_hal_iwdg.c ****   * @date    12-May-2017
   7:Libraries/STM32F1xx_HAL_Driver/Src/stm32f1xx_hal_iwdg.c ****   * @brief   IWDG HAL module driver.
   8:Libraries/STM32F1xx_HAL_Driver/Src/stm32f1xx_hal_iwdg.c ****   *          This file provides firmware functions to manage the following
   9:Libraries/STM32F1xx_HAL_Driver/Src/stm32f1xx_hal_iwdg.c ****   *          functionalities of the Independent Watchdog (IWDG) peripheral:
  10:Libraries/STM32F1xx_HAL_Driver/Src/stm32f1xx_hal_iwdg.c ****   *           + Initialization and Start functions
  11:Libraries/STM32F1xx_HAL_Driver/Src/stm32f1xx_hal_iwdg.c ****   *           + IO operation functions
  12:Libraries/STM32F1xx_HAL_Driver/Src/stm32f1xx_hal_iwdg.c ****   *
  13:Libraries/STM32F1xx_HAL_Driver/Src/stm32f1xx_hal_iwdg.c ****   @verbatim
  14:Libraries/STM32F1xx_HAL_Driver/Src/stm32f1xx_hal_iwdg.c ****   ==============================================================================
  15:Libraries/STM32F1xx_HAL_Driver/Src/stm32f1xx_hal_iwdg.c ****                     ##### IWDG Generic features #####
  16:Libraries/STM32F1xx_HAL_Driver/Src/stm32f1xx_hal_iwdg.c ****   ==============================================================================
  17:Libraries/STM32F1xx_HAL_Driver/Src/stm32f1xx_hal_iwdg.c ****   [..]
  18:Libraries/STM32F1xx_HAL_Driver/Src/stm32f1xx_hal_iwdg.c ****     (+) The IWDG can be started by either software or hardware (configurable
  19:Libraries/STM32F1xx_HAL_Driver/Src/stm32f1xx_hal_iwdg.c ****         through option byte).
  20:Libraries/STM32F1xx_HAL_Driver/Src/stm32f1xx_hal_iwdg.c **** 
  21:Libraries/STM32F1xx_HAL_Driver/Src/stm32f1xx_hal_iwdg.c ****     (+) The IWDG is clocked by Low-Speed clock (LSI) and thus stays active even
  22:Libraries/STM32F1xx_HAL_Driver/Src/stm32f1xx_hal_iwdg.c ****         if the main clock fails.
  23:Libraries/STM32F1xx_HAL_Driver/Src/stm32f1xx_hal_iwdg.c **** 
  24:Libraries/STM32F1xx_HAL_Driver/Src/stm32f1xx_hal_iwdg.c ****     (+) Once the IWDG is started, the LSI is forced ON and both can not be 
  25:Libraries/STM32F1xx_HAL_Driver/Src/stm32f1xx_hal_iwdg.c ****         disabled. The counter starts counting down from the reset value (0xFFF).
  26:Libraries/STM32F1xx_HAL_Driver/Src/stm32f1xx_hal_iwdg.c ****         When it reaches the end of count value (0x000) a reset signal is 
  27:Libraries/STM32F1xx_HAL_Driver/Src/stm32f1xx_hal_iwdg.c ****         generated (IWDG reset).
  28:Libraries/STM32F1xx_HAL_Driver/Src/stm32f1xx_hal_iwdg.c **** 
  29:Libraries/STM32F1xx_HAL_Driver/Src/stm32f1xx_hal_iwdg.c ****     (+) Whenever the key value 0x0000 AAAA is written in the IWDG_KR register,
  30:Libraries/STM32F1xx_HAL_Driver/Src/stm32f1xx_hal_iwdg.c ****         the IWDG_RLR value is reloaded in the counter and the watchdog reset is
  31:Libraries/STM32F1xx_HAL_Driver/Src/stm32f1xx_hal_iwdg.c ****         prevented.
  32:Libraries/STM32F1xx_HAL_Driver/Src/stm32f1xx_hal_iwdg.c **** 
  33:Libraries/STM32F1xx_HAL_Driver/Src/stm32f1xx_hal_iwdg.c ****     (+) The IWDG is implemented in the VDD voltage domain that is still functional
ARM GAS  /tmp/cc8U1sSD.s 			page 2


  34:Libraries/STM32F1xx_HAL_Driver/Src/stm32f1xx_hal_iwdg.c ****         in STOP and STANDBY mode (IWDG reset can wake-up from STANDBY).
  35:Libraries/STM32F1xx_HAL_Driver/Src/stm32f1xx_hal_iwdg.c ****         IWDGRST flag in RCC_CSR register can be used to inform when an IWDG
  36:Libraries/STM32F1xx_HAL_Driver/Src/stm32f1xx_hal_iwdg.c ****         reset occurs.
  37:Libraries/STM32F1xx_HAL_Driver/Src/stm32f1xx_hal_iwdg.c **** 
  38:Libraries/STM32F1xx_HAL_Driver/Src/stm32f1xx_hal_iwdg.c ****     (+) Debug mode : When the microcontroller enters debug mode (core halted),
  39:Libraries/STM32F1xx_HAL_Driver/Src/stm32f1xx_hal_iwdg.c ****         the IWDG counter either continues to work normally or stops, depending
  40:Libraries/STM32F1xx_HAL_Driver/Src/stm32f1xx_hal_iwdg.c ****         on DBG_IWDG_STOP configuration bit in DBG module, accessible through
  41:Libraries/STM32F1xx_HAL_Driver/Src/stm32f1xx_hal_iwdg.c ****         __HAL_DBGMCU_FREEZE_IWDG() and __HAL_DBGMCU_UNFREEZE_IWDG() macros
  42:Libraries/STM32F1xx_HAL_Driver/Src/stm32f1xx_hal_iwdg.c **** 
  43:Libraries/STM32F1xx_HAL_Driver/Src/stm32f1xx_hal_iwdg.c ****     [..] Min-max timeout value @32KHz (LSI): ~125us / ~32.7s
  44:Libraries/STM32F1xx_HAL_Driver/Src/stm32f1xx_hal_iwdg.c ****          The IWDG timeout may vary due to LSI frequency dispersion. STM32F1xx
  45:Libraries/STM32F1xx_HAL_Driver/Src/stm32f1xx_hal_iwdg.c ****          devices provide the capability to measure the LSI frequency (LSI clock
  46:Libraries/STM32F1xx_HAL_Driver/Src/stm32f1xx_hal_iwdg.c ****          connected internally to TIM5 CH4 input capture). The measured value
  47:Libraries/STM32F1xx_HAL_Driver/Src/stm32f1xx_hal_iwdg.c ****          can be used to have an IWDG timeout with an acceptable accuracy.
  48:Libraries/STM32F1xx_HAL_Driver/Src/stm32f1xx_hal_iwdg.c **** 
  49:Libraries/STM32F1xx_HAL_Driver/Src/stm32f1xx_hal_iwdg.c ****                      ##### How to use this driver #####
  50:Libraries/STM32F1xx_HAL_Driver/Src/stm32f1xx_hal_iwdg.c ****   ==============================================================================
  51:Libraries/STM32F1xx_HAL_Driver/Src/stm32f1xx_hal_iwdg.c ****   [..]
  52:Libraries/STM32F1xx_HAL_Driver/Src/stm32f1xx_hal_iwdg.c ****     (#) Use IWDG using HAL_IWDG_Init() function to :
  53:Libraries/STM32F1xx_HAL_Driver/Src/stm32f1xx_hal_iwdg.c ****       (++) Enable instance by writing Start keyword in IWDG_KEY register. LSI
  54:Libraries/STM32F1xx_HAL_Driver/Src/stm32f1xx_hal_iwdg.c ****            clock is forced ON and IWDG counter starts downcounting.
  55:Libraries/STM32F1xx_HAL_Driver/Src/stm32f1xx_hal_iwdg.c ****       (++) Enable write access to configuration register: IWDG_PR & IWDG_RLR.
  56:Libraries/STM32F1xx_HAL_Driver/Src/stm32f1xx_hal_iwdg.c ****       (++) Configure the IWDG prescaler and counter reload value. This reload
  57:Libraries/STM32F1xx_HAL_Driver/Src/stm32f1xx_hal_iwdg.c ****            value will be loaded in the IWDG counter each time the watchdog is
  58:Libraries/STM32F1xx_HAL_Driver/Src/stm32f1xx_hal_iwdg.c ****            reloaded, then the IWDG will start counting down from this value.
  59:Libraries/STM32F1xx_HAL_Driver/Src/stm32f1xx_hal_iwdg.c ****       (++) wait for status flags to be reset"
  60:Libraries/STM32F1xx_HAL_Driver/Src/stm32f1xx_hal_iwdg.c **** 
  61:Libraries/STM32F1xx_HAL_Driver/Src/stm32f1xx_hal_iwdg.c ****     (#) Then the application program must refresh the IWDG counter at regular
  62:Libraries/STM32F1xx_HAL_Driver/Src/stm32f1xx_hal_iwdg.c ****         intervals during normal operation to prevent an MCU reset, using
  63:Libraries/STM32F1xx_HAL_Driver/Src/stm32f1xx_hal_iwdg.c ****         HAL_IWDG_Refresh() function.
  64:Libraries/STM32F1xx_HAL_Driver/Src/stm32f1xx_hal_iwdg.c **** 
  65:Libraries/STM32F1xx_HAL_Driver/Src/stm32f1xx_hal_iwdg.c ****      *** IWDG HAL driver macros list ***
  66:Libraries/STM32F1xx_HAL_Driver/Src/stm32f1xx_hal_iwdg.c ****      ====================================
  67:Libraries/STM32F1xx_HAL_Driver/Src/stm32f1xx_hal_iwdg.c ****      [..]
  68:Libraries/STM32F1xx_HAL_Driver/Src/stm32f1xx_hal_iwdg.c ****        Below the list of most used macros in IWDG HAL driver:
  69:Libraries/STM32F1xx_HAL_Driver/Src/stm32f1xx_hal_iwdg.c ****       (+) __HAL_IWDG_START: Enable the IWDG peripheral
  70:Libraries/STM32F1xx_HAL_Driver/Src/stm32f1xx_hal_iwdg.c ****       (+) __HAL_IWDG_RELOAD_COUNTER: Reloads IWDG counter with value defined in
  71:Libraries/STM32F1xx_HAL_Driver/Src/stm32f1xx_hal_iwdg.c ****           the reload register
  72:Libraries/STM32F1xx_HAL_Driver/Src/stm32f1xx_hal_iwdg.c **** 
  73:Libraries/STM32F1xx_HAL_Driver/Src/stm32f1xx_hal_iwdg.c ****   @endverbatim
  74:Libraries/STM32F1xx_HAL_Driver/Src/stm32f1xx_hal_iwdg.c ****   ******************************************************************************
  75:Libraries/STM32F1xx_HAL_Driver/Src/stm32f1xx_hal_iwdg.c ****   * @attention
  76:Libraries/STM32F1xx_HAL_Driver/Src/stm32f1xx_hal_iwdg.c ****   *
  77:Libraries/STM32F1xx_HAL_Driver/Src/stm32f1xx_hal_iwdg.c ****   * <h2><center>&copy; COPYRIGHT(c) 2016 STMicroelectronics</center></h2>
  78:Libraries/STM32F1xx_HAL_Driver/Src/stm32f1xx_hal_iwdg.c ****   *
  79:Libraries/STM32F1xx_HAL_Driver/Src/stm32f1xx_hal_iwdg.c ****   * Redistribution and use in source and binary forms, with or without modification,
  80:Libraries/STM32F1xx_HAL_Driver/Src/stm32f1xx_hal_iwdg.c ****   * are permitted provided that the following conditions are met:
  81:Libraries/STM32F1xx_HAL_Driver/Src/stm32f1xx_hal_iwdg.c ****   *   1. Redistributions of source code must retain the above copyright notice,
  82:Libraries/STM32F1xx_HAL_Driver/Src/stm32f1xx_hal_iwdg.c ****   *      this list of conditions and the following disclaimer.
  83:Libraries/STM32F1xx_HAL_Driver/Src/stm32f1xx_hal_iwdg.c ****   *   2. Redistributions in binary form must reproduce the above copyright notice,
  84:Libraries/STM32F1xx_HAL_Driver/Src/stm32f1xx_hal_iwdg.c ****   *      this list of conditions and the following disclaimer in the documentation
  85:Libraries/STM32F1xx_HAL_Driver/Src/stm32f1xx_hal_iwdg.c ****   *      and/or other materials provided with the distribution
  86:Libraries/STM32F1xx_HAL_Driver/Src/stm32f1xx_hal_iwdg.c ****   *   3. Neither the name of STMicroelectronics nor the names of its contributors
  87:Libraries/STM32F1xx_HAL_Driver/Src/stm32f1xx_hal_iwdg.c ****   *      may be used to endorse or promote products derived from this software
  88:Libraries/STM32F1xx_HAL_Driver/Src/stm32f1xx_hal_iwdg.c ****   *      without specific prior written permission.
  89:Libraries/STM32F1xx_HAL_Driver/Src/stm32f1xx_hal_iwdg.c ****   *
  90:Libraries/STM32F1xx_HAL_Driver/Src/stm32f1xx_hal_iwdg.c ****   * THIS SOFTWARE IS PROVIDED BY THE COPYRIGHT HOLDERS AND CONTRIBUTORS "AS IS"
ARM GAS  /tmp/cc8U1sSD.s 			page 3


  91:Libraries/STM32F1xx_HAL_Driver/Src/stm32f1xx_hal_iwdg.c ****   * AND ANY EXPRESS OR IMPLIED WARRANTIES, INCLUDING, BUT NOT LIMITED TO, THE
  92:Libraries/STM32F1xx_HAL_Driver/Src/stm32f1xx_hal_iwdg.c ****   * IMPLIED WARRANTIES OF MERCHANTABILITY AND FITNESS FOR A PARTICULAR PURPOSE ARE
  93:Libraries/STM32F1xx_HAL_Driver/Src/stm32f1xx_hal_iwdg.c ****   * DISCLAIMED. IN NO EVENT SHALL THE COPYRIGHT HOLDER OR CONTRIBUTORS BE LIABLE
  94:Libraries/STM32F1xx_HAL_Driver/Src/stm32f1xx_hal_iwdg.c ****   * FOR ANY DIRECT, INDIRECT, INCIDENTAL, SPECIAL, EXEMPLARY, OR CONSEQUENTIAL
  95:Libraries/STM32F1xx_HAL_Driver/Src/stm32f1xx_hal_iwdg.c ****   * DAMAGES (INCLUDING, BUT NOT LIMITED TO, PROCUREMENT OF SUBSTITUTE GOODS OR
  96:Libraries/STM32F1xx_HAL_Driver/Src/stm32f1xx_hal_iwdg.c ****   * SERVICES; LOSS OF USE, DATA, OR PROFITS; OR BUSINESS INTERRUPTION) HOWEVER
  97:Libraries/STM32F1xx_HAL_Driver/Src/stm32f1xx_hal_iwdg.c ****   * CAUSED AND ON ANY THEORY OF LIABILITY, WHETHER IN CONTRACT, STRICT LIABILITY,
  98:Libraries/STM32F1xx_HAL_Driver/Src/stm32f1xx_hal_iwdg.c ****   * OR TORT (INCLUDING NEGLIGENCE OR OTHERWISE) ARISING IN ANY WAY OUT OF THE USE
  99:Libraries/STM32F1xx_HAL_Driver/Src/stm32f1xx_hal_iwdg.c ****   * OF THIS SOFTWARE, EVEN IF ADVISED OF THE POSSIBILITY OF SUCH DAMAGE.
 100:Libraries/STM32F1xx_HAL_Driver/Src/stm32f1xx_hal_iwdg.c ****   *
 101:Libraries/STM32F1xx_HAL_Driver/Src/stm32f1xx_hal_iwdg.c ****   ******************************************************************************
 102:Libraries/STM32F1xx_HAL_Driver/Src/stm32f1xx_hal_iwdg.c ****   */
 103:Libraries/STM32F1xx_HAL_Driver/Src/stm32f1xx_hal_iwdg.c **** 
 104:Libraries/STM32F1xx_HAL_Driver/Src/stm32f1xx_hal_iwdg.c **** /* Includes ------------------------------------------------------------------*/
 105:Libraries/STM32F1xx_HAL_Driver/Src/stm32f1xx_hal_iwdg.c **** #include "stm32f1xx_hal.h"
 106:Libraries/STM32F1xx_HAL_Driver/Src/stm32f1xx_hal_iwdg.c **** 
 107:Libraries/STM32F1xx_HAL_Driver/Src/stm32f1xx_hal_iwdg.c **** /** @addtogroup STM32F1xx_HAL_Driver
 108:Libraries/STM32F1xx_HAL_Driver/Src/stm32f1xx_hal_iwdg.c ****   * @{
 109:Libraries/STM32F1xx_HAL_Driver/Src/stm32f1xx_hal_iwdg.c ****   */
 110:Libraries/STM32F1xx_HAL_Driver/Src/stm32f1xx_hal_iwdg.c **** 
 111:Libraries/STM32F1xx_HAL_Driver/Src/stm32f1xx_hal_iwdg.c **** #ifdef HAL_IWDG_MODULE_ENABLED
 112:Libraries/STM32F1xx_HAL_Driver/Src/stm32f1xx_hal_iwdg.c **** /** @defgroup IWDG IWDG
 113:Libraries/STM32F1xx_HAL_Driver/Src/stm32f1xx_hal_iwdg.c ****   * @brief IWDG HAL module driver.
 114:Libraries/STM32F1xx_HAL_Driver/Src/stm32f1xx_hal_iwdg.c ****   * @{
 115:Libraries/STM32F1xx_HAL_Driver/Src/stm32f1xx_hal_iwdg.c ****   */
 116:Libraries/STM32F1xx_HAL_Driver/Src/stm32f1xx_hal_iwdg.c **** 
 117:Libraries/STM32F1xx_HAL_Driver/Src/stm32f1xx_hal_iwdg.c **** /* Private typedef -----------------------------------------------------------*/
 118:Libraries/STM32F1xx_HAL_Driver/Src/stm32f1xx_hal_iwdg.c **** /* Private define ------------------------------------------------------------*/
 119:Libraries/STM32F1xx_HAL_Driver/Src/stm32f1xx_hal_iwdg.c **** /** @defgroup IWDG_Private_Defines IWDG Private Defines
 120:Libraries/STM32F1xx_HAL_Driver/Src/stm32f1xx_hal_iwdg.c ****   * @{
 121:Libraries/STM32F1xx_HAL_Driver/Src/stm32f1xx_hal_iwdg.c ****   */
 122:Libraries/STM32F1xx_HAL_Driver/Src/stm32f1xx_hal_iwdg.c **** /* Status register need 5 RC LSI divided by prescaler clock to be updated. With 
 123:Libraries/STM32F1xx_HAL_Driver/Src/stm32f1xx_hal_iwdg.c ****    higher prescaler (256), and according to HSI variation, we need to wait at
 124:Libraries/STM32F1xx_HAL_Driver/Src/stm32f1xx_hal_iwdg.c ****    least 6 cycles so 48 ms. */
 125:Libraries/STM32F1xx_HAL_Driver/Src/stm32f1xx_hal_iwdg.c **** #define HAL_IWDG_DEFAULT_TIMEOUT            48U
 126:Libraries/STM32F1xx_HAL_Driver/Src/stm32f1xx_hal_iwdg.c **** /**
 127:Libraries/STM32F1xx_HAL_Driver/Src/stm32f1xx_hal_iwdg.c ****   * @}
 128:Libraries/STM32F1xx_HAL_Driver/Src/stm32f1xx_hal_iwdg.c ****   */
 129:Libraries/STM32F1xx_HAL_Driver/Src/stm32f1xx_hal_iwdg.c **** 
 130:Libraries/STM32F1xx_HAL_Driver/Src/stm32f1xx_hal_iwdg.c **** /* Private macro -------------------------------------------------------------*/
 131:Libraries/STM32F1xx_HAL_Driver/Src/stm32f1xx_hal_iwdg.c **** /* Private variables ---------------------------------------------------------*/
 132:Libraries/STM32F1xx_HAL_Driver/Src/stm32f1xx_hal_iwdg.c **** /* Private function prototypes -----------------------------------------------*/
 133:Libraries/STM32F1xx_HAL_Driver/Src/stm32f1xx_hal_iwdg.c **** /* Exported functions --------------------------------------------------------*/
 134:Libraries/STM32F1xx_HAL_Driver/Src/stm32f1xx_hal_iwdg.c **** 
 135:Libraries/STM32F1xx_HAL_Driver/Src/stm32f1xx_hal_iwdg.c **** /** @addtogroup IWDG_Exported_Functions
 136:Libraries/STM32F1xx_HAL_Driver/Src/stm32f1xx_hal_iwdg.c ****   * @{
 137:Libraries/STM32F1xx_HAL_Driver/Src/stm32f1xx_hal_iwdg.c ****   */
 138:Libraries/STM32F1xx_HAL_Driver/Src/stm32f1xx_hal_iwdg.c **** 
 139:Libraries/STM32F1xx_HAL_Driver/Src/stm32f1xx_hal_iwdg.c **** /** @addtogroup IWDG_Exported_Functions_Group1
 140:Libraries/STM32F1xx_HAL_Driver/Src/stm32f1xx_hal_iwdg.c ****   *  @brief    Initialization and Start functions.
 141:Libraries/STM32F1xx_HAL_Driver/Src/stm32f1xx_hal_iwdg.c ****   *
 142:Libraries/STM32F1xx_HAL_Driver/Src/stm32f1xx_hal_iwdg.c **** @verbatim
 143:Libraries/STM32F1xx_HAL_Driver/Src/stm32f1xx_hal_iwdg.c ****  ===============================================================================
 144:Libraries/STM32F1xx_HAL_Driver/Src/stm32f1xx_hal_iwdg.c ****           ##### Initialization and Start functions #####
 145:Libraries/STM32F1xx_HAL_Driver/Src/stm32f1xx_hal_iwdg.c ****  ===============================================================================
 146:Libraries/STM32F1xx_HAL_Driver/Src/stm32f1xx_hal_iwdg.c ****  [..]  This section provides functions allowing to:
 147:Libraries/STM32F1xx_HAL_Driver/Src/stm32f1xx_hal_iwdg.c ****       (+) Initialize the IWDG according to the specified parameters in the
ARM GAS  /tmp/cc8U1sSD.s 			page 4


 148:Libraries/STM32F1xx_HAL_Driver/Src/stm32f1xx_hal_iwdg.c ****           IWDG_InitTypeDef of associated handle.
 149:Libraries/STM32F1xx_HAL_Driver/Src/stm32f1xx_hal_iwdg.c ****       (+) Once initialization is performed in HAL_IWDG_Init function, Watchdog
 150:Libraries/STM32F1xx_HAL_Driver/Src/stm32f1xx_hal_iwdg.c ****           is reloaded in order to exit function with correct time base.
 151:Libraries/STM32F1xx_HAL_Driver/Src/stm32f1xx_hal_iwdg.c **** 
 152:Libraries/STM32F1xx_HAL_Driver/Src/stm32f1xx_hal_iwdg.c **** @endverbatim
 153:Libraries/STM32F1xx_HAL_Driver/Src/stm32f1xx_hal_iwdg.c ****   * @{
 154:Libraries/STM32F1xx_HAL_Driver/Src/stm32f1xx_hal_iwdg.c ****   */
 155:Libraries/STM32F1xx_HAL_Driver/Src/stm32f1xx_hal_iwdg.c **** 
 156:Libraries/STM32F1xx_HAL_Driver/Src/stm32f1xx_hal_iwdg.c **** /**
 157:Libraries/STM32F1xx_HAL_Driver/Src/stm32f1xx_hal_iwdg.c ****   * @brief  Initialize the IWDG according to the specified parameters in the
 158:Libraries/STM32F1xx_HAL_Driver/Src/stm32f1xx_hal_iwdg.c ****   *         IWDG_InitTypeDef and start watchdog. Before exiting function,
 159:Libraries/STM32F1xx_HAL_Driver/Src/stm32f1xx_hal_iwdg.c ****   *         watchdog is refreshed in order to have correct time base.
 160:Libraries/STM32F1xx_HAL_Driver/Src/stm32f1xx_hal_iwdg.c ****   * @param  hiwdg  pointer to a IWDG_HandleTypeDef structure that contains
 161:Libraries/STM32F1xx_HAL_Driver/Src/stm32f1xx_hal_iwdg.c ****   *                the configuration information for the specified IWDG module.
 162:Libraries/STM32F1xx_HAL_Driver/Src/stm32f1xx_hal_iwdg.c ****   * @retval HAL status
 163:Libraries/STM32F1xx_HAL_Driver/Src/stm32f1xx_hal_iwdg.c ****   */
 164:Libraries/STM32F1xx_HAL_Driver/Src/stm32f1xx_hal_iwdg.c **** HAL_StatusTypeDef HAL_IWDG_Init(IWDG_HandleTypeDef *hiwdg)
 165:Libraries/STM32F1xx_HAL_Driver/Src/stm32f1xx_hal_iwdg.c **** {
  26              		.loc 1 165 0
  27              		.cfi_startproc
  28              		@ args = 0, pretend = 0, frame = 0
  29              		@ frame_needed = 0, uses_anonymous_args = 0
  30              	.LVL0:
 166:Libraries/STM32F1xx_HAL_Driver/Src/stm32f1xx_hal_iwdg.c ****   uint32_t tickstart;
 167:Libraries/STM32F1xx_HAL_Driver/Src/stm32f1xx_hal_iwdg.c **** 
 168:Libraries/STM32F1xx_HAL_Driver/Src/stm32f1xx_hal_iwdg.c ****   /* Check the IWDG handle allocation */
 169:Libraries/STM32F1xx_HAL_Driver/Src/stm32f1xx_hal_iwdg.c ****   if(hiwdg == NULL)
  31              		.loc 1 169 0
  32 0000 08B3     		cbz	r0, .L5
 165:Libraries/STM32F1xx_HAL_Driver/Src/stm32f1xx_hal_iwdg.c ****   uint32_t tickstart;
  33              		.loc 1 165 0
  34 0002 38B5     		push	{r3, r4, r5, lr}
  35              	.LCFI0:
  36              		.cfi_def_cfa_offset 16
  37              		.cfi_offset 3, -16
  38              		.cfi_offset 4, -12
  39              		.cfi_offset 5, -8
  40              		.cfi_offset 14, -4
  41 0004 0446     		mov	r4, r0
 170:Libraries/STM32F1xx_HAL_Driver/Src/stm32f1xx_hal_iwdg.c ****   {
 171:Libraries/STM32F1xx_HAL_Driver/Src/stm32f1xx_hal_iwdg.c ****     return HAL_ERROR;
 172:Libraries/STM32F1xx_HAL_Driver/Src/stm32f1xx_hal_iwdg.c ****   }
 173:Libraries/STM32F1xx_HAL_Driver/Src/stm32f1xx_hal_iwdg.c **** 
 174:Libraries/STM32F1xx_HAL_Driver/Src/stm32f1xx_hal_iwdg.c ****   /* Check the parameters */
 175:Libraries/STM32F1xx_HAL_Driver/Src/stm32f1xx_hal_iwdg.c ****   assert_param(IS_IWDG_ALL_INSTANCE(hiwdg->Instance));
 176:Libraries/STM32F1xx_HAL_Driver/Src/stm32f1xx_hal_iwdg.c ****   assert_param(IS_IWDG_PRESCALER(hiwdg->Init.Prescaler));
 177:Libraries/STM32F1xx_HAL_Driver/Src/stm32f1xx_hal_iwdg.c ****   assert_param(IS_IWDG_RELOAD(hiwdg->Init.Reload));
 178:Libraries/STM32F1xx_HAL_Driver/Src/stm32f1xx_hal_iwdg.c **** 
 179:Libraries/STM32F1xx_HAL_Driver/Src/stm32f1xx_hal_iwdg.c ****   /* Enable IWDG. LSI is turned on automaticaly */
 180:Libraries/STM32F1xx_HAL_Driver/Src/stm32f1xx_hal_iwdg.c ****   __HAL_IWDG_START(hiwdg);
  42              		.loc 1 180 0
  43 0006 0368     		ldr	r3, [r0]
  44 0008 4CF6CC42 		movw	r2, #52428
  45 000c 1A60     		str	r2, [r3]
 181:Libraries/STM32F1xx_HAL_Driver/Src/stm32f1xx_hal_iwdg.c **** 
 182:Libraries/STM32F1xx_HAL_Driver/Src/stm32f1xx_hal_iwdg.c ****   /* Enable write access to IWDG_PR and IWDG_RLR registers by writing 0x5555 in KR */
 183:Libraries/STM32F1xx_HAL_Driver/Src/stm32f1xx_hal_iwdg.c ****   IWDG_ENABLE_WRITE_ACCESS(hiwdg);
ARM GAS  /tmp/cc8U1sSD.s 			page 5


  46              		.loc 1 183 0
  47 000e 0368     		ldr	r3, [r0]
  48 0010 45F25552 		movw	r2, #21845
  49 0014 1A60     		str	r2, [r3]
 184:Libraries/STM32F1xx_HAL_Driver/Src/stm32f1xx_hal_iwdg.c **** 
 185:Libraries/STM32F1xx_HAL_Driver/Src/stm32f1xx_hal_iwdg.c ****   /* Write to IWDG registers the Prescaler & Reload values to work with */
 186:Libraries/STM32F1xx_HAL_Driver/Src/stm32f1xx_hal_iwdg.c ****   hiwdg->Instance->PR = hiwdg->Init.Prescaler;
  50              		.loc 1 186 0
  51 0016 0368     		ldr	r3, [r0]
  52 0018 4268     		ldr	r2, [r0, #4]
  53 001a 5A60     		str	r2, [r3, #4]
 187:Libraries/STM32F1xx_HAL_Driver/Src/stm32f1xx_hal_iwdg.c ****   hiwdg->Instance->RLR = hiwdg->Init.Reload;
  54              		.loc 1 187 0
  55 001c 0368     		ldr	r3, [r0]
  56 001e 8268     		ldr	r2, [r0, #8]
  57 0020 9A60     		str	r2, [r3, #8]
 188:Libraries/STM32F1xx_HAL_Driver/Src/stm32f1xx_hal_iwdg.c **** 
 189:Libraries/STM32F1xx_HAL_Driver/Src/stm32f1xx_hal_iwdg.c ****   /* Check pending flag, if previous update not done, return timeout */
 190:Libraries/STM32F1xx_HAL_Driver/Src/stm32f1xx_hal_iwdg.c ****   tickstart = HAL_GetTick();
  58              		.loc 1 190 0
  59 0022 FFF7FEFF 		bl	HAL_GetTick
  60              	.LVL1:
  61 0026 0546     		mov	r5, r0
  62              	.LVL2:
  63              	.L3:
 191:Libraries/STM32F1xx_HAL_Driver/Src/stm32f1xx_hal_iwdg.c **** 
 192:Libraries/STM32F1xx_HAL_Driver/Src/stm32f1xx_hal_iwdg.c ****   /* Wait for register to be updated */
 193:Libraries/STM32F1xx_HAL_Driver/Src/stm32f1xx_hal_iwdg.c ****   while(hiwdg->Instance->SR != RESET)
  64              		.loc 1 193 0
  65 0028 2368     		ldr	r3, [r4]
  66 002a DA68     		ldr	r2, [r3, #12]
  67 002c 32B1     		cbz	r2, .L11
 194:Libraries/STM32F1xx_HAL_Driver/Src/stm32f1xx_hal_iwdg.c ****   {
 195:Libraries/STM32F1xx_HAL_Driver/Src/stm32f1xx_hal_iwdg.c ****     if((HAL_GetTick() - tickstart ) > HAL_IWDG_DEFAULT_TIMEOUT)
  68              		.loc 1 195 0
  69 002e FFF7FEFF 		bl	HAL_GetTick
  70              	.LVL3:
  71 0032 401B     		subs	r0, r0, r5
  72 0034 3028     		cmp	r0, #48
  73 0036 F7D9     		bls	.L3
 196:Libraries/STM32F1xx_HAL_Driver/Src/stm32f1xx_hal_iwdg.c ****     {
 197:Libraries/STM32F1xx_HAL_Driver/Src/stm32f1xx_hal_iwdg.c ****       return HAL_TIMEOUT;
  74              		.loc 1 197 0
  75 0038 0320     		movs	r0, #3
 198:Libraries/STM32F1xx_HAL_Driver/Src/stm32f1xx_hal_iwdg.c ****     }
 199:Libraries/STM32F1xx_HAL_Driver/Src/stm32f1xx_hal_iwdg.c ****   }
 200:Libraries/STM32F1xx_HAL_Driver/Src/stm32f1xx_hal_iwdg.c **** 
 201:Libraries/STM32F1xx_HAL_Driver/Src/stm32f1xx_hal_iwdg.c ****   /* Reload IWDG counter with value defined in the reload register */
 202:Libraries/STM32F1xx_HAL_Driver/Src/stm32f1xx_hal_iwdg.c ****   __HAL_IWDG_RELOAD_COUNTER(hiwdg);
 203:Libraries/STM32F1xx_HAL_Driver/Src/stm32f1xx_hal_iwdg.c **** 
 204:Libraries/STM32F1xx_HAL_Driver/Src/stm32f1xx_hal_iwdg.c ****   /* Return function status */
 205:Libraries/STM32F1xx_HAL_Driver/Src/stm32f1xx_hal_iwdg.c ****   return HAL_OK;
 206:Libraries/STM32F1xx_HAL_Driver/Src/stm32f1xx_hal_iwdg.c **** }
  76              		.loc 1 206 0
  77 003a 38BD     		pop	{r3, r4, r5, pc}
  78              	.LVL4:
  79              	.L11:
ARM GAS  /tmp/cc8U1sSD.s 			page 6


 202:Libraries/STM32F1xx_HAL_Driver/Src/stm32f1xx_hal_iwdg.c **** 
  80              		.loc 1 202 0
  81 003c 4AF6AA22 		movw	r2, #43690
  82 0040 1A60     		str	r2, [r3]
 205:Libraries/STM32F1xx_HAL_Driver/Src/stm32f1xx_hal_iwdg.c **** }
  83              		.loc 1 205 0
  84 0042 0020     		movs	r0, #0
  85 0044 38BD     		pop	{r3, r4, r5, pc}
  86              	.LVL5:
  87              	.L5:
  88              	.LCFI1:
  89              		.cfi_def_cfa_offset 0
  90              		.cfi_restore 3
  91              		.cfi_restore 4
  92              		.cfi_restore 5
  93              		.cfi_restore 14
 171:Libraries/STM32F1xx_HAL_Driver/Src/stm32f1xx_hal_iwdg.c ****   }
  94              		.loc 1 171 0
  95 0046 0120     		movs	r0, #1
  96              	.LVL6:
  97 0048 7047     		bx	lr
  98              		.cfi_endproc
  99              	.LFE64:
 101              		.section	.text.HAL_IWDG_Refresh,"ax",%progbits
 102              		.align	1
 103              		.global	HAL_IWDG_Refresh
 104              		.syntax unified
 105              		.thumb
 106              		.thumb_func
 107              		.fpu softvfp
 109              	HAL_IWDG_Refresh:
 110              	.LFB65:
 207:Libraries/STM32F1xx_HAL_Driver/Src/stm32f1xx_hal_iwdg.c **** 
 208:Libraries/STM32F1xx_HAL_Driver/Src/stm32f1xx_hal_iwdg.c **** /**
 209:Libraries/STM32F1xx_HAL_Driver/Src/stm32f1xx_hal_iwdg.c ****   * @}
 210:Libraries/STM32F1xx_HAL_Driver/Src/stm32f1xx_hal_iwdg.c ****   */
 211:Libraries/STM32F1xx_HAL_Driver/Src/stm32f1xx_hal_iwdg.c **** 
 212:Libraries/STM32F1xx_HAL_Driver/Src/stm32f1xx_hal_iwdg.c **** /** @addtogroup IWDG_Exported_Functions_Group2
 213:Libraries/STM32F1xx_HAL_Driver/Src/stm32f1xx_hal_iwdg.c ****   *  @brief   IO operation functions
 214:Libraries/STM32F1xx_HAL_Driver/Src/stm32f1xx_hal_iwdg.c ****   *
 215:Libraries/STM32F1xx_HAL_Driver/Src/stm32f1xx_hal_iwdg.c **** @verbatim
 216:Libraries/STM32F1xx_HAL_Driver/Src/stm32f1xx_hal_iwdg.c ****  ===============================================================================
 217:Libraries/STM32F1xx_HAL_Driver/Src/stm32f1xx_hal_iwdg.c ****                       ##### IO operation functions #####
 218:Libraries/STM32F1xx_HAL_Driver/Src/stm32f1xx_hal_iwdg.c ****  ===============================================================================
 219:Libraries/STM32F1xx_HAL_Driver/Src/stm32f1xx_hal_iwdg.c ****  [..]  This section provides functions allowing to:
 220:Libraries/STM32F1xx_HAL_Driver/Src/stm32f1xx_hal_iwdg.c ****       (+) Refresh the IWDG.
 221:Libraries/STM32F1xx_HAL_Driver/Src/stm32f1xx_hal_iwdg.c **** 
 222:Libraries/STM32F1xx_HAL_Driver/Src/stm32f1xx_hal_iwdg.c **** @endverbatim
 223:Libraries/STM32F1xx_HAL_Driver/Src/stm32f1xx_hal_iwdg.c ****   * @{
 224:Libraries/STM32F1xx_HAL_Driver/Src/stm32f1xx_hal_iwdg.c ****   */
 225:Libraries/STM32F1xx_HAL_Driver/Src/stm32f1xx_hal_iwdg.c **** 
 226:Libraries/STM32F1xx_HAL_Driver/Src/stm32f1xx_hal_iwdg.c **** /**
 227:Libraries/STM32F1xx_HAL_Driver/Src/stm32f1xx_hal_iwdg.c ****   * @brief  Refresh the IWDG.
 228:Libraries/STM32F1xx_HAL_Driver/Src/stm32f1xx_hal_iwdg.c ****   * @param  hiwdg  pointer to a IWDG_HandleTypeDef structure that contains
 229:Libraries/STM32F1xx_HAL_Driver/Src/stm32f1xx_hal_iwdg.c ****   *                the configuration information for the specified IWDG module.
 230:Libraries/STM32F1xx_HAL_Driver/Src/stm32f1xx_hal_iwdg.c ****   * @retval HAL status
 231:Libraries/STM32F1xx_HAL_Driver/Src/stm32f1xx_hal_iwdg.c ****   */
ARM GAS  /tmp/cc8U1sSD.s 			page 7


 232:Libraries/STM32F1xx_HAL_Driver/Src/stm32f1xx_hal_iwdg.c **** HAL_StatusTypeDef HAL_IWDG_Refresh(IWDG_HandleTypeDef *hiwdg)
 233:Libraries/STM32F1xx_HAL_Driver/Src/stm32f1xx_hal_iwdg.c **** {
 111              		.loc 1 233 0
 112              		.cfi_startproc
 113              		@ args = 0, pretend = 0, frame = 0
 114              		@ frame_needed = 0, uses_anonymous_args = 0
 115              		@ link register save eliminated.
 116              	.LVL7:
 234:Libraries/STM32F1xx_HAL_Driver/Src/stm32f1xx_hal_iwdg.c ****   /* Reload IWDG counter with value defined in the reload register */
 235:Libraries/STM32F1xx_HAL_Driver/Src/stm32f1xx_hal_iwdg.c ****   __HAL_IWDG_RELOAD_COUNTER(hiwdg);
 117              		.loc 1 235 0
 118 0000 0368     		ldr	r3, [r0]
 119 0002 4AF6AA22 		movw	r2, #43690
 120 0006 1A60     		str	r2, [r3]
 236:Libraries/STM32F1xx_HAL_Driver/Src/stm32f1xx_hal_iwdg.c **** 
 237:Libraries/STM32F1xx_HAL_Driver/Src/stm32f1xx_hal_iwdg.c ****   /* Return function status */
 238:Libraries/STM32F1xx_HAL_Driver/Src/stm32f1xx_hal_iwdg.c ****   return HAL_OK;
 239:Libraries/STM32F1xx_HAL_Driver/Src/stm32f1xx_hal_iwdg.c **** }
 121              		.loc 1 239 0
 122 0008 0020     		movs	r0, #0
 123              	.LVL8:
 124 000a 7047     		bx	lr
 125              		.cfi_endproc
 126              	.LFE65:
 128              		.text
 129              	.Letext0:
 130              		.file 2 "/usr/include/newlib/machine/_default_types.h"
 131              		.file 3 "/usr/include/newlib/sys/_stdint.h"
 132              		.file 4 "Libraries/CMSIS/Include/core_cm3.h"
 133              		.file 5 "Libraries/CMSIS/Device/ST/STM32F1xx/Include/system_stm32f1xx.h"
 134              		.file 6 "Libraries/CMSIS/Device/ST/STM32F1xx/Include/stm32f103xe.h"
 135              		.file 7 "/usr/include/newlib/sys/lock.h"
 136              		.file 8 "/usr/include/newlib/sys/_types.h"
 137              		.file 9 "/usr/lib/gcc/arm-none-eabi/6.3.1/include/stddef.h"
 138              		.file 10 "/usr/include/newlib/sys/reent.h"
 139              		.file 11 "Libraries/CMSIS/Device/ST/STM32F1xx/Include/stm32f1xx.h"
 140              		.file 12 "Libraries/STM32F1xx_HAL_Driver/Inc/stm32f1xx_hal_def.h"
 141              		.file 13 "Libraries/STM32F1xx_HAL_Driver/Inc/stm32f1xx_hal_iwdg.h"
 142              		.file 14 "Libraries/STM32F1xx_HAL_Driver/Inc/stm32f1xx_hal.h"
ARM GAS  /tmp/cc8U1sSD.s 			page 8


DEFINED SYMBOLS
                            *ABS*:0000000000000000 stm32f1xx_hal_iwdg.c
     /tmp/cc8U1sSD.s:16     .text.HAL_IWDG_Init:0000000000000000 $t
     /tmp/cc8U1sSD.s:23     .text.HAL_IWDG_Init:0000000000000000 HAL_IWDG_Init
     /tmp/cc8U1sSD.s:102    .text.HAL_IWDG_Refresh:0000000000000000 $t
     /tmp/cc8U1sSD.s:109    .text.HAL_IWDG_Refresh:0000000000000000 HAL_IWDG_Refresh
                     .debug_frame:0000000000000010 $d

UNDEFINED SYMBOLS
HAL_GetTick
