ARM GAS  /tmp/ccEJiXyv.s 			page 1


   1              		.cpu cortex-m3
   2              		.eabi_attribute 20, 1
   3              		.eabi_attribute 21, 1
   4              		.eabi_attribute 23, 3
   5              		.eabi_attribute 24, 1
   6              		.eabi_attribute 25, 1
   7              		.eabi_attribute 26, 1
   8              		.eabi_attribute 30, 1
   9              		.eabi_attribute 34, 1
  10              		.eabi_attribute 18, 4
  11              		.file	"stm32f1xx_it.c"
  12              		.text
  13              	.Ltext0:
  14              		.cfi_sections	.debug_frame
  15              		.section	.text.NMI_Handler,"ax",%progbits
  16              		.align	1
  17              		.global	NMI_Handler
  18              		.syntax unified
  19              		.thumb
  20              		.thumb_func
  21              		.fpu softvfp
  23              	NMI_Handler:
  24              	.LFB64:
  25              		.file 1 "User/stm32f1xx_it.c"
   1:User/stm32f1xx_it.c **** /**
   2:User/stm32f1xx_it.c ****   ******************************************************************************
   3:User/stm32f1xx_it.c ****   * @file    GPIO/GPIO_EXTI/Src/stm32f4xx_it.c 
   4:User/stm32f1xx_it.c ****   * @author  MCD Application Team
   5:User/stm32f1xx_it.c ****   * @brief   Main Interrupt Service Routines.
   6:User/stm32f1xx_it.c ****   *          This file provides template for all exceptions handler and 
   7:User/stm32f1xx_it.c ****   *          peripherals interrupt service routine.
   8:User/stm32f1xx_it.c ****   ******************************************************************************
   9:User/stm32f1xx_it.c ****   * @attention
  10:User/stm32f1xx_it.c ****   *
  11:User/stm32f1xx_it.c ****   * <h2><center>&copy; COPYRIGHT(c) 2017 STMicroelectronics</center></h2>
  12:User/stm32f1xx_it.c ****   *
  13:User/stm32f1xx_it.c ****   * Redistribution and use in source and binary forms, with or without modification,
  14:User/stm32f1xx_it.c ****   * are permitted provided that the following conditions are met:
  15:User/stm32f1xx_it.c ****   *   1. Redistributions of source code must retain the above copyright notice,
  16:User/stm32f1xx_it.c ****   *      this list of conditions and the following disclaimer.
  17:User/stm32f1xx_it.c ****   *   2. Redistributions in binary form must reproduce the above copyright notice,
  18:User/stm32f1xx_it.c ****   *      this list of conditions and the following disclaimer in the documentation
  19:User/stm32f1xx_it.c ****   *      and/or other materials provided with the distribution.
  20:User/stm32f1xx_it.c ****   *   3. Neither the name of STMicroelectronics nor the names of its contributors
  21:User/stm32f1xx_it.c ****   *      may be used to endorse or promote products derived from this software
  22:User/stm32f1xx_it.c ****   *      without specific prior written permission.
  23:User/stm32f1xx_it.c ****   *
  24:User/stm32f1xx_it.c ****   * THIS SOFTWARE IS PROVIDED BY THE COPYRIGHT HOLDERS AND CONTRIBUTORS "AS IS"
  25:User/stm32f1xx_it.c ****   * AND ANY EXPRESS OR IMPLIED WARRANTIES, INCLUDING, BUT NOT LIMITED TO, THE
  26:User/stm32f1xx_it.c ****   * IMPLIED WARRANTIES OF MERCHANTABILITY AND FITNESS FOR A PARTICULAR PURPOSE ARE
  27:User/stm32f1xx_it.c ****   * DISCLAIMED. IN NO EVENT SHALL THE COPYRIGHT HOLDER OR CONTRIBUTORS BE LIABLE
  28:User/stm32f1xx_it.c ****   * FOR ANY DIRECT, INDIRECT, INCIDENTAL, SPECIAL, EXEMPLARY, OR CONSEQUENTIAL
  29:User/stm32f1xx_it.c ****   * DAMAGES (INCLUDING, BUT NOT LIMITED TO, PROCUREMENT OF SUBSTITUTE GOODS OR
  30:User/stm32f1xx_it.c ****   * SERVICES; LOSS OF USE, DATA, OR PROFITS; OR BUSINESS INTERRUPTION) HOWEVER
  31:User/stm32f1xx_it.c ****   * CAUSED AND ON ANY THEORY OF LIABILITY, WHETHER IN CONTRACT, STRICT LIABILITY,
  32:User/stm32f1xx_it.c ****   * OR TORT (INCLUDING NEGLIGENCE OR OTHERWISE) ARISING IN ANY WAY OUT OF THE USE
  33:User/stm32f1xx_it.c ****   * OF THIS SOFTWARE, EVEN IF ADVISED OF THE POSSIBILITY OF SUCH DAMAGE.
ARM GAS  /tmp/ccEJiXyv.s 			page 2


  34:User/stm32f1xx_it.c ****   *
  35:User/stm32f1xx_it.c ****   ******************************************************************************
  36:User/stm32f1xx_it.c ****   */
  37:User/stm32f1xx_it.c **** 
  38:User/stm32f1xx_it.c **** /* Includes ------------------------------------------------------------------*/
  39:User/stm32f1xx_it.c **** #include "main.h"
  40:User/stm32f1xx_it.c **** #include "stm32f1xx_it.h"
  41:User/stm32f1xx_it.c **** #include "./usart/bsp_debug_usart.h"
  42:User/stm32f1xx_it.c **** 
  43:User/stm32f1xx_it.c **** /** @addtogroup STM32F4xx_HAL_Examples
  44:User/stm32f1xx_it.c ****   * @{
  45:User/stm32f1xx_it.c ****   */
  46:User/stm32f1xx_it.c **** 
  47:User/stm32f1xx_it.c **** /** @addtogroup GPIO_EXTI
  48:User/stm32f1xx_it.c ****   * @{
  49:User/stm32f1xx_it.c ****   */
  50:User/stm32f1xx_it.c **** 
  51:User/stm32f1xx_it.c **** /* Private typedef -----------------------------------------------------------*/
  52:User/stm32f1xx_it.c **** /* Private define ------------------------------------------------------------*/
  53:User/stm32f1xx_it.c **** /* Private macro -------------------------------------------------------------*/
  54:User/stm32f1xx_it.c **** /* Private variables ---------------------------------------------------------*/
  55:User/stm32f1xx_it.c **** /* Private function prototypes -----------------------------------------------*/
  56:User/stm32f1xx_it.c **** /* Private functions ---------------------------------------------------------*/
  57:User/stm32f1xx_it.c **** 
  58:User/stm32f1xx_it.c **** /******************************************************************************/
  59:User/stm32f1xx_it.c **** /*            Cortex-M4 Processor Exceptions Handlers                         */
  60:User/stm32f1xx_it.c **** /******************************************************************************/
  61:User/stm32f1xx_it.c **** 
  62:User/stm32f1xx_it.c **** /**
  63:User/stm32f1xx_it.c ****   * @brief  This function handles NMI exception.
  64:User/stm32f1xx_it.c ****   * @param  None
  65:User/stm32f1xx_it.c ****   * @retval None
  66:User/stm32f1xx_it.c ****   */
  67:User/stm32f1xx_it.c **** void NMI_Handler(void)
  68:User/stm32f1xx_it.c **** {
  26              		.loc 1 68 0
  27              		.cfi_startproc
  28              		@ args = 0, pretend = 0, frame = 0
  29              		@ frame_needed = 0, uses_anonymous_args = 0
  30              		@ link register save eliminated.
  31 0000 7047     		bx	lr
  32              		.cfi_endproc
  33              	.LFE64:
  35              		.section	.text.HardFault_Handler,"ax",%progbits
  36              		.align	1
  37              		.global	HardFault_Handler
  38              		.syntax unified
  39              		.thumb
  40              		.thumb_func
  41              		.fpu softvfp
  43              	HardFault_Handler:
  44              	.LFB65:
  69:User/stm32f1xx_it.c **** }
  70:User/stm32f1xx_it.c **** 
  71:User/stm32f1xx_it.c **** /**
  72:User/stm32f1xx_it.c ****   * @brief  This function handles Hard Fault exception.
  73:User/stm32f1xx_it.c ****   * @param  None
ARM GAS  /tmp/ccEJiXyv.s 			page 3


  74:User/stm32f1xx_it.c ****   * @retval None
  75:User/stm32f1xx_it.c ****   */
  76:User/stm32f1xx_it.c **** void HardFault_Handler(void)
  77:User/stm32f1xx_it.c **** {
  45              		.loc 1 77 0
  46              		.cfi_startproc
  47              		@ Volatile: function does not return.
  48              		@ args = 0, pretend = 0, frame = 0
  49              		@ frame_needed = 0, uses_anonymous_args = 0
  50              		@ link register save eliminated.
  51              	.L3:
  52 0000 FEE7     		b	.L3
  53              		.cfi_endproc
  54              	.LFE65:
  56              		.section	.text.MemManage_Handler,"ax",%progbits
  57              		.align	1
  58              		.global	MemManage_Handler
  59              		.syntax unified
  60              		.thumb
  61              		.thumb_func
  62              		.fpu softvfp
  64              	MemManage_Handler:
  65              	.LFB66:
  78:User/stm32f1xx_it.c ****   /* Go to infinite loop when Hard Fault exception occurs */
  79:User/stm32f1xx_it.c ****   while (1)
  80:User/stm32f1xx_it.c ****   {
  81:User/stm32f1xx_it.c ****   }
  82:User/stm32f1xx_it.c **** }
  83:User/stm32f1xx_it.c **** 
  84:User/stm32f1xx_it.c **** /**
  85:User/stm32f1xx_it.c ****   * @brief  This function handles Memory Manage exception.
  86:User/stm32f1xx_it.c ****   * @param  None
  87:User/stm32f1xx_it.c ****   * @retval None
  88:User/stm32f1xx_it.c ****   */
  89:User/stm32f1xx_it.c **** void MemManage_Handler(void)
  90:User/stm32f1xx_it.c **** {
  66              		.loc 1 90 0
  67              		.cfi_startproc
  68              		@ Volatile: function does not return.
  69              		@ args = 0, pretend = 0, frame = 0
  70              		@ frame_needed = 0, uses_anonymous_args = 0
  71              		@ link register save eliminated.
  72              	.L5:
  73 0000 FEE7     		b	.L5
  74              		.cfi_endproc
  75              	.LFE66:
  77              		.section	.text.BusFault_Handler,"ax",%progbits
  78              		.align	1
  79              		.global	BusFault_Handler
  80              		.syntax unified
  81              		.thumb
  82              		.thumb_func
  83              		.fpu softvfp
  85              	BusFault_Handler:
  86              	.LFB67:
  91:User/stm32f1xx_it.c ****   /* Go to infinite loop when Memory Manage exception occurs */
  92:User/stm32f1xx_it.c ****   while (1)
ARM GAS  /tmp/ccEJiXyv.s 			page 4


  93:User/stm32f1xx_it.c ****   {
  94:User/stm32f1xx_it.c ****   }
  95:User/stm32f1xx_it.c **** }
  96:User/stm32f1xx_it.c **** 
  97:User/stm32f1xx_it.c **** /**
  98:User/stm32f1xx_it.c ****   * @brief  This function handles Bus Fault exception.
  99:User/stm32f1xx_it.c ****   * @param  None
 100:User/stm32f1xx_it.c ****   * @retval None
 101:User/stm32f1xx_it.c ****   */
 102:User/stm32f1xx_it.c **** void BusFault_Handler(void)
 103:User/stm32f1xx_it.c **** {
  87              		.loc 1 103 0
  88              		.cfi_startproc
  89              		@ Volatile: function does not return.
  90              		@ args = 0, pretend = 0, frame = 0
  91              		@ frame_needed = 0, uses_anonymous_args = 0
  92              		@ link register save eliminated.
  93              	.L7:
  94 0000 FEE7     		b	.L7
  95              		.cfi_endproc
  96              	.LFE67:
  98              		.section	.text.UsageFault_Handler,"ax",%progbits
  99              		.align	1
 100              		.global	UsageFault_Handler
 101              		.syntax unified
 102              		.thumb
 103              		.thumb_func
 104              		.fpu softvfp
 106              	UsageFault_Handler:
 107              	.LFB68:
 104:User/stm32f1xx_it.c ****   /* Go to infinite loop when Bus Fault exception occurs */
 105:User/stm32f1xx_it.c ****   while (1)
 106:User/stm32f1xx_it.c ****   {
 107:User/stm32f1xx_it.c ****   }
 108:User/stm32f1xx_it.c **** }
 109:User/stm32f1xx_it.c **** 
 110:User/stm32f1xx_it.c **** /**
 111:User/stm32f1xx_it.c ****   * @brief  This function handles Usage Fault exception.
 112:User/stm32f1xx_it.c ****   * @param  None
 113:User/stm32f1xx_it.c ****   * @retval None
 114:User/stm32f1xx_it.c ****   */
 115:User/stm32f1xx_it.c **** void UsageFault_Handler(void)
 116:User/stm32f1xx_it.c **** {
 108              		.loc 1 116 0
 109              		.cfi_startproc
 110              		@ Volatile: function does not return.
 111              		@ args = 0, pretend = 0, frame = 0
 112              		@ frame_needed = 0, uses_anonymous_args = 0
 113              		@ link register save eliminated.
 114              	.L9:
 115 0000 FEE7     		b	.L9
 116              		.cfi_endproc
 117              	.LFE68:
 119              		.section	.text.SVC_Handler,"ax",%progbits
 120              		.align	1
 121              		.global	SVC_Handler
 122              		.syntax unified
ARM GAS  /tmp/ccEJiXyv.s 			page 5


 123              		.thumb
 124              		.thumb_func
 125              		.fpu softvfp
 127              	SVC_Handler:
 128              	.LFB69:
 117:User/stm32f1xx_it.c ****   /* Go to infinite loop when Usage Fault exception occurs */
 118:User/stm32f1xx_it.c ****   while (1)
 119:User/stm32f1xx_it.c ****   {
 120:User/stm32f1xx_it.c ****   }
 121:User/stm32f1xx_it.c **** }
 122:User/stm32f1xx_it.c **** 
 123:User/stm32f1xx_it.c **** /**
 124:User/stm32f1xx_it.c ****   * @brief  This function handles SVCall exception.
 125:User/stm32f1xx_it.c ****   * @param  None
 126:User/stm32f1xx_it.c ****   * @retval None
 127:User/stm32f1xx_it.c ****   */
 128:User/stm32f1xx_it.c **** void SVC_Handler(void)
 129:User/stm32f1xx_it.c **** {
 129              		.loc 1 129 0
 130              		.cfi_startproc
 131              		@ args = 0, pretend = 0, frame = 0
 132              		@ frame_needed = 0, uses_anonymous_args = 0
 133              		@ link register save eliminated.
 134 0000 7047     		bx	lr
 135              		.cfi_endproc
 136              	.LFE69:
 138              		.section	.text.DebugMon_Handler,"ax",%progbits
 139              		.align	1
 140              		.global	DebugMon_Handler
 141              		.syntax unified
 142              		.thumb
 143              		.thumb_func
 144              		.fpu softvfp
 146              	DebugMon_Handler:
 147              	.LFB70:
 130:User/stm32f1xx_it.c **** }
 131:User/stm32f1xx_it.c **** 
 132:User/stm32f1xx_it.c **** /**
 133:User/stm32f1xx_it.c ****   * @brief  This function handles Debug Monitor exception.
 134:User/stm32f1xx_it.c ****   * @param  None
 135:User/stm32f1xx_it.c ****   * @retval None
 136:User/stm32f1xx_it.c ****   */
 137:User/stm32f1xx_it.c **** void DebugMon_Handler(void)
 138:User/stm32f1xx_it.c **** {
 148              		.loc 1 138 0
 149              		.cfi_startproc
 150              		@ args = 0, pretend = 0, frame = 0
 151              		@ frame_needed = 0, uses_anonymous_args = 0
 152              		@ link register save eliminated.
 153 0000 7047     		bx	lr
 154              		.cfi_endproc
 155              	.LFE70:
 157              		.section	.text.PendSV_Handler,"ax",%progbits
 158              		.align	1
 159              		.global	PendSV_Handler
 160              		.syntax unified
 161              		.thumb
ARM GAS  /tmp/ccEJiXyv.s 			page 6


 162              		.thumb_func
 163              		.fpu softvfp
 165              	PendSV_Handler:
 166              	.LFB71:
 139:User/stm32f1xx_it.c **** }
 140:User/stm32f1xx_it.c **** 
 141:User/stm32f1xx_it.c **** /**
 142:User/stm32f1xx_it.c ****   * @brief  This function handles PendSVC exception.
 143:User/stm32f1xx_it.c ****   * @param  None
 144:User/stm32f1xx_it.c ****   * @retval None
 145:User/stm32f1xx_it.c ****   */
 146:User/stm32f1xx_it.c **** void PendSV_Handler(void)
 147:User/stm32f1xx_it.c **** {
 167              		.loc 1 147 0
 168              		.cfi_startproc
 169              		@ args = 0, pretend = 0, frame = 0
 170              		@ frame_needed = 0, uses_anonymous_args = 0
 171              		@ link register save eliminated.
 172 0000 7047     		bx	lr
 173              		.cfi_endproc
 174              	.LFE71:
 176              		.section	.text.SysTick_Handler,"ax",%progbits
 177              		.align	1
 178              		.global	SysTick_Handler
 179              		.syntax unified
 180              		.thumb
 181              		.thumb_func
 182              		.fpu softvfp
 184              	SysTick_Handler:
 185              	.LFB72:
 148:User/stm32f1xx_it.c **** }
 149:User/stm32f1xx_it.c **** 
 150:User/stm32f1xx_it.c **** /**
 151:User/stm32f1xx_it.c ****   * @brief  This function handles SysTick Handler.
 152:User/stm32f1xx_it.c ****   * @param  None
 153:User/stm32f1xx_it.c ****   * @retval None
 154:User/stm32f1xx_it.c ****   */
 155:User/stm32f1xx_it.c **** void SysTick_Handler(void)
 156:User/stm32f1xx_it.c **** {
 186              		.loc 1 156 0
 187              		.cfi_startproc
 188              		@ args = 0, pretend = 0, frame = 0
 189              		@ frame_needed = 0, uses_anonymous_args = 0
 190              		.loc 1 156 0
 191 0000 08B5     		push	{r3, lr}
 192              	.LCFI0:
 193              		.cfi_def_cfa_offset 8
 194              		.cfi_offset 3, -8
 195              		.cfi_offset 14, -4
 157:User/stm32f1xx_it.c ****   HAL_IncTick();
 196              		.loc 1 157 0
 197 0002 FFF7FEFF 		bl	HAL_IncTick
 198              	.LVL0:
 199 0006 08BD     		pop	{r3, pc}
 200              		.cfi_endproc
 201              	.LFE72:
 203              		.section	.text.EXTI0_IRQHandler,"ax",%progbits
ARM GAS  /tmp/ccEJiXyv.s 			page 7


 204              		.align	1
 205              		.global	EXTI0_IRQHandler
 206              		.syntax unified
 207              		.thumb
 208              		.thumb_func
 209              		.fpu softvfp
 211              	EXTI0_IRQHandler:
 212              	.LFB73:
 158:User/stm32f1xx_it.c **** }
 159:User/stm32f1xx_it.c **** 
 160:User/stm32f1xx_it.c **** /******************************************************************************/
 161:User/stm32f1xx_it.c **** /*                 STM32F1xx Peripherals Interrupt Handlers                   */
 162:User/stm32f1xx_it.c **** /*  Add here the Interrupt Handler for the used peripheral(s) (PPP), for the  */
 163:User/stm32f1xx_it.c **** /*  available peripheral interrupt handler's name please refer to the startup */
 164:User/stm32f1xx_it.c **** /*  file (startup_stm32f4xx.s).                                               */
 165:User/stm32f1xx_it.c **** /******************************************************************************/
 166:User/stm32f1xx_it.c **** 
 167:User/stm32f1xx_it.c **** /**
 168:User/stm32f1xx_it.c ****   * @brief  This function handles External line 0 interrupt request.
 169:User/stm32f1xx_it.c ****   * @param  None
 170:User/stm32f1xx_it.c ****   * @retval None
 171:User/stm32f1xx_it.c ****   */
 172:User/stm32f1xx_it.c **** void EXTI0_IRQHandler(void)
 173:User/stm32f1xx_it.c **** {
 213              		.loc 1 173 0
 214              		.cfi_startproc
 215              		@ args = 0, pretend = 0, frame = 0
 216              		@ frame_needed = 0, uses_anonymous_args = 0
 217              		@ link register save eliminated.
 218 0000 7047     		bx	lr
 219              		.cfi_endproc
 220              	.LFE73:
 222              		.text
 223              	.Letext0:
 224              		.file 2 "/usr/include/newlib/machine/_default_types.h"
 225              		.file 3 "/usr/include/newlib/sys/_stdint.h"
 226              		.file 4 "Libraries/CMSIS/Include/core_cm3.h"
 227              		.file 5 "Libraries/CMSIS/Device/ST/STM32F1xx/Include/system_stm32f1xx.h"
 228              		.file 6 "Libraries/CMSIS/Device/ST/STM32F1xx/Include/stm32f103xe.h"
 229              		.file 7 "/usr/include/newlib/sys/lock.h"
 230              		.file 8 "/usr/include/newlib/sys/_types.h"
 231              		.file 9 "/usr/lib/gcc/arm-none-eabi/6.3.1/include/stddef.h"
 232              		.file 10 "/usr/include/newlib/sys/reent.h"
 233              		.file 11 "Libraries/STM32F1xx_HAL_Driver/Inc/stm32f1xx_hal_def.h"
 234              		.file 12 "Libraries/STM32F1xx_HAL_Driver/Inc/stm32f1xx_hal_dma.h"
 235              		.file 13 "Libraries/STM32F1xx_HAL_Driver/Inc/stm32f1xx_hal_uart.h"
 236              		.file 14 "User/./usart/bsp_debug_usart.h"
 237              		.file 15 "Libraries/STM32F1xx_HAL_Driver/Inc/stm32f1xx_hal.h"
ARM GAS  /tmp/ccEJiXyv.s 			page 8


DEFINED SYMBOLS
                            *ABS*:0000000000000000 stm32f1xx_it.c
     /tmp/ccEJiXyv.s:16     .text.NMI_Handler:0000000000000000 $t
     /tmp/ccEJiXyv.s:23     .text.NMI_Handler:0000000000000000 NMI_Handler
     /tmp/ccEJiXyv.s:36     .text.HardFault_Handler:0000000000000000 $t
     /tmp/ccEJiXyv.s:43     .text.HardFault_Handler:0000000000000000 HardFault_Handler
     /tmp/ccEJiXyv.s:57     .text.MemManage_Handler:0000000000000000 $t
     /tmp/ccEJiXyv.s:64     .text.MemManage_Handler:0000000000000000 MemManage_Handler
     /tmp/ccEJiXyv.s:78     .text.BusFault_Handler:0000000000000000 $t
     /tmp/ccEJiXyv.s:85     .text.BusFault_Handler:0000000000000000 BusFault_Handler
     /tmp/ccEJiXyv.s:99     .text.UsageFault_Handler:0000000000000000 $t
     /tmp/ccEJiXyv.s:106    .text.UsageFault_Handler:0000000000000000 UsageFault_Handler
     /tmp/ccEJiXyv.s:120    .text.SVC_Handler:0000000000000000 $t
     /tmp/ccEJiXyv.s:127    .text.SVC_Handler:0000000000000000 SVC_Handler
     /tmp/ccEJiXyv.s:139    .text.DebugMon_Handler:0000000000000000 $t
     /tmp/ccEJiXyv.s:146    .text.DebugMon_Handler:0000000000000000 DebugMon_Handler
     /tmp/ccEJiXyv.s:158    .text.PendSV_Handler:0000000000000000 $t
     /tmp/ccEJiXyv.s:165    .text.PendSV_Handler:0000000000000000 PendSV_Handler
     /tmp/ccEJiXyv.s:177    .text.SysTick_Handler:0000000000000000 $t
     /tmp/ccEJiXyv.s:184    .text.SysTick_Handler:0000000000000000 SysTick_Handler
     /tmp/ccEJiXyv.s:204    .text.EXTI0_IRQHandler:0000000000000000 $t
     /tmp/ccEJiXyv.s:211    .text.EXTI0_IRQHandler:0000000000000000 EXTI0_IRQHandler
                     .debug_frame:0000000000000010 $d

UNDEFINED SYMBOLS
HAL_IncTick
